{"/home/oliver/go/src/github.com/hyperledger/fabric-samples/securitization-chaincode/chaincodes/my_chaincodeTest/lib/securitizationContract.js":{"path":"/home/oliver/go/src/github.com/hyperledger/fabric-samples/securitization-chaincode/chaincodes/my_chaincodeTest/lib/securitizationContract.js","statementMap":{"0":{"start":{"line":3,"column":26},"end":{"line":3,"column":56}},"1":{"start":{"line":9,"column":8},"end":{"line":9,"column":16}},"2":{"start":{"line":13,"column":8},"end":{"line":13,"column":46}},"3":{"start":{"line":17,"column":8},"end":{"line":17,"column":59}},"4":{"start":{"line":21,"column":8},"end":{"line":21,"column":44}},"5":{"start":{"line":26,"column":8},"end":{"line":26,"column":74}},"6":{"start":{"line":31,"column":8},"end":{"line":31,"column":24}},"7":{"start":{"line":35,"column":8},"end":{"line":35,"column":38}},"8":{"start":{"line":39,"column":8},"end":{"line":39,"column":32}},"9":{"start":{"line":43,"column":8},"end":{"line":43,"column":67}},"10":{"start":{"line":52,"column":8},"end":{"line":52,"column":43}},"11":{"start":{"line":60,"column":8},"end":{"line":60,"column":43}},"12":{"start":{"line":68,"column":21},"end":{"line":68,"column":40}},"13":{"start":{"line":77,"column":8},"end":{"line":79,"column":9}},"14":{"start":{"line":78,"column":12},"end":{"line":78,"column":74}},"15":{"start":{"line":80,"column":16},"end":{"line":80,"column":57}},"16":{"start":{"line":81,"column":19},"end":{"line":81,"column":26}},"17":{"start":{"line":82,"column":20},"end":{"line":82,"column":30}},"18":{"start":{"line":85,"column":8},"end":{"line":89,"column":9}},"19":{"start":{"line":85,"column":19},"end":{"line":85,"column":20}},"20":{"start":{"line":86,"column":12},"end":{"line":88,"column":13}},"21":{"start":{"line":87,"column":16},"end":{"line":87,"column":73}},"22":{"start":{"line":107,"column":27},"end":{"line":107,"column":44}},"23":{"start":{"line":109,"column":18},"end":{"line":109,"column":19}},"24":{"start":{"line":110,"column":8},"end":{"line":118,"column":9}},"25":{"start":{"line":110,"column":18},"end":{"line":110,"column":19}},"26":{"start":{"line":111,"column":12},"end":{"line":114,"column":13}},"27":{"start":{"line":112,"column":16},"end":{"line":112,"column":24}},"28":{"start":{"line":113,"column":16},"end":{"line":113,"column":30}},"29":{"start":{"line":115,"column":12},"end":{"line":117,"column":13}},"30":{"start":{"line":116,"column":16},"end":{"line":116,"column":79}},"31":{"start":{"line":119,"column":8},"end":{"line":121,"column":9}},"32":{"start":{"line":120,"column":12},"end":{"line":120,"column":45}},"33":{"start":{"line":123,"column":8},"end":{"line":123,"column":34}},"34":{"start":{"line":124,"column":8},"end":{"line":126,"column":9}},"35":{"start":{"line":125,"column":12},"end":{"line":125,"column":64}},"36":{"start":{"line":127,"column":8},"end":{"line":127,"column":19}},"37":{"start":{"line":133,"column":24},"end":{"line":133,"column":48}},"38":{"start":{"line":135,"column":19},"end":{"line":135,"column":93}},"39":{"start":{"line":137,"column":8},"end":{"line":141,"column":9}},"40":{"start":{"line":140,"column":12},"end":{"line":140,"column":44}},"41":{"start":{"line":143,"column":19},"end":{"line":143,"column":23}},"42":{"start":{"line":144,"column":19},"end":{"line":153,"column":9}},"43":{"start":{"line":155,"column":8},"end":{"line":155,"column":72}},"44":{"start":{"line":156,"column":8},"end":{"line":156,"column":19}},"45":{"start":{"line":160,"column":21},"end":{"line":160,"column":53}},"46":{"start":{"line":161,"column":22},"end":{"line":161,"column":91}},"47":{"start":{"line":163,"column":23},"end":{"line":163,"column":25}},"48":{"start":{"line":164,"column":20},"end":{"line":164,"column":21}},"49":{"start":{"line":166,"column":8},"end":{"line":177,"column":9}},"50":{"start":{"line":167,"column":12},"end":{"line":167,"column":53}},"51":{"start":{"line":169,"column":12},"end":{"line":169,"column":32}},"52":{"start":{"line":170,"column":12},"end":{"line":173,"column":13}},"53":{"start":{"line":171,"column":16},"end":{"line":171,"column":42}},"54":{"start":{"line":172,"column":16},"end":{"line":172,"column":39}},"55":{"start":{"line":174,"column":12},"end":{"line":176,"column":13}},"56":{"start":{"line":175,"column":16},"end":{"line":175,"column":21}},"57":{"start":{"line":178,"column":8},"end":{"line":180,"column":9}},"58":{"start":{"line":179,"column":12},"end":{"line":179,"column":59}},"59":{"start":{"line":181,"column":16},"end":{"line":181,"column":74}},"60":{"start":{"line":182,"column":8},"end":{"line":182,"column":18}},"61":{"start":{"line":190,"column":18},"end":{"line":190,"column":79}},"62":{"start":{"line":191,"column":8},"end":{"line":193,"column":9}},"63":{"start":{"line":192,"column":12},"end":{"line":192,"column":49}},"64":{"start":{"line":194,"column":8},"end":{"line":194,"column":19}},"65":{"start":{"line":198,"column":19},"end":{"line":198,"column":21}},"66":{"start":{"line":199,"column":12},"end":{"line":199,"column":33}},"67":{"start":{"line":200,"column":2},"end":{"line":225,"column":3}},"68":{"start":{"line":201,"column":3},"end":{"line":223,"column":4}},"69":{"start":{"line":202,"column":18},"end":{"line":202,"column":20}},"70":{"start":{"line":204,"column":4},"end":{"line":221,"column":5}},"71":{"start":{"line":205,"column":5},"end":{"line":205,"column":36}},"72":{"start":{"line":206,"column":5},"end":{"line":206,"column":45}},"73":{"start":{"line":207,"column":5},"end":{"line":212,"column":6}},"74":{"start":{"line":208,"column":6},"end":{"line":208,"column":67}},"75":{"start":{"line":211,"column":6},"end":{"line":211,"column":55}},"76":{"start":{"line":214,"column":5},"end":{"line":214,"column":33}},"77":{"start":{"line":215,"column":5},"end":{"line":220,"column":6}},"78":{"start":{"line":216,"column":6},"end":{"line":216,"column":68}},"79":{"start":{"line":219,"column":6},"end":{"line":219,"column":56}},"80":{"start":{"line":222,"column":4},"end":{"line":222,"column":29}},"81":{"start":{"line":224,"column":3},"end":{"line":224,"column":31}},"82":{"start":{"line":226,"column":2},"end":{"line":226,"column":19}},"83":{"start":{"line":227,"column":2},"end":{"line":227,"column":20}},"84":{"start":{"line":232,"column":18},"end":{"line":232,"column":73}},"85":{"start":{"line":233,"column":30},"end":{"line":233,"column":66}},"86":{"start":{"line":234,"column":16},"end":{"line":234,"column":64}},"87":{"start":{"line":235,"column":2},"end":{"line":235,"column":17}},"88":{"start":{"line":244,"column":8},"end":{"line":244,"column":42}},"89":{"start":{"line":247,"column":24},"end":{"line":247,"column":48}},"90":{"start":{"line":248,"column":22},"end":{"line":248,"column":54}},"91":{"start":{"line":250,"column":18},"end":{"line":250,"column":92}},"92":{"start":{"line":253,"column":8},"end":{"line":253,"column":19}},"93":{"start":{"line":255,"column":34},"end":{"line":264,"column":9}},"94":{"start":{"line":265,"column":8},"end":{"line":265,"column":103}},"95":{"start":{"line":266,"column":8},"end":{"line":266,"column":34}},"96":{"start":{"line":271,"column":23},"end":{"line":271,"column":82}},"97":{"start":{"line":272,"column":20},"end":{"line":272,"column":21}},"98":{"start":{"line":275,"column":8},"end":{"line":278,"column":13}},"99":{"start":{"line":276,"column":12},"end":{"line":276,"column":52}},"100":{"start":{"line":277,"column":12},"end":{"line":277,"column":30}},"101":{"start":{"line":279,"column":8},"end":{"line":283,"column":9}},"102":{"start":{"line":280,"column":12},"end":{"line":280,"column":45}},"103":{"start":{"line":281,"column":14},"end":{"line":283,"column":9}},"104":{"start":{"line":282,"column":12},"end":{"line":282,"column":24}},"105":{"start":{"line":284,"column":8},"end":{"line":284,"column":23}},"106":{"start":{"line":289,"column":21},"end":{"line":289,"column":53}},"107":{"start":{"line":290,"column":24},"end":{"line":290,"column":93}},"108":{"start":{"line":291,"column":22},"end":{"line":291,"column":24}},"109":{"start":{"line":293,"column":8},"end":{"line":296,"column":9}},"110":{"start":{"line":294,"column":12},"end":{"line":294,"column":52}},"111":{"start":{"line":295,"column":12},"end":{"line":295,"column":32}},"112":{"start":{"line":297,"column":8},"end":{"line":297,"column":23}},"113":{"start":{"line":302,"column":21},"end":{"line":302,"column":53}},"114":{"start":{"line":303,"column":24},"end":{"line":303,"column":84}},"115":{"start":{"line":304,"column":22},"end":{"line":304,"column":24}},"116":{"start":{"line":306,"column":8},"end":{"line":309,"column":9}},"117":{"start":{"line":307,"column":12},"end":{"line":307,"column":52}},"118":{"start":{"line":308,"column":12},"end":{"line":308,"column":32}},"119":{"start":{"line":310,"column":8},"end":{"line":310,"column":23}},"120":{"start":{"line":319,"column":8},"end":{"line":319,"column":40}},"121":{"start":{"line":322,"column":8},"end":{"line":322,"column":43}},"122":{"start":{"line":325,"column":29},"end":{"line":325,"column":55}},"123":{"start":{"line":326,"column":8},"end":{"line":326,"column":34}},"124":{"start":{"line":327,"column":8},"end":{"line":327,"column":37}},"125":{"start":{"line":328,"column":22},"end":{"line":328,"column":55}},"126":{"start":{"line":329,"column":8},"end":{"line":329,"column":30}},"127":{"start":{"line":330,"column":8},"end":{"line":330,"column":40}},"128":{"start":{"line":332,"column":22},"end":{"line":332,"column":42}},"129":{"start":{"line":333,"column":8},"end":{"line":335,"column":9}},"130":{"start":{"line":334,"column":12},"end":{"line":334,"column":74}},"131":{"start":{"line":336,"column":21},"end":{"line":336,"column":40}},"132":{"start":{"line":338,"column":8},"end":{"line":340,"column":9}},"133":{"start":{"line":339,"column":12},"end":{"line":339,"column":74}},"134":{"start":{"line":341,"column":8},"end":{"line":341,"column":38}},"135":{"start":{"line":342,"column":16},"end":{"line":342,"column":57}},"136":{"start":{"line":343,"column":19},"end":{"line":343,"column":26}},"137":{"start":{"line":344,"column":20},"end":{"line":344,"column":30}},"138":{"start":{"line":346,"column":8},"end":{"line":350,"column":9}},"139":{"start":{"line":346,"column":19},"end":{"line":346,"column":20}},"140":{"start":{"line":347,"column":12},"end":{"line":349,"column":13}},"141":{"start":{"line":348,"column":16},"end":{"line":348,"column":73}},"142":{"start":{"line":351,"column":20},"end":{"line":351,"column":35}},"143":{"start":{"line":352,"column":8},"end":{"line":407,"column":9}},"144":{"start":{"line":354,"column":16},"end":{"line":358,"column":17}},"145":{"start":{"line":355,"column":20},"end":{"line":355,"column":82}},"146":{"start":{"line":357,"column":20},"end":{"line":357,"column":26}},"147":{"start":{"line":360,"column":16},"end":{"line":364,"column":17}},"148":{"start":{"line":361,"column":20},"end":{"line":361,"column":82}},"149":{"start":{"line":363,"column":20},"end":{"line":363,"column":26}},"150":{"start":{"line":366,"column":16},"end":{"line":370,"column":17}},"151":{"start":{"line":367,"column":20},"end":{"line":367,"column":82}},"152":{"start":{"line":369,"column":20},"end":{"line":369,"column":26}},"153":{"start":{"line":372,"column":16},"end":{"line":376,"column":17}},"154":{"start":{"line":373,"column":20},"end":{"line":373,"column":82}},"155":{"start":{"line":375,"column":20},"end":{"line":375,"column":26}},"156":{"start":{"line":378,"column":16},"end":{"line":382,"column":17}},"157":{"start":{"line":379,"column":20},"end":{"line":379,"column":82}},"158":{"start":{"line":381,"column":20},"end":{"line":381,"column":26}},"159":{"start":{"line":384,"column":16},"end":{"line":388,"column":17}},"160":{"start":{"line":385,"column":20},"end":{"line":385,"column":82}},"161":{"start":{"line":387,"column":20},"end":{"line":387,"column":26}},"162":{"start":{"line":390,"column":16},"end":{"line":394,"column":17}},"163":{"start":{"line":391,"column":20},"end":{"line":391,"column":82}},"164":{"start":{"line":393,"column":20},"end":{"line":393,"column":26}},"165":{"start":{"line":396,"column":16},"end":{"line":400,"column":17}},"166":{"start":{"line":397,"column":20},"end":{"line":397,"column":82}},"167":{"start":{"line":399,"column":20},"end":{"line":399,"column":26}},"168":{"start":{"line":402,"column":16},"end":{"line":406,"column":17}},"169":{"start":{"line":403,"column":20},"end":{"line":403,"column":82}},"170":{"start":{"line":405,"column":20},"end":{"line":405,"column":26}},"171":{"start":{"line":423,"column":8},"end":{"line":423,"column":29}},"172":{"start":{"line":424,"column":24},"end":{"line":424,"column":75}},"173":{"start":{"line":425,"column":8},"end":{"line":425,"column":31}},"174":{"start":{"line":426,"column":8},"end":{"line":426,"column":29}},"175":{"start":{"line":427,"column":20},"end":{"line":427,"column":22}},"176":{"start":{"line":428,"column":8},"end":{"line":430,"column":9}},"177":{"start":{"line":429,"column":12},"end":{"line":429,"column":34}},"178":{"start":{"line":431,"column":8},"end":{"line":431,"column":38}},"179":{"start":{"line":432,"column":8},"end":{"line":438,"column":9}},"180":{"start":{"line":433,"column":12},"end":{"line":433,"column":24}},"181":{"start":{"line":434,"column":14},"end":{"line":438,"column":9}},"182":{"start":{"line":435,"column":12},"end":{"line":435,"column":24}},"183":{"start":{"line":437,"column":12},"end":{"line":437,"column":47}},"184":{"start":{"line":448,"column":23},"end":{"line":448,"column":77}},"185":{"start":{"line":449,"column":20},"end":{"line":449,"column":22}},"186":{"start":{"line":450,"column":8},"end":{"line":452,"column":9}},"187":{"start":{"line":451,"column":12},"end":{"line":451,"column":33}},"188":{"start":{"line":453,"column":8},"end":{"line":457,"column":9}},"189":{"start":{"line":454,"column":12},"end":{"line":454,"column":23}},"190":{"start":{"line":456,"column":12},"end":{"line":456,"column":24}},"191":{"start":{"line":468,"column":24},"end":{"line":468,"column":78}},"192":{"start":{"line":469,"column":20},"end":{"line":469,"column":21}},"193":{"start":{"line":471,"column":8},"end":{"line":474,"column":13}},"194":{"start":{"line":472,"column":12},"end":{"line":472,"column":52}},"195":{"start":{"line":473,"column":12},"end":{"line":473,"column":30}},"196":{"start":{"line":475,"column":8},"end":{"line":479,"column":9}},"197":{"start":{"line":476,"column":12},"end":{"line":476,"column":67}},"198":{"start":{"line":477,"column":14},"end":{"line":479,"column":9}},"199":{"start":{"line":478,"column":12},"end":{"line":478,"column":25}},"200":{"start":{"line":480,"column":8},"end":{"line":480,"column":23}},"201":{"start":{"line":494,"column":24},"end":{"line":494,"column":84}},"202":{"start":{"line":495,"column":20},"end":{"line":495,"column":21}},"203":{"start":{"line":498,"column":8},"end":{"line":501,"column":9}},"204":{"start":{"line":499,"column":12},"end":{"line":499,"column":52}},"205":{"start":{"line":500,"column":12},"end":{"line":500,"column":30}},"206":{"start":{"line":502,"column":8},"end":{"line":506,"column":9}},"207":{"start":{"line":503,"column":12},"end":{"line":503,"column":67}},"208":{"start":{"line":504,"column":14},"end":{"line":506,"column":9}},"209":{"start":{"line":505,"column":12},"end":{"line":505,"column":24}},"210":{"start":{"line":507,"column":8},"end":{"line":507,"column":23}},"211":{"start":{"line":518,"column":17},"end":{"line":518,"column":74}},"212":{"start":{"line":519,"column":16},"end":{"line":519,"column":18}},"213":{"start":{"line":520,"column":8},"end":{"line":523,"column":9}},"214":{"start":{"line":521,"column":12},"end":{"line":521,"column":27}},"215":{"start":{"line":522,"column":12},"end":{"line":522,"column":22}},"216":{"start":{"line":524,"column":29},"end":{"line":524,"column":62}},"217":{"start":{"line":525,"column":8},"end":{"line":525,"column":32}},"218":{"start":{"line":526,"column":8},"end":{"line":526,"column":30}},"219":{"start":{"line":527,"column":8},"end":{"line":527,"column":18}},"220":{"start":{"line":539,"column":22},"end":{"line":539,"column":73}},"221":{"start":{"line":541,"column":8},"end":{"line":543,"column":9}},"222":{"start":{"line":542,"column":12},"end":{"line":542,"column":51}},"223":{"start":{"line":544,"column":8},"end":{"line":544,"column":35}},"224":{"start":{"line":552,"column":29},"end":{"line":552,"column":47}},"225":{"start":{"line":553,"column":29},"end":{"line":553,"column":49}},"226":{"start":{"line":554,"column":29},"end":{"line":554,"column":47}},"227":{"start":{"line":556,"column":29},"end":{"line":556,"column":75}},"228":{"start":{"line":558,"column":29},"end":{"line":558,"column":98}},"229":{"start":{"line":558,"column":56},"end":{"line":558,"column":97}},"230":{"start":{"line":559,"column":8},"end":{"line":559,"column":36}},"231":{"start":{"line":577,"column":25},"end":{"line":577,"column":57}},"232":{"start":{"line":578,"column":8},"end":{"line":580,"column":9}},"233":{"start":{"line":579,"column":12},"end":{"line":579,"column":77}},"234":{"start":{"line":581,"column":20},"end":{"line":581,"column":53}},"235":{"start":{"line":583,"column":22},"end":{"line":583,"column":41}},"236":{"start":{"line":586,"column":21},"end":{"line":586,"column":52}},"237":{"start":{"line":587,"column":24},"end":{"line":587,"column":48}},"238":{"start":{"line":589,"column":19},"end":{"line":589,"column":97}},"239":{"start":{"line":590,"column":19},"end":{"line":590,"column":95}},"240":{"start":{"line":592,"column":8},"end":{"line":592,"column":19}},"241":{"start":{"line":593,"column":20},"end":{"line":602,"column":9}},"242":{"start":{"line":603,"column":8},"end":{"line":603,"column":20}},"243":{"start":{"line":604,"column":20},"end":{"line":613,"column":9}},"244":{"start":{"line":615,"column":18},"end":{"line":615,"column":20}},"245":{"start":{"line":616,"column":8},"end":{"line":616,"column":45}},"246":{"start":{"line":617,"column":8},"end":{"line":617,"column":77}},"247":{"start":{"line":618,"column":8},"end":{"line":625,"column":9}},"248":{"start":{"line":619,"column":12},"end":{"line":619,"column":81}},"249":{"start":{"line":620,"column":12},"end":{"line":620,"column":31}},"250":{"start":{"line":621,"column":12},"end":{"line":621,"column":24}},"251":{"start":{"line":623,"column":12},"end":{"line":623,"column":25}},"252":{"start":{"line":624,"column":12},"end":{"line":624,"column":24}},"253":{"start":{"line":631,"column":25},"end":{"line":631,"column":57}},"254":{"start":{"line":632,"column":8},"end":{"line":634,"column":9}},"255":{"start":{"line":633,"column":12},"end":{"line":633,"column":77}},"256":{"start":{"line":635,"column":20},"end":{"line":635,"column":53}},"257":{"start":{"line":637,"column":22},"end":{"line":637,"column":41}},"258":{"start":{"line":642,"column":21},"end":{"line":642,"column":58}},"259":{"start":{"line":643,"column":24},"end":{"line":643,"column":48}},"260":{"start":{"line":645,"column":19},"end":{"line":645,"column":95}},"261":{"start":{"line":646,"column":19},"end":{"line":646,"column":97}},"262":{"start":{"line":648,"column":8},"end":{"line":648,"column":19}},"263":{"start":{"line":649,"column":20},"end":{"line":658,"column":9}},"264":{"start":{"line":660,"column":8},"end":{"line":660,"column":20}},"265":{"start":{"line":661,"column":20},"end":{"line":670,"column":9}},"266":{"start":{"line":672,"column":8},"end":{"line":672,"column":20}},"267":{"start":{"line":673,"column":20},"end":{"line":682,"column":9}},"268":{"start":{"line":685,"column":18},"end":{"line":685,"column":20}},"269":{"start":{"line":686,"column":8},"end":{"line":686,"column":45}},"270":{"start":{"line":687,"column":8},"end":{"line":687,"column":77}},"271":{"start":{"line":688,"column":8},"end":{"line":688,"column":77}},"272":{"start":{"line":689,"column":8},"end":{"line":696,"column":9}},"273":{"start":{"line":690,"column":12},"end":{"line":690,"column":81}},"274":{"start":{"line":691,"column":12},"end":{"line":691,"column":37}},"275":{"start":{"line":692,"column":12},"end":{"line":692,"column":24}},"276":{"start":{"line":694,"column":12},"end":{"line":694,"column":31}},"277":{"start":{"line":695,"column":12},"end":{"line":695,"column":24}},"278":{"start":{"line":705,"column":22},"end":{"line":705,"column":54}},"279":{"start":{"line":706,"column":19},"end":{"line":706,"column":56}},"280":{"start":{"line":707,"column":22},"end":{"line":707,"column":46}},"281":{"start":{"line":708,"column":15},"end":{"line":708,"column":81}},"282":{"start":{"line":709,"column":28},"end":{"line":709,"column":55}},"283":{"start":{"line":711,"column":8},"end":{"line":721,"column":9}},"284":{"start":{"line":712,"column":12},"end":{"line":718,"column":14}},"285":{"start":{"line":720,"column":12},"end":{"line":720,"column":66}},"286":{"start":{"line":723,"column":28},"end":{"line":723,"column":67}},"287":{"start":{"line":725,"column":8},"end":{"line":725,"column":47}},"288":{"start":{"line":726,"column":8},"end":{"line":726,"column":45}},"289":{"start":{"line":728,"column":8},"end":{"line":728,"column":59}},"290":{"start":{"line":729,"column":8},"end":{"line":729,"column":25}},"291":{"start":{"line":734,"column":22},"end":{"line":734,"column":77}},"292":{"start":{"line":735,"column":20},"end":{"line":735,"column":22}},"293":{"start":{"line":736,"column":8},"end":{"line":738,"column":9}},"294":{"start":{"line":737,"column":12},"end":{"line":737,"column":58}},"295":{"start":{"line":739,"column":8},"end":{"line":739,"column":22}},"296":{"start":{"line":749,"column":22},"end":{"line":749,"column":54}},"297":{"start":{"line":751,"column":26},"end":{"line":751,"column":117}},"298":{"start":{"line":752,"column":30},"end":{"line":752,"column":68}},"299":{"start":{"line":753,"column":8},"end":{"line":755,"column":9}},"300":{"start":{"line":754,"column":12},"end":{"line":754,"column":82}},"301":{"start":{"line":756,"column":23},"end":{"line":756,"column":63}},"302":{"start":{"line":757,"column":8},"end":{"line":759,"column":9}},"303":{"start":{"line":758,"column":12},"end":{"line":758,"column":67}},"304":{"start":{"line":760,"column":23},"end":{"line":760,"column":40}},"305":{"start":{"line":764,"column":24},"end":{"line":764,"column":48}},"306":{"start":{"line":767,"column":20},"end":{"line":767,"column":83}},"307":{"start":{"line":770,"column":34},"end":{"line":770,"column":70}},"308":{"start":{"line":771,"column":8},"end":{"line":773,"column":9}},"309":{"start":{"line":772,"column":12},"end":{"line":772,"column":90}},"310":{"start":{"line":777,"column":19},"end":{"line":777,"column":52}},"311":{"start":{"line":778,"column":18},"end":{"line":778,"column":19}},"312":{"start":{"line":779,"column":20},"end":{"line":779,"column":22}},"313":{"start":{"line":780,"column":20},"end":{"line":780,"column":24}},"314":{"start":{"line":782,"column":38},"end":{"line":782,"column":82}},"315":{"start":{"line":783,"column":29},"end":{"line":783,"column":51}},"316":{"start":{"line":785,"column":23},"end":{"line":785,"column":38}},"317":{"start":{"line":787,"column":28},"end":{"line":787,"column":62}},"318":{"start":{"line":790,"column":22},"end":{"line":790,"column":24}},"319":{"start":{"line":791,"column":20},"end":{"line":791,"column":22}},"320":{"start":{"line":792,"column":22},"end":{"line":792,"column":24}},"321":{"start":{"line":793,"column":29},"end":{"line":793,"column":31}},"322":{"start":{"line":795,"column":34},"end":{"line":795,"column":36}},"323":{"start":{"line":796,"column":25},"end":{"line":796,"column":27}},"324":{"start":{"line":797,"column":33},"end":{"line":797,"column":35}},"325":{"start":{"line":798,"column":33},"end":{"line":798,"column":35}},"326":{"start":{"line":800,"column":31},"end":{"line":800,"column":33}},"327":{"start":{"line":801,"column":59},"end":{"line":801,"column":61}},"328":{"start":{"line":802,"column":36},"end":{"line":802,"column":38}},"329":{"start":{"line":803,"column":36},"end":{"line":803,"column":38}},"330":{"start":{"line":804,"column":69},"end":{"line":804,"column":71}},"331":{"start":{"line":805,"column":48},"end":{"line":805,"column":50}},"332":{"start":{"line":806,"column":37},"end":{"line":806,"column":39}},"333":{"start":{"line":807,"column":30},"end":{"line":807,"column":32}},"334":{"start":{"line":808,"column":29},"end":{"line":808,"column":31}},"335":{"start":{"line":809,"column":33},"end":{"line":809,"column":35}},"336":{"start":{"line":810,"column":25},"end":{"line":810,"column":27}},"337":{"start":{"line":811,"column":33},"end":{"line":811,"column":36}},"338":{"start":{"line":814,"column":41},"end":{"line":814,"column":43}},"339":{"start":{"line":815,"column":45},"end":{"line":815,"column":47}},"340":{"start":{"line":816,"column":30},"end":{"line":816,"column":32}},"341":{"start":{"line":817,"column":35},"end":{"line":817,"column":37}},"342":{"start":{"line":818,"column":34},"end":{"line":818,"column":36}},"343":{"start":{"line":819,"column":39},"end":{"line":819,"column":41}},"344":{"start":{"line":820,"column":43},"end":{"line":820,"column":45}},"345":{"start":{"line":821,"column":33},"end":{"line":821,"column":35}},"346":{"start":{"line":822,"column":43},"end":{"line":822,"column":45}},"347":{"start":{"line":823,"column":44},"end":{"line":823,"column":46}},"348":{"start":{"line":824,"column":32},"end":{"line":824,"column":34}},"349":{"start":{"line":825,"column":42},"end":{"line":825,"column":44}},"350":{"start":{"line":826,"column":35},"end":{"line":826,"column":37}},"351":{"start":{"line":827,"column":33},"end":{"line":827,"column":35}},"352":{"start":{"line":828,"column":37},"end":{"line":828,"column":39}},"353":{"start":{"line":829,"column":34},"end":{"line":829,"column":36}},"354":{"start":{"line":830,"column":39},"end":{"line":830,"column":41}},"355":{"start":{"line":831,"column":51},"end":{"line":831,"column":53}},"356":{"start":{"line":832,"column":35},"end":{"line":832,"column":37}},"357":{"start":{"line":833,"column":36},"end":{"line":833,"column":38}},"358":{"start":{"line":834,"column":49},"end":{"line":834,"column":51}},"359":{"start":{"line":835,"column":44},"end":{"line":835,"column":46}},"360":{"start":{"line":836,"column":37},"end":{"line":836,"column":39}},"361":{"start":{"line":837,"column":38},"end":{"line":837,"column":40}},"362":{"start":{"line":838,"column":41},"end":{"line":838,"column":43}},"363":{"start":{"line":839,"column":51},"end":{"line":839,"column":53}},"364":{"start":{"line":840,"column":34},"end":{"line":840,"column":36}},"365":{"start":{"line":841,"column":30},"end":{"line":841,"column":32}},"366":{"start":{"line":842,"column":38},"end":{"line":842,"column":40}},"367":{"start":{"line":843,"column":42},"end":{"line":843,"column":44}},"368":{"start":{"line":844,"column":34},"end":{"line":844,"column":48}},"369":{"start":{"line":845,"column":38},"end":{"line":845,"column":40}},"370":{"start":{"line":846,"column":24},"end":{"line":846,"column":29}},"371":{"start":{"line":847,"column":33},"end":{"line":847,"column":35}},"372":{"start":{"line":848,"column":34},"end":{"line":848,"column":36}},"373":{"start":{"line":849,"column":36},"end":{"line":849,"column":38}},"374":{"start":{"line":850,"column":37},"end":{"line":850,"column":39}},"375":{"start":{"line":854,"column":18},"end":{"line":932,"column":9}},"376":{"start":{"line":897,"column":20},"end":{"line":899,"column":21}},"377":{"start":{"line":898,"column":24},"end":{"line":898,"column":32}},"378":{"start":{"line":900,"column":20},"end":{"line":900,"column":30}},"379":{"start":{"line":934,"column":28},"end":{"line":934,"column":60}},"380":{"start":{"line":937,"column":8},"end":{"line":937,"column":47}},"381":{"start":{"line":938,"column":8},"end":{"line":938,"column":46}},"382":{"start":{"line":941,"column":8},"end":{"line":941,"column":51}},"383":{"start":{"line":942,"column":8},"end":{"line":942,"column":49}},"384":{"start":{"line":943,"column":8},"end":{"line":943,"column":18}},"385":{"start":{"line":949,"column":22},"end":{"line":949,"column":54}},"386":{"start":{"line":950,"column":16},"end":{"line":950,"column":79}},"387":{"start":{"line":951,"column":8},"end":{"line":951,"column":18}},"388":{"start":{"line":959,"column":22},"end":{"line":959,"column":54}},"389":{"start":{"line":960,"column":8},"end":{"line":960,"column":27}},"390":{"start":{"line":961,"column":24},"end":{"line":961,"column":79}},"391":{"start":{"line":962,"column":8},"end":{"line":962,"column":30}},"392":{"start":{"line":963,"column":23},"end":{"line":963,"column":57}},"393":{"start":{"line":964,"column":8},"end":{"line":966,"column":9}},"394":{"start":{"line":965,"column":12},"end":{"line":965,"column":77}},"395":{"start":{"line":967,"column":18},"end":{"line":967,"column":49}},"396":{"start":{"line":972,"column":8},"end":{"line":974,"column":9}},"397":{"start":{"line":973,"column":12},"end":{"line":973,"column":74}},"398":{"start":{"line":977,"column":8},"end":{"line":979,"column":9}},"399":{"start":{"line":978,"column":12},"end":{"line":978,"column":64}},"400":{"start":{"line":982,"column":8},"end":{"line":982,"column":26}},"401":{"start":{"line":984,"column":17},"end":{"line":984,"column":50}},"402":{"start":{"line":987,"column":8},"end":{"line":987,"column":46}},"403":{"start":{"line":989,"column":28},"end":{"line":989,"column":60}},"404":{"start":{"line":992,"column":8},"end":{"line":992,"column":47}},"405":{"start":{"line":993,"column":8},"end":{"line":993,"column":45}},"406":{"start":{"line":994,"column":8},"end":{"line":994,"column":55}},"407":{"start":{"line":995,"column":8},"end":{"line":995,"column":18}},"408":{"start":{"line":1002,"column":24},"end":{"line":1002,"column":48}},"409":{"start":{"line":1003,"column":24},"end":{"line":1003,"column":83}},"410":{"start":{"line":1004,"column":23},"end":{"line":1004,"column":57}},"411":{"start":{"line":1005,"column":8},"end":{"line":1005,"column":31}},"412":{"start":{"line":1006,"column":8},"end":{"line":1006,"column":30}},"413":{"start":{"line":1007,"column":8},"end":{"line":1007,"column":26}},"414":{"start":{"line":1009,"column":8},"end":{"line":1011,"column":9}},"415":{"start":{"line":1010,"column":12},"end":{"line":1010,"column":75}},"416":{"start":{"line":1012,"column":18},"end":{"line":1012,"column":49}},"417":{"start":{"line":1013,"column":22},"end":{"line":1013,"column":54}},"418":{"start":{"line":1014,"column":8},"end":{"line":1016,"column":9}},"419":{"start":{"line":1015,"column":9},"end":{"line":1015,"column":89}},"420":{"start":{"line":1017,"column":8},"end":{"line":1019,"column":9}},"421":{"start":{"line":1018,"column":12},"end":{"line":1018,"column":60}},"422":{"start":{"line":1020,"column":8},"end":{"line":1022,"column":9}},"423":{"start":{"line":1021,"column":12},"end":{"line":1021,"column":67}},"424":{"start":{"line":1024,"column":8},"end":{"line":1024,"column":38}},"425":{"start":{"line":1028,"column":27},"end":{"line":1028,"column":67}},"426":{"start":{"line":1029,"column":17},"end":{"line":1029,"column":50}},"427":{"start":{"line":1031,"column":8},"end":{"line":1056,"column":9}},"428":{"start":{"line":1032,"column":12},"end":{"line":1032,"column":36}},"429":{"start":{"line":1033,"column":12},"end":{"line":1040,"column":13}},"430":{"start":{"line":1041,"column":12},"end":{"line":1041,"column":37}},"431":{"start":{"line":1042,"column":12},"end":{"line":1042,"column":40}},"432":{"start":{"line":1043,"column":12},"end":{"line":1043,"column":78}},"433":{"start":{"line":1045,"column":12},"end":{"line":1045,"column":83}},"434":{"start":{"line":1047,"column":12},"end":{"line":1047,"column":38}},"435":{"start":{"line":1048,"column":12},"end":{"line":1048,"column":75}},"436":{"start":{"line":1050,"column":12},"end":{"line":1050,"column":37}},"437":{"start":{"line":1051,"column":12},"end":{"line":1051,"column":40}},"438":{"start":{"line":1052,"column":12},"end":{"line":1052,"column":50}},"439":{"start":{"line":1053,"column":12},"end":{"line":1053,"column":52}},"440":{"start":{"line":1054,"column":12},"end":{"line":1054,"column":78}},"441":{"start":{"line":1055,"column":12},"end":{"line":1055,"column":83}},"442":{"start":{"line":1057,"column":24},"end":{"line":1057,"column":57}},"443":{"start":{"line":1058,"column":8},"end":{"line":1058,"column":47}},"444":{"start":{"line":1059,"column":8},"end":{"line":1059,"column":49}},"445":{"start":{"line":1060,"column":8},"end":{"line":1060,"column":19}},"446":{"start":{"line":1090,"column":30},"end":{"line":1100,"column":9}},"447":{"start":{"line":1102,"column":21},"end":{"line":1102,"column":53}},"448":{"start":{"line":1103,"column":24},"end":{"line":1103,"column":79}},"449":{"start":{"line":1104,"column":23},"end":{"line":1104,"column":57}},"450":{"start":{"line":1105,"column":8},"end":{"line":1107,"column":9}},"451":{"start":{"line":1106,"column":12},"end":{"line":1106,"column":71}},"452":{"start":{"line":1108,"column":18},"end":{"line":1108,"column":49}},"453":{"start":{"line":1110,"column":8},"end":{"line":1112,"column":9}},"454":{"start":{"line":1111,"column":12},"end":{"line":1111,"column":68}},"455":{"start":{"line":1115,"column":8},"end":{"line":1117,"column":9}},"456":{"start":{"line":1116,"column":12},"end":{"line":1116,"column":60}},"457":{"start":{"line":1119,"column":8},"end":{"line":1121,"column":9}},"458":{"start":{"line":1120,"column":12},"end":{"line":1120,"column":73}},"459":{"start":{"line":1122,"column":18},"end":{"line":1122,"column":51}},"460":{"start":{"line":1123,"column":23},"end":{"line":1123,"column":97}},"461":{"start":{"line":1123,"column":56},"end":{"line":1123,"column":95}},"462":{"start":{"line":1125,"column":8},"end":{"line":1132,"column":9}},"463":{"start":{"line":1126,"column":12},"end":{"line":1126,"column":86}},"464":{"start":{"line":1129,"column":12},"end":{"line":1129,"column":56}},"465":{"start":{"line":1130,"column":12},"end":{"line":1130,"column":56}},"466":{"start":{"line":1131,"column":12},"end":{"line":1131,"column":50}},"467":{"start":{"line":1134,"column":8},"end":{"line":1134,"column":46}},"468":{"start":{"line":1135,"column":8},"end":{"line":1135,"column":40}},"469":{"start":{"line":1136,"column":8},"end":{"line":1136,"column":42}},"470":{"start":{"line":1137,"column":28},"end":{"line":1137,"column":60}},"471":{"start":{"line":1138,"column":8},"end":{"line":1138,"column":55}},"472":{"start":{"line":1139,"column":8},"end":{"line":1139,"column":54}},"473":{"start":{"line":1140,"column":8},"end":{"line":1140,"column":47}},"474":{"start":{"line":1141,"column":8},"end":{"line":1141,"column":18}},"475":{"start":{"line":1191,"column":20},"end":{"line":1191,"column":52}},"476":{"start":{"line":1193,"column":24},"end":{"line":1193,"column":83}},"477":{"start":{"line":1194,"column":23},"end":{"line":1194,"column":57}},"478":{"start":{"line":1195,"column":8},"end":{"line":1197,"column":9}},"479":{"start":{"line":1196,"column":12},"end":{"line":1196,"column":72}},"480":{"start":{"line":1198,"column":16},"end":{"line":1198,"column":47}},"481":{"start":{"line":1200,"column":8},"end":{"line":1202,"column":9}},"482":{"start":{"line":1201,"column":12},"end":{"line":1201,"column":74}},"483":{"start":{"line":1203,"column":8},"end":{"line":1205,"column":9}},"484":{"start":{"line":1204,"column":12},"end":{"line":1204,"column":60}},"485":{"start":{"line":1207,"column":21},"end":{"line":1207,"column":50}},"486":{"start":{"line":1209,"column":17},"end":{"line":1209,"column":50}},"487":{"start":{"line":1210,"column":8},"end":{"line":1210,"column":46}},"488":{"start":{"line":1214,"column":8},"end":{"line":1216,"column":9}},"489":{"start":{"line":1215,"column":12},"end":{"line":1215,"column":37}},"490":{"start":{"line":1218,"column":8},"end":{"line":1222,"column":9}},"491":{"start":{"line":1219,"column":12},"end":{"line":1219,"column":33}},"492":{"start":{"line":1221,"column":12},"end":{"line":1221,"column":34}},"493":{"start":{"line":1224,"column":8},"end":{"line":1224,"column":43}},"494":{"start":{"line":1225,"column":8},"end":{"line":1225,"column":41}},"495":{"start":{"line":1226,"column":8},"end":{"line":1226,"column":43}},"496":{"start":{"line":1227,"column":8},"end":{"line":1227,"column":44}},"497":{"start":{"line":1228,"column":8},"end":{"line":1228,"column":33}},"498":{"start":{"line":1229,"column":8},"end":{"line":1229,"column":29}},"499":{"start":{"line":1230,"column":25},"end":{"line":1230,"column":57}},"500":{"start":{"line":1231,"column":8},"end":{"line":1231,"column":53}},"501":{"start":{"line":1232,"column":8},"end":{"line":1232,"column":47}},"502":{"start":{"line":1233,"column":8},"end":{"line":1233,"column":45}},"503":{"start":{"line":1234,"column":8},"end":{"line":1234,"column":18}},"504":{"start":{"line":1244,"column":22},"end":{"line":1244,"column":54}},"505":{"start":{"line":1245,"column":24},"end":{"line":1245,"column":79}},"506":{"start":{"line":1246,"column":27},"end":{"line":1246,"column":99}},"507":{"start":{"line":1247,"column":25},"end":{"line":1247,"column":69}},"508":{"start":{"line":1248,"column":8},"end":{"line":1250,"column":9}},"509":{"start":{"line":1249,"column":12},"end":{"line":1249,"column":82}},"510":{"start":{"line":1251,"column":20},"end":{"line":1251,"column":53}},"511":{"start":{"line":1253,"column":8},"end":{"line":1255,"column":9}},"512":{"start":{"line":1254,"column":12},"end":{"line":1254,"column":164}},"513":{"start":{"line":1258,"column":25},"end":{"line":1258,"column":59}},"514":{"start":{"line":1260,"column":8},"end":{"line":1262,"column":9}},"515":{"start":{"line":1261,"column":12},"end":{"line":1261,"column":67}},"516":{"start":{"line":1264,"column":19},"end":{"line":1264,"column":52}},"517":{"start":{"line":1267,"column":8},"end":{"line":1269,"column":9}},"518":{"start":{"line":1268,"column":12},"end":{"line":1268,"column":74}},"519":{"start":{"line":1270,"column":8},"end":{"line":1272,"column":9}},"520":{"start":{"line":1271,"column":12},"end":{"line":1271,"column":72}},"521":{"start":{"line":1274,"column":17},"end":{"line":1274,"column":50}},"522":{"start":{"line":1276,"column":26},"end":{"line":1276,"column":40}},"523":{"start":{"line":1277,"column":23},"end":{"line":1277,"column":47}},"524":{"start":{"line":1279,"column":35},"end":{"line":1279,"column":88}},"525":{"start":{"line":1281,"column":24},"end":{"line":1281,"column":83}},"526":{"start":{"line":1285,"column":24},"end":{"line":1285,"column":60}},"527":{"start":{"line":1286,"column":8},"end":{"line":1288,"column":9}},"528":{"start":{"line":1287,"column":12},"end":{"line":1287,"column":60}},"529":{"start":{"line":1292,"column":26},"end":{"line":1305,"column":9}},"530":{"start":{"line":1294,"column":29},"end":{"line":1294,"column":88}},"531":{"start":{"line":1296,"column":32},"end":{"line":1296,"column":51}},"532":{"start":{"line":1297,"column":16},"end":{"line":1297,"column":32}},"533":{"start":{"line":1300,"column":26},"end":{"line":1300,"column":88}},"534":{"start":{"line":1300,"column":72},"end":{"line":1300,"column":85}},"535":{"start":{"line":1301,"column":29},"end":{"line":1301,"column":137}},"536":{"start":{"line":1302,"column":32},"end":{"line":1302,"column":51}},"537":{"start":{"line":1303,"column":16},"end":{"line":1303,"column":32}},"538":{"start":{"line":1307,"column":8},"end":{"line":1309,"column":9}},"539":{"start":{"line":1308,"column":12},"end":{"line":1308,"column":63}},"540":{"start":{"line":1315,"column":8},"end":{"line":1320,"column":9}},"541":{"start":{"line":1316,"column":12},"end":{"line":1316,"column":118}},"542":{"start":{"line":1319,"column":12},"end":{"line":1319,"column":172}},"543":{"start":{"line":1322,"column":21},"end":{"line":1322,"column":36}},"544":{"start":{"line":1324,"column":22},"end":{"line":1324,"column":34}},"545":{"start":{"line":1325,"column":22},"end":{"line":1325,"column":52}},"546":{"start":{"line":1326,"column":8},"end":{"line":1328,"column":9}},"547":{"start":{"line":1327,"column":12},"end":{"line":1327,"column":111}},"548":{"start":{"line":1330,"column":8},"end":{"line":1330,"column":48}},"549":{"start":{"line":1331,"column":8},"end":{"line":1331,"column":46}},"550":{"start":{"line":1332,"column":8},"end":{"line":1332,"column":45}},"551":{"start":{"line":1333,"column":8},"end":{"line":1333,"column":44}},"552":{"start":{"line":1334,"column":8},"end":{"line":1334,"column":34}},"553":{"start":{"line":1340,"column":30},"end":{"line":1340,"column":70}},"554":{"start":{"line":1341,"column":8},"end":{"line":1344,"column":9}},"555":{"start":{"line":1343,"column":12},"end":{"line":1343,"column":31}},"556":{"start":{"line":1346,"column":26},"end":{"line":1346,"column":69}},"557":{"start":{"line":1356,"column":8},"end":{"line":1362,"column":9}},"558":{"start":{"line":1357,"column":12},"end":{"line":1357,"column":77}},"559":{"start":{"line":1361,"column":12},"end":{"line":1361,"column":111}},"560":{"start":{"line":1368,"column":8},"end":{"line":1368,"column":79}},"561":{"start":{"line":1369,"column":8},"end":{"line":1369,"column":18}},"562":{"start":{"line":1421,"column":8},"end":{"line":1421,"column":41}},"563":{"start":{"line":1425,"column":8},"end":{"line":1425,"column":43}},"564":{"start":{"line":1430,"column":24},"end":{"line":1430,"column":77}},"565":{"start":{"line":1431,"column":20},"end":{"line":1431,"column":21}},"566":{"start":{"line":1434,"column":8},"end":{"line":1437,"column":13}},"567":{"start":{"line":1435,"column":12},"end":{"line":1435,"column":52}},"568":{"start":{"line":1436,"column":12},"end":{"line":1436,"column":30}},"569":{"start":{"line":1438,"column":8},"end":{"line":1442,"column":9}},"570":{"start":{"line":1439,"column":12},"end":{"line":1439,"column":67}},"571":{"start":{"line":1440,"column":14},"end":{"line":1442,"column":9}},"572":{"start":{"line":1441,"column":12},"end":{"line":1441,"column":24}},"573":{"start":{"line":1443,"column":8},"end":{"line":1443,"column":23}},"574":{"start":{"line":1448,"column":23},"end":{"line":1448,"column":74}},"575":{"start":{"line":1449,"column":20},"end":{"line":1449,"column":22}},"576":{"start":{"line":1450,"column":8},"end":{"line":1453,"column":9}},"577":{"start":{"line":1452,"column":12},"end":{"line":1452,"column":34}},"578":{"start":{"line":1454,"column":8},"end":{"line":1460,"column":9}},"579":{"start":{"line":1455,"column":12},"end":{"line":1455,"column":24}},"580":{"start":{"line":1456,"column":14},"end":{"line":1460,"column":9}},"581":{"start":{"line":1457,"column":12},"end":{"line":1457,"column":24}},"582":{"start":{"line":1459,"column":12},"end":{"line":1459,"column":47}},"583":{"start":{"line":1465,"column":24},"end":{"line":1465,"column":78}},"584":{"start":{"line":1466,"column":20},"end":{"line":1466,"column":21}},"585":{"start":{"line":1469,"column":16},"end":{"line":1469,"column":18}},"586":{"start":{"line":1470,"column":8},"end":{"line":1473,"column":9}},"587":{"start":{"line":1471,"column":12},"end":{"line":1471,"column":52}},"588":{"start":{"line":1472,"column":12},"end":{"line":1472,"column":30}},"589":{"start":{"line":1474,"column":8},"end":{"line":1485,"column":9}},"590":{"start":{"line":1475,"column":12},"end":{"line":1475,"column":26}},"591":{"start":{"line":1476,"column":12},"end":{"line":1476,"column":32}},"592":{"start":{"line":1477,"column":12},"end":{"line":1477,"column":29}},"593":{"start":{"line":1478,"column":12},"end":{"line":1478,"column":23}},"594":{"start":{"line":1479,"column":14},"end":{"line":1485,"column":9}},"595":{"start":{"line":1480,"column":12},"end":{"line":1480,"column":28}},"596":{"start":{"line":1481,"column":12},"end":{"line":1481,"column":32}},"597":{"start":{"line":1482,"column":12},"end":{"line":1482,"column":23}},"598":{"start":{"line":1484,"column":12},"end":{"line":1484,"column":67}},"599":{"start":{"line":1491,"column":22},"end":{"line":1491,"column":36}},"600":{"start":{"line":1492,"column":8},"end":{"line":1494,"column":9}},"601":{"start":{"line":1493,"column":12},"end":{"line":1493,"column":100}},"602":{"start":{"line":1495,"column":21},"end":{"line":1495,"column":40}},"603":{"start":{"line":1496,"column":8},"end":{"line":1498,"column":9}},"604":{"start":{"line":1497,"column":12},"end":{"line":1497,"column":74}},"605":{"start":{"line":1499,"column":8},"end":{"line":1499,"column":38}},"606":{"start":{"line":1500,"column":16},"end":{"line":1500,"column":57}},"607":{"start":{"line":1501,"column":19},"end":{"line":1501,"column":26}},"608":{"start":{"line":1502,"column":19},"end":{"line":1502,"column":29}},"609":{"start":{"line":1503,"column":8},"end":{"line":1507,"column":9}},"610":{"start":{"line":1503,"column":19},"end":{"line":1503,"column":20}},"611":{"start":{"line":1504,"column":12},"end":{"line":1506,"column":13}},"612":{"start":{"line":1505,"column":16},"end":{"line":1505,"column":73}},"613":{"start":{"line":1508,"column":8},"end":{"line":1569,"column":9}},"614":{"start":{"line":1510,"column":16},"end":{"line":1514,"column":17}},"615":{"start":{"line":1511,"column":20},"end":{"line":1511,"column":108}},"616":{"start":{"line":1513,"column":20},"end":{"line":1513,"column":26}},"617":{"start":{"line":1516,"column":16},"end":{"line":1520,"column":17}},"618":{"start":{"line":1517,"column":20},"end":{"line":1517,"column":108}},"619":{"start":{"line":1519,"column":20},"end":{"line":1519,"column":26}},"620":{"start":{"line":1522,"column":16},"end":{"line":1526,"column":17}},"621":{"start":{"line":1523,"column":20},"end":{"line":1523,"column":108}},"622":{"start":{"line":1525,"column":20},"end":{"line":1525,"column":26}},"623":{"start":{"line":1528,"column":16},"end":{"line":1532,"column":17}},"624":{"start":{"line":1529,"column":20},"end":{"line":1529,"column":108}},"625":{"start":{"line":1531,"column":20},"end":{"line":1531,"column":26}},"626":{"start":{"line":1534,"column":16},"end":{"line":1538,"column":17}},"627":{"start":{"line":1535,"column":20},"end":{"line":1535,"column":108}},"628":{"start":{"line":1537,"column":20},"end":{"line":1537,"column":26}},"629":{"start":{"line":1540,"column":16},"end":{"line":1544,"column":17}},"630":{"start":{"line":1541,"column":20},"end":{"line":1541,"column":108}},"631":{"start":{"line":1543,"column":20},"end":{"line":1543,"column":26}},"632":{"start":{"line":1546,"column":16},"end":{"line":1550,"column":17}},"633":{"start":{"line":1547,"column":20},"end":{"line":1547,"column":108}},"634":{"start":{"line":1549,"column":20},"end":{"line":1549,"column":26}},"635":{"start":{"line":1552,"column":16},"end":{"line":1556,"column":17}},"636":{"start":{"line":1553,"column":20},"end":{"line":1553,"column":108}},"637":{"start":{"line":1555,"column":20},"end":{"line":1555,"column":26}},"638":{"start":{"line":1558,"column":16},"end":{"line":1562,"column":17}},"639":{"start":{"line":1559,"column":20},"end":{"line":1559,"column":108}},"640":{"start":{"line":1561,"column":20},"end":{"line":1561,"column":26}},"641":{"start":{"line":1564,"column":16},"end":{"line":1568,"column":17}},"642":{"start":{"line":1565,"column":20},"end":{"line":1565,"column":108}},"643":{"start":{"line":1567,"column":20},"end":{"line":1567,"column":26}},"644":{"start":{"line":1579,"column":17},"end":{"line":1579,"column":76}},"645":{"start":{"line":1580,"column":8},"end":{"line":1582,"column":9}},"646":{"start":{"line":1581,"column":12},"end":{"line":1581,"column":74}},"647":{"start":{"line":1583,"column":8},"end":{"line":1583,"column":22}},"648":{"start":{"line":1590,"column":21},"end":{"line":1590,"column":53}},"649":{"start":{"line":1592,"column":24},"end":{"line":1592,"column":48}},"650":{"start":{"line":1593,"column":24},"end":{"line":1593,"column":90}},"651":{"start":{"line":1595,"column":29},"end":{"line":1595,"column":81}},"652":{"start":{"line":1596,"column":24},"end":{"line":1596,"column":65}},"653":{"start":{"line":1597,"column":8},"end":{"line":1599,"column":9}},"654":{"start":{"line":1598,"column":12},"end":{"line":1598,"column":37}},"655":{"start":{"line":1600,"column":17},"end":{"line":1600,"column":51}},"656":{"start":{"line":1601,"column":18},"end":{"line":1610,"column":9}},"657":{"start":{"line":1612,"column":28},"end":{"line":1612,"column":62}},"658":{"start":{"line":1613,"column":8},"end":{"line":1613,"column":55}},"659":{"start":{"line":1614,"column":8},"end":{"line":1614,"column":51}},"660":{"start":{"line":1615,"column":8},"end":{"line":1615,"column":47}},"661":{"start":{"line":1616,"column":8},"end":{"line":1616,"column":20}},"662":{"start":{"line":1620,"column":22},"end":{"line":1620,"column":77}},"663":{"start":{"line":1622,"column":20},"end":{"line":1622,"column":22}},"664":{"start":{"line":1623,"column":8},"end":{"line":1625,"column":9}},"665":{"start":{"line":1624,"column":12},"end":{"line":1624,"column":58}},"666":{"start":{"line":1626,"column":8},"end":{"line":1626,"column":22}},"667":{"start":{"line":1633,"column":21},"end":{"line":1633,"column":53}},"668":{"start":{"line":1635,"column":24},"end":{"line":1635,"column":48}},"669":{"start":{"line":1636,"column":24},"end":{"line":1636,"column":91}},"670":{"start":{"line":1638,"column":29},"end":{"line":1638,"column":81}},"671":{"start":{"line":1639,"column":24},"end":{"line":1639,"column":65}},"672":{"start":{"line":1640,"column":8},"end":{"line":1642,"column":9}},"673":{"start":{"line":1641,"column":12},"end":{"line":1641,"column":37}},"674":{"start":{"line":1645,"column":18},"end":{"line":1653,"column":9}},"675":{"start":{"line":1654,"column":28},"end":{"line":1654,"column":62}},"676":{"start":{"line":1655,"column":8},"end":{"line":1655,"column":55}},"677":{"start":{"line":1656,"column":8},"end":{"line":1656,"column":52}},"678":{"start":{"line":1657,"column":8},"end":{"line":1657,"column":47}},"679":{"start":{"line":1658,"column":8},"end":{"line":1658,"column":20}},"680":{"start":{"line":1662,"column":22},"end":{"line":1662,"column":78}},"681":{"start":{"line":1664,"column":20},"end":{"line":1664,"column":22}},"682":{"start":{"line":1665,"column":8},"end":{"line":1667,"column":9}},"683":{"start":{"line":1666,"column":12},"end":{"line":1666,"column":58}},"684":{"start":{"line":1668,"column":8},"end":{"line":1668,"column":22}},"685":{"start":{"line":1674,"column":21},"end":{"line":1674,"column":53}},"686":{"start":{"line":1676,"column":29},"end":{"line":1676,"column":98}},"687":{"start":{"line":1677,"column":30},"end":{"line":1677,"column":68}},"688":{"start":{"line":1678,"column":8},"end":{"line":1680,"column":9}},"689":{"start":{"line":1679,"column":12},"end":{"line":1679,"column":86}},"690":{"start":{"line":1681,"column":25},"end":{"line":1681,"column":63}},"691":{"start":{"line":1683,"column":8},"end":{"line":1685,"column":9}},"692":{"start":{"line":1684,"column":12},"end":{"line":1684,"column":99}},"693":{"start":{"line":1693,"column":23},"end":{"line":1693,"column":95}},"694":{"start":{"line":1694,"column":25},"end":{"line":1694,"column":65}},"695":{"start":{"line":1695,"column":8},"end":{"line":1697,"column":9}},"696":{"start":{"line":1696,"column":12},"end":{"line":1696,"column":85}},"697":{"start":{"line":1698,"column":22},"end":{"line":1698,"column":55}},"698":{"start":{"line":1700,"column":8},"end":{"line":1702,"column":9}},"699":{"start":{"line":1701,"column":12},"end":{"line":1701,"column":63}},"700":{"start":{"line":1705,"column":8},"end":{"line":1707,"column":9}},"701":{"start":{"line":1706,"column":12},"end":{"line":1706,"column":103}},"702":{"start":{"line":1710,"column":8},"end":{"line":1710,"column":33}},"703":{"start":{"line":1713,"column":29},"end":{"line":1713,"column":110}},"704":{"start":{"line":1714,"column":31},"end":{"line":1714,"column":70}},"705":{"start":{"line":1715,"column":8},"end":{"line":1717,"column":9}},"706":{"start":{"line":1716,"column":12},"end":{"line":1716,"column":79}},"707":{"start":{"line":1718,"column":37},"end":{"line":1718,"column":102}},"708":{"start":{"line":1720,"column":24},"end":{"line":1720,"column":63}},"709":{"start":{"line":1721,"column":8},"end":{"line":1723,"column":9}},"710":{"start":{"line":1722,"column":12},"end":{"line":1722,"column":61}},"711":{"start":{"line":1725,"column":8},"end":{"line":1725,"column":45}},"712":{"start":{"line":1727,"column":17},"end":{"line":1727,"column":41}},"713":{"start":{"line":1728,"column":32},"end":{"line":1728,"column":83}},"714":{"start":{"line":1730,"column":22},"end":{"line":1735,"column":9}},"715":{"start":{"line":1736,"column":27},"end":{"line":1736,"column":63}},"716":{"start":{"line":1737,"column":8},"end":{"line":1737,"column":65}},"717":{"start":{"line":1738,"column":8},"end":{"line":1738,"column":51}},"718":{"start":{"line":1739,"column":8},"end":{"line":1739,"column":50}},"719":{"start":{"line":1740,"column":8},"end":{"line":1740,"column":50}},"720":{"start":{"line":1741,"column":8},"end":{"line":1741,"column":47}},"721":{"start":{"line":1742,"column":8},"end":{"line":1742,"column":34}},"722":{"start":{"line":1746,"column":22},"end":{"line":1746,"column":74}},"723":{"start":{"line":1748,"column":20},"end":{"line":1748,"column":22}},"724":{"start":{"line":1749,"column":8},"end":{"line":1751,"column":9}},"725":{"start":{"line":1750,"column":12},"end":{"line":1750,"column":58}},"726":{"start":{"line":1752,"column":8},"end":{"line":1752,"column":22}},"727":{"start":{"line":1757,"column":25},"end":{"line":1757,"column":57}},"728":{"start":{"line":1758,"column":8},"end":{"line":1760,"column":9}},"729":{"start":{"line":1759,"column":12},"end":{"line":1759,"column":93}},"730":{"start":{"line":1761,"column":20},"end":{"line":1761,"column":53}},"731":{"start":{"line":1763,"column":28},"end":{"line":1763,"column":63}},"732":{"start":{"line":1764,"column":8},"end":{"line":1766,"column":9}},"733":{"start":{"line":1765,"column":12},"end":{"line":1765,"column":95}},"734":{"start":{"line":1767,"column":23},"end":{"line":1767,"column":59}},"735":{"start":{"line":1769,"column":8},"end":{"line":1771,"column":9}},"736":{"start":{"line":1770,"column":12},"end":{"line":1770,"column":58}},"737":{"start":{"line":1773,"column":24},"end":{"line":1773,"column":48}},"738":{"start":{"line":1775,"column":19},"end":{"line":1775,"column":98}},"739":{"start":{"line":1776,"column":19},"end":{"line":1776,"column":103}},"740":{"start":{"line":1777,"column":27},"end":{"line":1777,"column":80}},"741":{"start":{"line":1780,"column":28},"end":{"line":1780,"column":57}},"742":{"start":{"line":1786,"column":8},"end":{"line":1786,"column":20}},"743":{"start":{"line":1787,"column":8},"end":{"line":1796,"column":10}},"744":{"start":{"line":1797,"column":8},"end":{"line":1797,"column":20}},"745":{"start":{"line":1798,"column":8},"end":{"line":1806,"column":10}},"746":{"start":{"line":1808,"column":8},"end":{"line":1808,"column":37}},"747":{"start":{"line":1809,"column":8},"end":{"line":1809,"column":37}},"748":{"start":{"line":1811,"column":8},"end":{"line":1811,"column":44}},"749":{"start":{"line":1812,"column":8},"end":{"line":1812,"column":47}},"750":{"start":{"line":1814,"column":8},"end":{"line":1814,"column":77}},"751":{"start":{"line":1815,"column":8},"end":{"line":1815,"column":87}},"752":{"start":{"line":1816,"column":8},"end":{"line":1818,"column":9}},"753":{"start":{"line":1817,"column":12},"end":{"line":1817,"column":81}},"754":{"start":{"line":1825,"column":22},"end":{"line":1825,"column":54}},"755":{"start":{"line":1826,"column":25},"end":{"line":1826,"column":85}},"756":{"start":{"line":1827,"column":25},"end":{"line":1827,"column":60}},"757":{"start":{"line":1828,"column":8},"end":{"line":1830,"column":9}},"758":{"start":{"line":1829,"column":12},"end":{"line":1829,"column":59}},"759":{"start":{"line":1831,"column":20},"end":{"line":1831,"column":53}},"760":{"start":{"line":1834,"column":23},"end":{"line":1834,"column":75}},"761":{"start":{"line":1835,"column":24},"end":{"line":1835,"column":56}},"762":{"start":{"line":1836,"column":8},"end":{"line":1838,"column":9}},"763":{"start":{"line":1837,"column":12},"end":{"line":1837,"column":94}},"764":{"start":{"line":1840,"column":8},"end":{"line":1842,"column":9}},"765":{"start":{"line":1841,"column":12},"end":{"line":1841,"column":73}},"766":{"start":{"line":1843,"column":19},"end":{"line":1843,"column":51}},"767":{"start":{"line":1844,"column":8},"end":{"line":1846,"column":9}},"768":{"start":{"line":1845,"column":12},"end":{"line":1845,"column":74}},"769":{"start":{"line":1847,"column":8},"end":{"line":1849,"column":9}},"770":{"start":{"line":1848,"column":12},"end":{"line":1848,"column":81}},"771":{"start":{"line":1851,"column":8},"end":{"line":1851,"column":40}},"772":{"start":{"line":1852,"column":8},"end":{"line":1854,"column":9}},"773":{"start":{"line":1853,"column":12},"end":{"line":1853,"column":75}},"774":{"start":{"line":1856,"column":8},"end":{"line":1856,"column":78}},"775":{"start":{"line":1857,"column":8},"end":{"line":1857,"column":50}},"776":{"start":{"line":1864,"column":22},"end":{"line":1864,"column":54}},"777":{"start":{"line":1865,"column":22},"end":{"line":1865,"column":74}},"778":{"start":{"line":1866,"column":24},"end":{"line":1866,"column":56}},"779":{"start":{"line":1867,"column":8},"end":{"line":1869,"column":9}},"780":{"start":{"line":1868,"column":12},"end":{"line":1868,"column":83}},"781":{"start":{"line":1870,"column":18},"end":{"line":1870,"column":70}},"782":{"start":{"line":1871,"column":20},"end":{"line":1877,"column":9}},"783":{"start":{"line":1878,"column":28},"end":{"line":1878,"column":62}},"784":{"start":{"line":1879,"column":8},"end":{"line":1879,"column":50}},"785":{"start":{"line":1880,"column":8},"end":{"line":1880,"column":20}},"786":{"start":{"line":1884,"column":24},"end":{"line":1884,"column":76}},"787":{"start":{"line":1885,"column":27},"end":{"line":1885,"column":61}},"788":{"start":{"line":1886,"column":8},"end":{"line":1888,"column":9}},"789":{"start":{"line":1887,"column":12},"end":{"line":1887,"column":70}},"790":{"start":{"line":1889,"column":20},"end":{"line":1889,"column":54}},"791":{"start":{"line":1890,"column":8},"end":{"line":1890,"column":20}},"792":{"start":{"line":1896,"column":22},"end":{"line":1896,"column":54}},"793":{"start":{"line":1898,"column":33},"end":{"line":1898,"column":87}},"794":{"start":{"line":1899,"column":27},"end":{"line":1899,"column":70}},"795":{"start":{"line":1900,"column":8},"end":{"line":1902,"column":9}},"796":{"start":{"line":1901,"column":12},"end":{"line":1901,"column":58}},"797":{"start":{"line":1903,"column":21},"end":{"line":1903,"column":55}},"798":{"start":{"line":1904,"column":21},"end":{"line":1904,"column":36}},"799":{"start":{"line":1905,"column":23},"end":{"line":1905,"column":38}},"800":{"start":{"line":1906,"column":31},"end":{"line":1906,"column":83}},"801":{"start":{"line":1907,"column":24},"end":{"line":1907,"column":65}},"802":{"start":{"line":1908,"column":8},"end":{"line":1908,"column":37}},"803":{"start":{"line":1909,"column":8},"end":{"line":1911,"column":9}},"804":{"start":{"line":1910,"column":12},"end":{"line":1910,"column":81}},"805":{"start":{"line":1912,"column":19},"end":{"line":1912,"column":51}},"806":{"start":{"line":1913,"column":8},"end":{"line":1915,"column":9}},"807":{"start":{"line":1914,"column":12},"end":{"line":1914,"column":67}},"808":{"start":{"line":1919,"column":24},"end":{"line":1919,"column":48}},"809":{"start":{"line":1920,"column":18},"end":{"line":1920,"column":83}},"810":{"start":{"line":1922,"column":23},"end":{"line":1928,"column":9}},"811":{"start":{"line":1930,"column":21},"end":{"line":1930,"column":25}},"812":{"start":{"line":1931,"column":21},"end":{"line":1931,"column":31}},"813":{"start":{"line":1933,"column":21},"end":{"line":1933,"column":54}},"814":{"start":{"line":1934,"column":21},"end":{"line":1934,"column":39}},"815":{"start":{"line":1940,"column":23},"end":{"line":1940,"column":29}},"816":{"start":{"line":1941,"column":22},"end":{"line":1941,"column":26}},"817":{"start":{"line":1942,"column":30},"end":{"line":1942,"column":32}},"818":{"start":{"line":1943,"column":28},"end":{"line":1943,"column":29}},"819":{"start":{"line":1944,"column":25},"end":{"line":1944,"column":27}},"820":{"start":{"line":1945,"column":24},"end":{"line":1945,"column":47}},"821":{"start":{"line":1948,"column":21},"end":{"line":1948,"column":43}},"822":{"start":{"line":1949,"column":22},"end":{"line":1949,"column":41}},"823":{"start":{"line":1953,"column":8},"end":{"line":1963,"column":9}},"824":{"start":{"line":1954,"column":12},"end":{"line":1954,"column":36}},"825":{"start":{"line":1955,"column":12},"end":{"line":1955,"column":25}},"826":{"start":{"line":1956,"column":12},"end":{"line":1956,"column":32}},"827":{"start":{"line":1957,"column":12},"end":{"line":1957,"column":72}},"828":{"start":{"line":1959,"column":12},"end":{"line":1959,"column":26}},"829":{"start":{"line":1960,"column":12},"end":{"line":1960,"column":25}},"830":{"start":{"line":1961,"column":12},"end":{"line":1961,"column":34}},"831":{"start":{"line":1962,"column":12},"end":{"line":1962,"column":72}},"832":{"start":{"line":1965,"column":21},"end":{"line":1965,"column":32}},"833":{"start":{"line":1966,"column":22},"end":{"line":1966,"column":34}},"834":{"start":{"line":1967,"column":21},"end":{"line":1967,"column":32}},"835":{"start":{"line":1970,"column":8},"end":{"line":1988,"column":9}},"836":{"start":{"line":1970,"column":19},"end":{"line":1970,"column":20}},"837":{"start":{"line":1971,"column":12},"end":{"line":1986,"column":13}},"838":{"start":{"line":1972,"column":16},"end":{"line":1977,"column":17}},"839":{"start":{"line":1973,"column":20},"end":{"line":1973,"column":32}},"840":{"start":{"line":1975,"column":20},"end":{"line":1975,"column":39}},"841":{"start":{"line":1976,"column":20},"end":{"line":1976,"column":42}},"842":{"start":{"line":1979,"column":16},"end":{"line":1979,"column":41}},"843":{"start":{"line":1980,"column":16},"end":{"line":1985,"column":17}},"844":{"start":{"line":1981,"column":20},"end":{"line":1981,"column":39}},"845":{"start":{"line":1982,"column":20},"end":{"line":1982,"column":39}},"846":{"start":{"line":1984,"column":20},"end":{"line":1984,"column":42}},"847":{"start":{"line":1987,"column":12},"end":{"line":1987,"column":65}},"848":{"start":{"line":1991,"column":26},"end":{"line":1991,"column":46}},"849":{"start":{"line":1992,"column":8},"end":{"line":1992,"column":32}},"850":{"start":{"line":1993,"column":24},"end":{"line":2012,"column":9}},"851":{"start":{"line":2013,"column":24},"end":{"line":2013,"column":62}},"852":{"start":{"line":2014,"column":8},"end":{"line":2014,"column":53}},"853":{"start":{"line":2015,"column":8},"end":{"line":2015,"column":52}},"854":{"start":{"line":2016,"column":8},"end":{"line":2016,"column":82}},"855":{"start":{"line":2017,"column":8},"end":{"line":2017,"column":48}},"856":{"start":{"line":2018,"column":8},"end":{"line":2018,"column":47}},"857":{"start":{"line":2019,"column":8},"end":{"line":2019,"column":24}},"858":{"start":{"line":2032,"column":8},"end":{"line":2032,"column":46}},"859":{"start":{"line":2036,"column":8},"end":{"line":2036,"column":43}},"860":{"start":{"line":2041,"column":22},"end":{"line":2041,"column":36}},"861":{"start":{"line":2045,"column":21},"end":{"line":2045,"column":40}},"862":{"start":{"line":2047,"column":8},"end":{"line":2049,"column":9}},"863":{"start":{"line":2048,"column":12},"end":{"line":2048,"column":74}},"864":{"start":{"line":2050,"column":8},"end":{"line":2050,"column":38}},"865":{"start":{"line":2051,"column":16},"end":{"line":2051,"column":51}},"866":{"start":{"line":2052,"column":19},"end":{"line":2052,"column":26}},"867":{"start":{"line":2053,"column":19},"end":{"line":2053,"column":29}},"868":{"start":{"line":2054,"column":8},"end":{"line":2058,"column":9}},"869":{"start":{"line":2054,"column":19},"end":{"line":2054,"column":20}},"870":{"start":{"line":2055,"column":12},"end":{"line":2057,"column":13}},"871":{"start":{"line":2056,"column":16},"end":{"line":2056,"column":92}},"872":{"start":{"line":2060,"column":8},"end":{"line":2105,"column":9}},"873":{"start":{"line":2062,"column":16},"end":{"line":2066,"column":17}},"874":{"start":{"line":2063,"column":20},"end":{"line":2063,"column":108}},"875":{"start":{"line":2065,"column":20},"end":{"line":2065,"column":26}},"876":{"start":{"line":2068,"column":16},"end":{"line":2072,"column":17}},"877":{"start":{"line":2069,"column":20},"end":{"line":2069,"column":108}},"878":{"start":{"line":2071,"column":20},"end":{"line":2071,"column":26}},"879":{"start":{"line":2074,"column":16},"end":{"line":2078,"column":17}},"880":{"start":{"line":2075,"column":20},"end":{"line":2075,"column":108}},"881":{"start":{"line":2077,"column":20},"end":{"line":2077,"column":26}},"882":{"start":{"line":2080,"column":16},"end":{"line":2084,"column":17}},"883":{"start":{"line":2081,"column":20},"end":{"line":2081,"column":108}},"884":{"start":{"line":2083,"column":20},"end":{"line":2083,"column":26}},"885":{"start":{"line":2086,"column":16},"end":{"line":2090,"column":17}},"886":{"start":{"line":2087,"column":20},"end":{"line":2087,"column":108}},"887":{"start":{"line":2089,"column":20},"end":{"line":2089,"column":26}},"888":{"start":{"line":2092,"column":16},"end":{"line":2096,"column":17}},"889":{"start":{"line":2093,"column":20},"end":{"line":2093,"column":108}},"890":{"start":{"line":2095,"column":20},"end":{"line":2095,"column":26}},"891":{"start":{"line":2098,"column":16},"end":{"line":2102,"column":17}},"892":{"start":{"line":2099,"column":20},"end":{"line":2099,"column":108}},"893":{"start":{"line":2101,"column":20},"end":{"line":2101,"column":26}},"894":{"start":{"line":2116,"column":24},"end":{"line":2116,"column":77}},"895":{"start":{"line":2117,"column":20},"end":{"line":2117,"column":21}},"896":{"start":{"line":2120,"column":8},"end":{"line":2123,"column":13}},"897":{"start":{"line":2121,"column":12},"end":{"line":2121,"column":52}},"898":{"start":{"line":2122,"column":12},"end":{"line":2122,"column":30}},"899":{"start":{"line":2124,"column":8},"end":{"line":2128,"column":9}},"900":{"start":{"line":2125,"column":12},"end":{"line":2125,"column":89}},"901":{"start":{"line":2126,"column":14},"end":{"line":2128,"column":9}},"902":{"start":{"line":2127,"column":12},"end":{"line":2127,"column":24}},"903":{"start":{"line":2129,"column":8},"end":{"line":2129,"column":23}},"904":{"start":{"line":2134,"column":24},"end":{"line":2134,"column":48}},"905":{"start":{"line":2136,"column":19},"end":{"line":2136,"column":84}},"906":{"start":{"line":2139,"column":29},"end":{"line":2139,"column":64}},"907":{"start":{"line":2141,"column":8},"end":{"line":2143,"column":9}},"908":{"start":{"line":2142,"column":12},"end":{"line":2142,"column":36}},"909":{"start":{"line":2144,"column":25},"end":{"line":2144,"column":64}},"910":{"start":{"line":2146,"column":8},"end":{"line":2148,"column":9}},"911":{"start":{"line":2147,"column":12},"end":{"line":2147,"column":44}},"912":{"start":{"line":2150,"column":19},"end":{"line":2150,"column":23}},"913":{"start":{"line":2151,"column":24},"end":{"line":2170,"column":9}},"914":{"start":{"line":2172,"column":30},"end":{"line":2172,"column":68}},"915":{"start":{"line":2173,"column":8},"end":{"line":2173,"column":54}},"916":{"start":{"line":2174,"column":8},"end":{"line":2174,"column":24}},"917":{"start":{"line":2179,"column":22},"end":{"line":2179,"column":54}},"918":{"start":{"line":2180,"column":24},"end":{"line":2180,"column":84}},"919":{"start":{"line":2182,"column":23},"end":{"line":2182,"column":25}},"920":{"start":{"line":2183,"column":20},"end":{"line":2183,"column":21}},"921":{"start":{"line":2186,"column":8},"end":{"line":2196,"column":9}},"922":{"start":{"line":2187,"column":12},"end":{"line":2187,"column":53}},"923":{"start":{"line":2188,"column":12},"end":{"line":2188,"column":32}},"924":{"start":{"line":2189,"column":12},"end":{"line":2192,"column":13}},"925":{"start":{"line":2190,"column":16},"end":{"line":2190,"column":42}},"926":{"start":{"line":2191,"column":16},"end":{"line":2191,"column":39}},"927":{"start":{"line":2193,"column":12},"end":{"line":2195,"column":13}},"928":{"start":{"line":2194,"column":16},"end":{"line":2194,"column":21}},"929":{"start":{"line":2198,"column":8},"end":{"line":2201,"column":9}},"930":{"start":{"line":2199,"column":12},"end":{"line":2199,"column":59}},"931":{"start":{"line":2202,"column":16},"end":{"line":2202,"column":73}},"932":{"start":{"line":2203,"column":8},"end":{"line":2203,"column":18}},"933":{"start":{"line":2221,"column":27},"end":{"line":2221,"column":44}},"934":{"start":{"line":2223,"column":18},"end":{"line":2223,"column":19}},"935":{"start":{"line":2224,"column":8},"end":{"line":2232,"column":9}},"936":{"start":{"line":2224,"column":18},"end":{"line":2224,"column":19}},"937":{"start":{"line":2225,"column":12},"end":{"line":2228,"column":13}},"938":{"start":{"line":2226,"column":16},"end":{"line":2226,"column":24}},"939":{"start":{"line":2227,"column":16},"end":{"line":2227,"column":30}},"940":{"start":{"line":2229,"column":12},"end":{"line":2231,"column":13}},"941":{"start":{"line":2230,"column":16},"end":{"line":2230,"column":79}},"942":{"start":{"line":2234,"column":8},"end":{"line":2236,"column":9}},"943":{"start":{"line":2235,"column":12},"end":{"line":2235,"column":45}},"944":{"start":{"line":2238,"column":8},"end":{"line":2238,"column":34}},"945":{"start":{"line":2239,"column":8},"end":{"line":2241,"column":9}},"946":{"start":{"line":2240,"column":12},"end":{"line":2240,"column":64}},"947":{"start":{"line":2243,"column":8},"end":{"line":2243,"column":19}},"948":{"start":{"line":2250,"column":22},"end":{"line":2250,"column":54}},"949":{"start":{"line":2251,"column":25},"end":{"line":2251,"column":57}},"950":{"start":{"line":2252,"column":8},"end":{"line":2254,"column":9}},"951":{"start":{"line":2253,"column":12},"end":{"line":2253,"column":93}},"952":{"start":{"line":2255,"column":20},"end":{"line":2255,"column":53}},"953":{"start":{"line":2257,"column":8},"end":{"line":2259,"column":9}},"954":{"start":{"line":2258,"column":12},"end":{"line":2258,"column":99}},"955":{"start":{"line":2261,"column":8},"end":{"line":2263,"column":9}},"956":{"start":{"line":2262,"column":12},"end":{"line":2262,"column":71}},"957":{"start":{"line":2265,"column":22},"end":{"line":2265,"column":41}},"958":{"start":{"line":2267,"column":24},"end":{"line":2267,"column":48}},"959":{"start":{"line":2268,"column":19},"end":{"line":2268,"column":93}},"960":{"start":{"line":2269,"column":19},"end":{"line":2269,"column":93}},"961":{"start":{"line":2272,"column":8},"end":{"line":2272,"column":19}},"962":{"start":{"line":2273,"column":20},"end":{"line":2281,"column":9}},"963":{"start":{"line":2282,"column":8},"end":{"line":2282,"column":20}},"964":{"start":{"line":2283,"column":20},"end":{"line":2291,"column":9}},"965":{"start":{"line":2293,"column":8},"end":{"line":2293,"column":45}},"966":{"start":{"line":2294,"column":8},"end":{"line":2294,"column":77}},"967":{"start":{"line":2295,"column":8},"end":{"line":2297,"column":9}},"968":{"start":{"line":2296,"column":12},"end":{"line":2296,"column":81}},"969":{"start":{"line":2298,"column":8},"end":{"line":2298,"column":23}},"970":{"start":{"line":2303,"column":22},"end":{"line":2303,"column":54}},"971":{"start":{"line":2304,"column":24},"end":{"line":2304,"column":55}},"972":{"start":{"line":2305,"column":8},"end":{"line":2307,"column":9}},"973":{"start":{"line":2306,"column":12},"end":{"line":2306,"column":91}},"974":{"start":{"line":2308,"column":19},"end":{"line":2308,"column":57}},"975":{"start":{"line":2310,"column":8},"end":{"line":2312,"column":9}},"976":{"start":{"line":2311,"column":12},"end":{"line":2311,"column":104}},"977":{"start":{"line":2313,"column":8},"end":{"line":2315,"column":9}},"978":{"start":{"line":2314,"column":12},"end":{"line":2314,"column":80}},"979":{"start":{"line":2317,"column":22},"end":{"line":2317,"column":40}},"980":{"start":{"line":2319,"column":24},"end":{"line":2319,"column":42}},"981":{"start":{"line":2320,"column":19},"end":{"line":2320,"column":88}},"982":{"start":{"line":2322,"column":8},"end":{"line":2322,"column":19}},"983":{"start":{"line":2323,"column":8},"end":{"line":2323,"column":27}},"984":{"start":{"line":2325,"column":20},"end":{"line":2344,"column":9}},"985":{"start":{"line":2346,"column":8},"end":{"line":2376,"column":9}},"986":{"start":{"line":2347,"column":23},"end":{"line":2347,"column":88}},"987":{"start":{"line":2348,"column":12},"end":{"line":2348,"column":24}},"988":{"start":{"line":2349,"column":12},"end":{"line":2349,"column":31}},"989":{"start":{"line":2350,"column":24},"end":{"line":2369,"column":13}},"990":{"start":{"line":2370,"column":12},"end":{"line":2370,"column":48}},"991":{"start":{"line":2371,"column":12},"end":{"line":2371,"column":81}},"992":{"start":{"line":2372,"column":12},"end":{"line":2372,"column":81}},"993":{"start":{"line":2374,"column":12},"end":{"line":2374,"column":48}},"994":{"start":{"line":2375,"column":12},"end":{"line":2375,"column":81}},"995":{"start":{"line":2377,"column":8},"end":{"line":2377,"column":23}},"996":{"start":{"line":2383,"column":8},"end":{"line":2383,"column":47}},"997":{"start":{"line":2390,"column":8},"end":{"line":2390,"column":120}},"998":{"start":{"line":2390,"column":39},"end":{"line":2390,"column":118}},"999":{"start":{"line":2393,"column":8},"end":{"line":2393,"column":35}},"1000":{"start":{"line":2400,"column":8},"end":{"line":2400,"column":47}},"1001":{"start":{"line":2406,"column":8},"end":{"line":2406,"column":120}},"1002":{"start":{"line":2406,"column":39},"end":{"line":2406,"column":118}},"1003":{"start":{"line":2408,"column":8},"end":{"line":2408,"column":25}},"1004":{"start":{"line":2420,"column":27},"end":{"line":2420,"column":68}},"1005":{"start":{"line":2421,"column":8},"end":{"line":2423,"column":9}},"1006":{"start":{"line":2422,"column":12},"end":{"line":2422,"column":56}},"1007":{"start":{"line":2425,"column":22},"end":{"line":2425,"column":59}},"1008":{"start":{"line":2427,"column":21},"end":{"line":2427,"column":23}},"1009":{"start":{"line":2428,"column":23},"end":{"line":2428,"column":25}},"1010":{"start":{"line":2429,"column":24},"end":{"line":2429,"column":26}},"1011":{"start":{"line":2430,"column":33},"end":{"line":2430,"column":35}},"1012":{"start":{"line":2431,"column":33},"end":{"line":2431,"column":35}},"1013":{"start":{"line":2432,"column":33},"end":{"line":2432,"column":35}},"1014":{"start":{"line":2433,"column":18},"end":{"line":2433,"column":19}},"1015":{"start":{"line":2434,"column":28},"end":{"line":2434,"column":30}},"1016":{"start":{"line":2435,"column":19},"end":{"line":2435,"column":20}},"1017":{"start":{"line":2439,"column":26},"end":{"line":2439,"column":50}},"1018":{"start":{"line":2441,"column":28},"end":{"line":2460,"column":9}},"1019":{"start":{"line":2462,"column":17},"end":{"line":2462,"column":29}},"1020":{"start":{"line":2463,"column":17},"end":{"line":2463,"column":29}},"1021":{"start":{"line":2466,"column":8},"end":{"line":2466,"column":63}},"1022":{"start":{"line":2467,"column":8},"end":{"line":2467,"column":30}},"1023":{"start":{"line":2468,"column":8},"end":{"line":2468,"column":63}},"1024":{"start":{"line":2469,"column":8},"end":{"line":2469,"column":62}},"1025":{"start":{"line":2470,"column":8},"end":{"line":2470,"column":29}},"1026":{"start":{"line":2471,"column":8},"end":{"line":2471,"column":63}},"1027":{"start":{"line":2477,"column":27},"end":{"line":2477,"column":29}},"1028":{"start":{"line":2480,"column":8},"end":{"line":2484,"column":9}},"1029":{"start":{"line":2481,"column":12},"end":{"line":2481,"column":46}},"1030":{"start":{"line":2483,"column":12},"end":{"line":2483,"column":45}},"1031":{"start":{"line":2486,"column":8},"end":{"line":2595,"column":9}},"1032":{"start":{"line":2486,"column":19},"end":{"line":2486,"column":20}},"1033":{"start":{"line":2487,"column":12},"end":{"line":2489,"column":13}},"1034":{"start":{"line":2488,"column":16},"end":{"line":2488,"column":50}},"1035":{"start":{"line":2490,"column":24},"end":{"line":2490,"column":25}},"1036":{"start":{"line":2491,"column":12},"end":{"line":2491,"column":48}},"1037":{"start":{"line":2492,"column":12},"end":{"line":2492,"column":38}},"1038":{"start":{"line":2493,"column":28},"end":{"line":2493,"column":48}},"1039":{"start":{"line":2495,"column":35},"end":{"line":2495,"column":61}},"1040":{"start":{"line":2496,"column":12},"end":{"line":2496,"column":44}},"1041":{"start":{"line":2497,"column":12},"end":{"line":2500,"column":13}},"1042":{"start":{"line":2499,"column":16},"end":{"line":2499,"column":57}},"1043":{"start":{"line":2502,"column":12},"end":{"line":2502,"column":68}},"1044":{"start":{"line":2503,"column":12},"end":{"line":2507,"column":13}},"1045":{"start":{"line":2504,"column":16},"end":{"line":2504,"column":60}},"1046":{"start":{"line":2506,"column":16},"end":{"line":2506,"column":60}},"1047":{"start":{"line":2511,"column":27},"end":{"line":2511,"column":63}},"1048":{"start":{"line":2512,"column":12},"end":{"line":2514,"column":13}},"1049":{"start":{"line":2513,"column":16},"end":{"line":2513,"column":71}},"1050":{"start":{"line":2518,"column":12},"end":{"line":2518,"column":52}},"1051":{"start":{"line":2520,"column":31},"end":{"line":2520,"column":42}},"1052":{"start":{"line":2532,"column":12},"end":{"line":2551,"column":13}},"1053":{"start":{"line":2533,"column":16},"end":{"line":2533,"column":51}},"1054":{"start":{"line":2534,"column":16},"end":{"line":2534,"column":47}},"1055":{"start":{"line":2536,"column":16},"end":{"line":2536,"column":53}},"1056":{"start":{"line":2538,"column":16},"end":{"line":2538,"column":56}},"1057":{"start":{"line":2540,"column":16},"end":{"line":2540,"column":62}},"1058":{"start":{"line":2544,"column":16},"end":{"line":2544,"column":53}},"1059":{"start":{"line":2547,"column":16},"end":{"line":2547,"column":84}},"1060":{"start":{"line":2548,"column":16},"end":{"line":2548,"column":87}},"1061":{"start":{"line":2550,"column":16},"end":{"line":2550,"column":93}},"1062":{"start":{"line":2553,"column":12},"end":{"line":2553,"column":61}},"1063":{"start":{"line":2556,"column":12},"end":{"line":2556,"column":30}},"1064":{"start":{"line":2557,"column":12},"end":{"line":2557,"column":30}},"1065":{"start":{"line":2559,"column":12},"end":{"line":2559,"column":36}},"1066":{"start":{"line":2560,"column":12},"end":{"line":2560,"column":47}},"1067":{"start":{"line":2561,"column":12},"end":{"line":2561,"column":39}},"1068":{"start":{"line":2562,"column":12},"end":{"line":2562,"column":50}},"1069":{"start":{"line":2563,"column":28},"end":{"line":2563,"column":36}},"1070":{"start":{"line":2564,"column":12},"end":{"line":2590,"column":13}},"1071":{"start":{"line":2565,"column":16},"end":{"line":2565,"column":39}},"1072":{"start":{"line":2566,"column":16},"end":{"line":2566,"column":52}},"1073":{"start":{"line":2567,"column":26},"end":{"line":2567,"column":77}},"1074":{"start":{"line":2567,"column":51},"end":{"line":2567,"column":76}},"1075":{"start":{"line":2568,"column":16},"end":{"line":2568,"column":55}},"1076":{"start":{"line":2570,"column":16},"end":{"line":2570,"column":39}},"1077":{"start":{"line":2571,"column":26},"end":{"line":2571,"column":77}},"1078":{"start":{"line":2571,"column":51},"end":{"line":2571,"column":76}},"1079":{"start":{"line":2576,"column":16},"end":{"line":2576,"column":37}},"1080":{"start":{"line":2577,"column":16},"end":{"line":2577,"column":33}},"1081":{"start":{"line":2578,"column":16},"end":{"line":2578,"column":67}},"1082":{"start":{"line":2579,"column":16},"end":{"line":2579,"column":35}},"1083":{"start":{"line":2580,"column":16},"end":{"line":2580,"column":74}},"1084":{"start":{"line":2581,"column":16},"end":{"line":2581,"column":44}},"1085":{"start":{"line":2586,"column":16},"end":{"line":2586,"column":32}},"1086":{"start":{"line":2587,"column":16},"end":{"line":2587,"column":53}},"1087":{"start":{"line":2588,"column":16},"end":{"line":2588,"column":54}},"1088":{"start":{"line":2592,"column":12},"end":{"line":2592,"column":39}},"1089":{"start":{"line":2596,"column":8},"end":{"line":2596,"column":36}},"1090":{"start":{"line":2600,"column":27},"end":{"line":2600,"column":28}},"1091":{"start":{"line":2602,"column":8},"end":{"line":2617,"column":9}},"1092":{"start":{"line":2602,"column":19},"end":{"line":2602,"column":20}},"1093":{"start":{"line":2607,"column":12},"end":{"line":2607,"column":119}},"1094":{"start":{"line":2608,"column":12},"end":{"line":2608,"co
[...]
{"line":3760,"column":34},"end":{"line":3760,"column":64}}],"line":3760},"291":{"loc":{"start":{"line":3768,"column":16},"end":{"line":3789,"column":17}},"type":"if","locations":[{"start":{"line":3768,"column":16},"end":{"line":3789,"column":17}},{"start":{"line":3768,"column":16},"end":{"line":3789,"column":17}}],"line":3768},"292":{"loc":{"start":{"line":3811,"column":8},"end":{"line":3817,"column":9}},"type":"if","locations":[{"start":{"line":3811,"column":8},"end":{"line":3817,"column":9}},{"start":{"line":3811,"column":8},"end":{"line":3817,"column":9}}],"line":3811},"293":{"loc":{"start":{"line":3839,"column":8},"end":{"line":3841,"column":9}},"type":"if","locations":[{"start":{"line":3839,"column":8},"end":{"line":3841,"column":9}},{"start":{"line":3839,"column":8},"end":{"line":3841,"column":9}}],"line":3839},"294":{"loc":{"start":{"line":3839,"column":12},"end":{"line":3839,"column":58}},"type":"binary-expr","locations":[{"start":{"line":3839,"column":12},"end":{"line":3839,"column":27}},{"start":{"line":3839,"column":31},"end":{"line":3839,"column":58}}],"line":3839}},"s":{"0":0,"1":0,"2":0,"3":0,"4":0,"5":0,"6":0,"7":0,"8":0,"9":0,"10":0,"11":0,"12":0,"13":0,"14":0,"15":0,"16":0,"17":0,"18":0,"19":0,"20":0,"21":0,"22":0,"23":0,"24":0,"25":0,"26":0,"27":0,"28":0,"29":0,"30":0,"31":0,"32":0,"33":0,"34":0,"35":0,"36":0,"37":0,"38":0,"39":0,"40":0,"41":0,"42":0,"43":0,"44":0,"45":0,"46":0,"47":0,"48":0,"49":0,"50":0,"51":0,"52":0,"53":0,"54":0,"55":0,"56":0,"57":0,"58":0,"59":0,"60":0,"61":0,"62":0,"63":0,"64":0,"65":0,"66":0,"67":0,"68":0,"69":0,"70":0,"71":0,"72":0,"73":0,"74":0,"75":0,"76":0,"77":0,"78":0,"79":0,"80":0,"81":0,"82":0,"83":0,"84":0,"85":0,"86":0,"87":0,"88":0,"89":0,"90":0,"91":0,"92":0,"93":0,"94":0,"95":0,"96":0,"97":0,"98":0,"99":0,"100":0,"101":0,"102":0,"103":0,"104":0,"105":0,"106":0,"107":0,"108":0,"109":0,"110":0,"111":0,"112":0,"113":0,"114":0,"115":0,"116":0,"117":0,"118":0,"119":0,"120":0,"121":0,"122":0,"123":0,"124":0,"125":0,"126":0,"127":0,"128":0,"129":0,"130":0,"131":0,"132":0,"133":0,"134":0,"135":0,"136":0,"137":0,"138":0,"139":0,"140":0,"141":0,"142":0,"143":0,"144":0,"145":0,"146":0,"147":0,"148":0,"149":0,"150":0,"151":0,"152":0,"153":0,"154":0,"155":0,"156":0,"157":0,"158":0,"159":0,"160":0,"161":0,"162":0,"163":0,"164":0,"165":0,"166":0,"167":0,"168":0,"169":0,"170":0,"171":0,"172":0,"173":0,"174":0,"175":0,"176":0,"177":0,"178":0,"179":0,"180":0,"181":0,"182":0,"183":0,"184":0,"185":0,"186":0,"187":0,"188":0,"189":0,"190":0,"191":0,"192":0,"193":0,"194":0,"195":0,"196":0,"197":0,"198":0,"199":0,"200":0,"201":0,"202":0,"203":0,"204":0,"205":0,"206":0,"207":0,"208":0,"209":0,"210":0,"211":0,"212":0,"213":0,"214":0,"215":0,"216":0,"217":0,"218":0,"219":0,"220":0,"221":0,"222":0,"223":0,"224":0,"225":0,"226":0,"227":0,"228":0,"229":0,"230":0,"231":0,"232":0,"233":0,"234":0,"235":0,"236":0,"237":0,"238":0,"239":0,"240":0,"241":0,"242":0,"243":0,"244":0,"245":0,"246":0,"247":0,"248":0,"249":0,"250":0,"251":0,"252":0,"253":0,"254":0,"255":0,"256":0,"257":0,"258":0,"259":0,"260":0,"261":0,"262":0,"263":0,"264":0,"265":0,"266":0,"267":0,"268":0,"269":0,"270":0,"271":0,"272":0,"273":0,"274":0,"275":0,"276":0,"277":0,"278":0,"279":0,"280":0,"281":0,"282":0,"283":0,"284":0,"285":0,"286":0,"287":0,"288":0,"289":0,"290":0,"291":0,"292":0,"293":0,"294":0,"295":0,"296":0,"297":0,"298":0,"299":0,"300":0,"301":0,"302":0,"303":0,"304":0,"305":0,"306":0,"307":0,"308":0,"309":0,"310":0,"311":0,"312":0,"313":0,"314":0,"315":0,"316":0,"317":0,"318":0,"319":0,"320":0,"321":0,"322":0,"323":0,"324":0,"325":0,"326":0,"327":0,"328":0,"329":0,"330":0,"331":0,"332":0,"333":0,"334":0,"335":0,"336":0,"337":0,"338":0,"339":0,"340":0,"341":0,"342":0,"343":0,"344":0,"345":0,"346":0,"347":0,"348":0,"349":0,"350":0,"351":0,"352":0,"353":0,"354":0,"355":0,"356":0,"357":0,"358":0,"359":0,"360":0,"361":0,"362":0,"363":0,"364":0,"365":0,"366":0,"367":0,"368":0,"369":0,"370":0,"371":0,"372":0,"373":0,"374":0,"375":0,"376":0,"377":0,"378":0,"379":0,"380":0,"381":0,"382":0,"383":0,"384":0,"385":0,"386":0,"387":0,"388":0,"389":0,"390":0,"391":0,"392":0,"393":0,"394":0,"395":0,"396":0,"397":0,"398":0,"399":0,"400":0,"401":0,"402":0,"403":0,"404":0,"405":0,"406":0,"407":0,"408":0,"409":0,"410":0,"411":0,"412":0,"413":0,"414":0,"415":0,"416":0,"417":0,"418":0,"419":0,"420":0,"421":0,"422":0,"423":0,"424":0,"425":0,"426":0,"427":0,"428":0,"429":0,"430":0,"431":0,"432":0,"433":0,"434":0,"435":0,"436":0,"437":0,"438":0,"439":0,"440":0,"441":0,"442":0,"443":0,"444":0,"445":0,"446":0,"447":0,"448":0,"449":0,"450":0,"451":0,"452":0,"453":0,"454":0,"455":0,"456":0,"457":0,"458":0,"459":0,"460":0,"461":0,"462":0,"463":0,"464":0,"465":0,"466":0,"467":0,"468":0,"469":0,"470":0,"471":0,"472":0,"473":0,"474":0,"475":0,"476":0,"477":0,"478":0,"479":0,"480":0,"481":0,"482":0,"483":0,"484":0,"485":0,"486":0,"487":0,"488":0,"489":0,"490":0,"491":0,"492":0,"493":0,"494":0,"495":0,"496":0,"497":0,"498":0,"499":0,"500":0,"501":0,"502":0,"503":0,"504":0,"505":0,"506":0,"507":0,"508":0,"509":0,"510":0,"511":0,"512":0,"513":0,"514":0,"515":0,"516":0,"517":0,"518":0,"519":0,"520":0,"521":0,"522":0,"523":0,"524":0,"525":0,"526":0,"527":0,"528":0,"529":0,"530":0,"531":0,"532":0,"533":0,"534":0,"535":0,"536":0,"537":0,"538":0,"539":0,"540":0,"541":0,"542":0,"543":0,"544":0,"545":0,"546":0,"547":0,"548":0,"549":0,"550":0,"551":0,"552":0,"553":0,"554":0,"555":0,"556":0,"557":0,"558":0,"559":0,"560":0,"561":0,"562":0,"563":0,"564":0,"565":0,"566":0,"567":0,"568":0,"569":0,"570":0,"571":0,"572":0,"573":0,"574":0,"575":0,"576":0,"577":0,"578":0,"579":0,"580":0,"581":0,"582":0,"583":0,"584":0,"585":0,"586":0,"587":0,"588":0,"589":0,"590":0,"591":0,"592":0,"593":0,"594":0,"595":0,"596":0,"597":0,"598":0,"599":0,"600":0,"601":0,"602":0,"603":0,"604":0,"605":0,"606":0,"607":0,"608":0,"609":0,"610":0,"611":0,"612":0,"613":0,"614":0,"615":0,"616":0,"617":0,"618":0,"619":0,"620":0,"621":0,"622":0,"623":0,"624":0,"625":0,"626":0,"627":0,"628":0,"629":0,"630":0,"631":0,"632":0,"633":0,"634":0,"635":0,"636":0,"637":0,"638":0,"639":0,"640":0,"641":0,"642":0,"643":0,"644":0,"645":0,"646":0,"647":0,"648":0,"649":0,"650":0,"651":0,"652":0,"653":0,"654":0,"655":0,"656":0,"657":0,"658":0,"659":0,"660":0,"661":0,"662":0,"663":0,"664":0,"665":0,"666":0,"667":0,"668":0,"669":0,"670":0,"671":0,"672":0,"673":0,"674":0,"675":0,"676":0,"677":0,"678":0,"679":0,"680":0,"681":0,"682":0,"683":0,"684":0,"685":0,"686":0,"687":0,"688":0,"689":0,"690":0,"691":0,"692":0,"693":0,"694":0,"695":0,"696":0,"697":0,"698":0,"699":0,"700":0,"701":0,"702":0,"703":0,"704":0,"705":0,"706":0,"707":0,"708":0,"709":0,"710":0,"711":0,"712":0,"713":0,"714":0,"715":0,"716":0,"717":0,"718":0,"719":0,"720":0,"721":0,"722":0,"723":0,"724":0,"725":0,"726":0,"727":0,"728":0,"729":0,"730":0,"731":0,"732":0,"733":0,"734":0,"735":0,"736":0,"737":0,"738":0,"739":0,"740":0,"741":0,"742":0,"743":0,"744":0,"745":0,"746":0,"747":0,"748":0,"749":0,"750":0,"751":0,"752":0,"753":0,"754":0,"755":0,"756":0,"757":0,"758":0,"759":0,"760":0,"761":0,"762":0,"763":0,"764":0,"765":0,"766":0,"767":0,"768":0,"769":0,"770":0,"771":0,"772":0,"773":0,"774":0,"775":0,"776":0,"777":0,"778":0,"779":0,"780":0,"781":0,"782":0,"783":0,"784":0,"785":0,"786":0,"787":0,"788":0,"789":0,"790":0,"791":0,"792":0,"793":0,"794":0,"795":0,"796":0,"797":0,"798":0,"799":0,"800":0,"801":0,"802":0,"803":0,"804":0,"805":0,"806":0,"807":0,"808":0,"809":0,"810":0,"811":0,"812":0,"813":0,"814":0,"815":0,"816":0,"817":0,"818":0,"819":0,"820":0,"821":0,"822":0,"823":0,"824":0,"825":0,"826":0,"827":0,"828":0,"829":0,"830":0,"831":0,"832":0,"833":0,"834":0,"835":0,"836":0,"837":0,"838":0,"839":0,"840":0,"841":0,"842":0,"843":0,"844":0,"845":0,"846":0,"847":0,"848":0,"849":0,"850":0,"851":0,"852":0,"853":0,"854":0,"855":0,"856":0,"857":0,"858":0,"859":0,"860":0,"861":0,"862":0,"863":0,"864":0,"865":0,"866":0,"867":0,"868":0,"869":0,"870":0,"871":0,"872":0,"873":0,"874":0,"875":0,"876":0,"877":0,"878":0,"879":0,"880":0,"881":0,"882":0,"883":0,"884":0,"885":0,"886":0,"887":0,"888":0,"889":0,"890":0,"891":0,"892":0,"893":0,"894":0,"895":0,"896":0,"897":0,"898":0,"899":0,"900":0,"901":0,"902":0,"903":0,"904":0,"905":0,"906":0,"907":0,"908":0,"909":0,"910":0,"911":0,"912":0,"913":0,"914":0,"915":0,"916":0,"917":0,"918":0,"919":0,"920":0,"921":0,"922":0,"923":0,"924":0,"925":0,"926":0,"927":0,"928":0,"929":0,"930":0,"931":0,"932":0,"933":0,"934":0,"935":0,"936":0,"937":0,"938":0,"939":0,"940":0,"941":0,"942":0,"943":0,"944":0,"945":0,"946":0,"947":0,"948":0,"949":0,"950":0,"951":0,"952":0,"953":0,"954":0,"955":0,"956":0,"957":0,"958":0,"959":0,"960":0,"961":0,"962":0,"963":0,"964":0,"965":0,"966":0,"967":0,"968":0,"969":0,"970":0,"971":0,"972":0,"973":0,"974":0,"975":0,"976":0,"977":0,"978":0,"979":0,"980":0,"981":0,"982":0,"983":0,"984":0,"985":0,"986":0,"987":0,"988":0,"989":0,"990":0,"991":0,"992":0,"993":0,"994":0,"995":0,"996":0,"997":0,"998":0,"999":0,"1000":0,"1001":0,"1002":0,"1003":0,"1004":0,"1005":0,"1006":0,"1007":0,"1008":0,"1009":0,"1010":0,"1011":0,"1012":0,"1013":0,"1014":0,"1015":0,"1016":0,"1017":0,"1018":0,"1019":0,"1020":0,"1021":0,"1022":0,"1023":0,"1024":0,"1025":0,"1026":0,"1027":0,"1028":0,"1029":0,"1030":0,"1031":0,"1032":0,"1033":0,"1034":0,"1035":0,"1036":0,"1037":0,"1038":0,"1039":0,"1040":0,"1041":0,"1042":0,"1043":0,"1044":0,"1045":0,"1046":0,"1047":0,"1048":0,"1049":0,"1050":0,"1051":0,"1052":0,"1053":0,"1054":0,"1055":0,"1056":0,"1057":0,"1058":0,"1059":0,"1060":0,"1061":0,"1062":0,"1063":0,"1064":0,"1065":0,"1066":0,"1067":0,"1068":0,"1069":0,"1070":0,"1071":0,"1072":0,"1073":0,"1074":0,"1075":0,"1076":0,"1077":0,"1078":0,"1079":0,"1080":0,"1081":0,"1082":0,"1083":0,"1084":0,"1085":0,"1086":0,"1087":0,"1088":0,"1089":0,"1090":0,"1091":0,"1092":0,"1093":0,"1094":0,"1095":0,"1096":0,"1097":0,"1098":0,"1099":0,"1100":0,"1101":0,"1102":0,"1103":0,"1104":0,"1105":0,"1106":0,"1107":0,"1108":0,"1109":0,"1110":0,"1111":0,"1112":0,"1113":0,"1114":0,"1115":0,"1116":0,"1117":0,"1118":0,"1119":0,"1120":0,"1121":0,"1122":0,"1123":0,"1124":0,"1125":0,"1126":0,"1127":0,"1128":0,"1129":0,"1130":0,"1131":0,"1132":0,"1133":0,"1134":0,"1135":0,"1136":0,"1137":0,"1138":0,"1139":0,"1140":0,"1141":0,"1142":0,"1143":0,"1144":0,"1145":0,"1146":0,"1147":0,"1148":0,"1149":0,"1150":0,"1151":0,"1152":0,"1153":0,"1154":0,"1155":0,"1156":0,"1157":0,"1158":0,"1159":0,"1160":0,"1161":0,"1162":0,"1163":0,"1164":0,"1165":0,"1166":0,"1167":0,"1168":0,"1169":0,"1170":0,"1171":0,"1172":0,"1173":0,"1174":0,"1175":0,"1176":0,"1177":0,"1178":0,"1179":0,"1180":0,"1181":0,"1182":0,"1183":0,"1184":0,"1185":0,"1186":0,"1187":0,"1188":0,"1189":0,"1190":0,"1191":0,"1192":0,"1193":0,"1194":0,"1195":0,"1196":0,"1197":0,"1198":0,"1199":0,"1200":0,"1201":0,"1202":0,"1203":0,"1204":0,"1205":0,"1206":0,"1207":0,"1208":0,"1209":0,"1210":0,"1211":0,"1212":0,"1213":0,"1214":0,"1215":0,"1216":0,"1217":0,"1218":0,"1219":0,"1220":0,"1221":0,"1222":0,"1223":0,"1224":0,"1225":0,"1226":0,"1227":0,"1228":0,"1229":0,"1230":0,"1231":0,"1232":0,"1233":0,"1234":0,"1235":0,"1236":0,"1237":0,"1238":0,"1239":0,"1240":0,"1241":0,"1242":0,"1243":0,"1244":0,"1245":0,"1246":0,"1247":0,"1248":0,"1249":0,"1250":0,"1251":0,"1252":0,"1253":0,"1254":0,"1255":0,"1256":0,"1257":0,"1258":0,"1259":0,"1260":0,"1261":0,"1262":0,"1263":0,"1264":0,"1265":0,"1266":0,"1267":0,"1268":0,"1269":0,"1270":0,"1271":0,"1272":0,"1273":0,"1274":0,"1275":0,"1276":0,"1277":0,"1278":0,"1279":0,"1280":0,"1281":0,"1282":0,"1283":0,"1284":0,"1285":0,"1286":0,"1287":0,"1288":0,"1289":0,"1290":0,"1291":0,"1292":0,"1293":0,"1294":0,"1295":0,"1296":0,"1297":0,"1298":0,"1299":0,"1300":0,"1301":0,"1302":0,"1303":0,"1304":0,"1305":0,"1306":0,"1307":0,"1308":0,"1309":0,"1310":0,"1311":0,"1312":0,"1313":0,"1314":0,"1315":0,"1316":0,"1317":0,"1318":0,"1319":0,"1320":0,"1321":0,"1322":0,"1323":0,"1324":0,"1325":0,"1326":0,"1327":0,"1328":0,"1329":0,"1330":0,"1331":0,"1332":0,"1333":0,"1334":0,"1335":0,"1336":0,"1337":0,"1338":0,"1339":0,"1340":0,"1341":0,"1342":0,"1343":0,"1344":0,"1345":0,"1346":0,"1347":0,"1348":0,"1349":0,"1350":0,"1351":0,"1352":0,"1353":0,"1354":0,"1355":0,"1356":0,"1357":0,"1358":0,"1359":0,"1360":0,"1361":0,"1362":0,"1363":0,"1364":0,"1365":0,"1366":0,"1367":0,"1368":0,"1369":0,"1370":0,"1371":0,"1372":0,"1373":0,"1374":0,"1375":0,"1376":0,"1377":0,"1378":0,"1379":0,"1380":0,"1381":0,"1382":0,"1383":0,"1384":0,"1385":0,"1386":0,"1387":0,"1388":0,"1389":0,"1390":0,"1391":0,"1392":0,"1393":0,"1394":0,"1395":0,"1396":0,"1397":0,"1398":0,"1399":0,"1400":0,"1401":0,"1402":0,"1403":0,"1404":0,"1405":0,"1406":0,"1407":0,"1408":0,"1409":0,"1410":0,"1411":0,"1412":0,"1413":0,"1414":0,"1415":0,"1416":0,"1417":0,"1418":0,"1419":0,"1420":0,"1421":0,"1422":0,"1423":0,"1424":0,"1425":0,"1426":0,"1427":0,"1428":0,"1429":0,"1430":0,"1431":0,"1432":0,"1433":0,"1434":0,"1435":0,"1436":0,"1437":0,"1438":0,"1439":0,"1440":0,"1441":0,"1442":0,"1443":0,"1444":0,"1445":0,"1446":0,"1447":0,"1448":0,"1449":0,"1450":0,"1451":0,"1452":0,"1453":0,"1454":0,"1455":0,"1456":0,"1457":0,"1458":0,"1459":0,"1460":0,"1461":0,"1462":0,"1463":0,"1464":0,"1465":0,"1466":0,"1467":0,"1468":0,"1469":0,"1470":0,"1471":0,"1472":0,"1473":0,"1474":0,"1475":0,"1476":0,"1477":0,"1478":0,"1479":0,"1480":0,"1481":0,"1482":0,"1483":0,"1484":0,"1485":0,"1486":0,"1487":0,"1488":0,"1489":0,"1490":0,"1491":0,"1492":0,"1493":0,"1494":0,"1495":0,"1496":0,"1497":0,"1498":0,"1499":0,"1500":0,"1501":0,"1502":0,"1503":0,"1504":0,"1505":0,"1506":0,"1507":0,"1508":0,"1509":0,"1510":0,"1511":0,"1512":0,"1513":0,"1514":0,"1515":0,"1516":0,"1517":0,"1518":0,"1519":0,"1520":0,"1521":0,"1522":0,"1523":0,"1524":0,"1525":0,"1526":0,"1527":0,"1528":0,"1529":0,"1530":0,"1531":0,"1532":0,"1533":0,"1534":0,"1535":0,"1536":0,"1537":0,"1538":0,"1539":0,"1540":0,"1541":0,"1542":0,"1543":0,"1544":0,"1545":0,"1546":0,"1547":0,"1548":0,"1549":0,"1550":0,"1551":0,"1552":0,"1553":0,"1554":0,"1555":0,"1556":0,"1557":0,"1558":0,"1559":0,"1560":0,"1561":0,"1562":0,"1563":0,"1564":0,"1565":0,"1566":0,"1567":0,"1568":0,"1569":0,"1570":0,"1571":0,"1572":0,"1573":0,"1574":0,"1575":0,"1576":0,"1577":0,"1578":0,"1579":0,"1580":0,"1581":0,"1582":0,"1583":0,"1584":0,"1585":0,"1586":0,"1587":0,"1588":0,"1589":0,"1590":0,"1591":0,"1592":0,"1593":0,"1594":0,"1595":0,"1596":0,"1597":0,"1598":0,"1599":0,"1600":0,"1601":0,"1602":0,"1603":0,"1604":0,"1605":0,"1606":0,"1607":0,"1608":0,"1609":0,"1610":0,"1611":0,"1612":0,"1613":0,"1614":0,"1615":0,"1616":0,"1617":0,"1618":0,"1619":0,"1620":0,"1621":0,"1622":0,"1623":0,"1624":0,"1625":0,"1626":0,"1627":0,"1628":0,"1629":0,"1630":0,"1631":0,"1632":0,"1633":0,"1634":0,"1635":0,"1636":0,"1637":0,"1638":0,"1639":0,"1640":0,"1641":0,"1642":0,"1643":0,"1644":0,"1645":0,"1646":0,"1647":0,"1648":0,"1649":0,"1650":0,"1651":0,"1652":0,"1653":0,"1654":0,"1655":0,"1656":0,"1657":0,"1658":0,"1659":0,"1660":0,"1661":0,"1662":0,"1663":0,"1664":0,"1665":0,"1666":0,"1667":0,"1668":0,"1669":0,"1670":0,"1671":0,"1672":0,"1673":0,"1674":0,"1675":0,"1676":0,"1677":0,"1678":0,"1679":0,"1680":0,"1681":0,"1682":0,"1683":0,"1684":0,"1685":0,"1686":0,"1687":0,"1688":0,"1689":0,"1690":0,"1691":0,"1692":0,"1693":0,"1694":0,"1695":0,"1696":0,"1697":0,"1698":0,"1699":0,"1700":0,"1701":0,"1702":0,"1703":0,"1704":0,"1705":0,"1706":0,"1707":0,"1708":0,"1709":0,"1710":0,"1711":0,"1712":0,"1713":0,"1714":0,"1715":0,"1716":0,"1717":0,"1718":0,"1719":0,"1720":0,"1721":0,"1722":0,"1723":0,"1724":0,"1725":0,"1726":0,"1727":0,"1728":0,"1729":0,"1730":0,"1731":0,"1732":0,"1733":0,"1734":0,"1735":0,"1736":0,"1737":0,"1738":0,"1739":0,"1740":0,"1741":0,"1742":0,"1743":0,"1744":0,"1745":0,"1746":0,"1747":0,"1748":0,"1749":0,"1750":0,"1751":0,"1752":0,"1753":0,"1754":0,"1755":0,"1756":0,"1757":0,"1758":0,"1759":0},"f":{"0":0,"1":0,"2":0,"3":0,"4":0,"5":0,"6":0,"7":0,"8":0,"9":0,"10":0,"11":0,"12":0,"13":0,"14":0,"15":0,"16":0,"17":0,"18":0,"19":0,"20":0,"21":0,"22":0,"23":0,"24":0,"25":0,"26":0,"27":0,"28":0,"29":0,"30":0,"31":0,"32":0,"33":0,"34":0,"35":0,"36":0,"37":0,"38":0,"39":0,"40":0,"41":0,"42":0,"43":0,"44":0,"45":0,"46":0,"47":0,"48":0,"49":0,"50":0,"51":0,"52":0,"53":0,"54":0,"55":0,"56":0,"57":0,"58":0,"59":0,"60":0,"61":0,"62":0,"63":0,"64":0,"65":0,"66":0,"67":0,"68":0,"69":0,"70":0,"71":0,"72":0,"73":0,"74":0,"75":0,"76":0,"77":0,"78":0,"79":0,"80":0,"81":0,"82":0,"83":0,"84":0,"85":0,"86":0,"87":0,"88":0,"89":0,"90":0,"91":0,"92":0,"93":0,"94":0,"95":0,"96":0,"97":0},"b":{"0":[0,0],"1":[0,0],"2":[0,0],"3":[0,0],"4":[0,0],"5":[0,0],"6":[0,0],"7":[0,0],"8":[0,0],"9":[0,0],"10":[0,0],"11":[0,0],"12":[0,0],"13":[0,0],"14":[0,0],"15":[0,0],"16":[0,0],"17":[0,0],"18":[0,0],"19":[0,0],"20":[0,0],"21":[0,0],"22":[0,0],"23":[0,0,0,0,0,0,0,0,0],"24":[0,0],"25":[0,0],"26":[0,0],"27":[0,0],"28":[0,0],"29":[0,0],"30":[0,0],"31":[0,0],"32":[0,0],"33":[0,0],"34":[0,0],"35":[0,0],"36":[0,0],"37":[0,0],"38":[0,0],"39":[0,0],"40":[0,0],"41":[0,0],"42":[0,0],"43":[0,0],"44":[0,0],"45":[0,0],"46":[0,0],"47":[0,0],"48":[0,0],"49":[0,0],"50":[0,0],"51":[0,0],"52":[0,0],"53":[0,0],"54":[0,0],"55":[0,0],"56":[0,0],"57":[0,0],"58":[0,0],"59":[0,0],"60":[0,0],"61":[0,0],"62":[0,0],"63":[0,0],"64":[0,0],"65":[0,0],"66":[0,0],"67":[0,0],"68":[0,0],"69":[0,0],"70":[0,0],"71":[0,0],"72":[0,0],"73":[0,0],"74":[0,0],"75":[0,0],"76":[0,0],"77":[0,0],"78":[0,0],"79":[0,0],"80":[0,0],"81":[0,0],"82":[0,0],"83":[0,0],"84":[0,0],"85":[0,0],"86":[0,0],"87":[0,0],"88":[0,0],"89":[0,0],"90":[0,0],"91":[0,0],"92":[0,0],"93":[0,0],"94":[0,0],"95":[0,0],"96":[0,0],"97":[0,0],"98":[0,0],"99":[0,0,0],"100":[0,0],"101":[0,0],"102":[0,0,0,0,0,0,0,0,0,0],"103":[0,0],"104":[0,0],"105":[0,0],"106":[0,0],"107":[0,0],"108":[0,0],"109":[0,0],"110":[0,0],"111":[0,0],"112":[0,0],"113":[0,0],"114":[0,0],"115":[0,0],"116":[0,0],"117":[0,0],"118":[0,0],"119":[0,0],"120":[0,0],"121":[0,0],"122":[0,0],"123":[0,0],"124":[0,0],"125":[0,0],"126":[0,0],"127":[0,0],"128":[0,0],"129":[0,0,0],"130":[0,0],"131":[0,0],"132":[0,0],"133":[0,0],"134":[0,0],"135":[0,0],"136":[0,0],"137":[0,0],"138":[0,0],"139":[0,0],"140":[0,0],"141":[0,0],"142":[0,0],"143":[0,0],"144":[0,0,0],"145":[0,0],"146":[0,0],"147":[0,0],"148":[0,0],"149":[0,0],"150":[0,0],"151":[0,0],"152":[0,0],"153":[0,0],"154":[0,0],"155":[0,0],"156":[0,0],"157":[0,0],"158":[0,0],"159":[0,0],"160":[0,0,0,0,0,0,0],"161":[0,0],"162":[0,0],"163":[0,0],"164":[0,0],"165":[0,0],"166":[0,0],"167":[0,0],"168":[0,0],"169":[0,0],"170":[0,0],"171":[0,0],"172":[0,0],"173":[0,0],"174":[0,0],"175":[0,0],"176":[0,0],"177":[0,0],"178":[0,0],"179":[0,0],"180":[0,0],"181":[0,0],"182":[0,0],"183":[0,0],"184":[0,0],"185":[0,0],"186":[0,0],"187":[0,0],"188":[0,0],"189":[0,0],"190":[0,0],"191":[0,0],"192":[0,0],"193":[0,0],"194":[0,0],"195":[0,0],"196":[0,0],"197":[0,0],"198":[0,0],"199":[0,0],"200":[0,0],"201":[0,0],"202":[0,0],"203":[0,0],"204":[0,0],"205":[0,0],"206":[0,0],"207":[0,0],"208":[0,0],"209":[0,0],"210":[0,0],"211":[0,0],"212":[0,0],"213":[0,0],"214":[0,0],"215":[0,0],"216":[0,0],"217":[0,0],"218":[0,0],"219":[0,0],"220":[0,0],"221":[0,0],"222":[0,0],"223":[0,0],"224":[0,0],"225":[0,0],"226":[0,0],"227":[0,0],"228":[0,0],"229":[0,0],"230":[0,0],"231":[0,0],"232":[0,0],"233":[0,0],"234":[0,0],"235":[0,0],"236":[0,0],"237":[0,0],"238":[0,0],"239":[0,0],"240":[0,0],"241":[0,0],"242":[0,0],"243":[0,0],"244":[0,0],"245":[0,0],"246":[0,0],"247":[0,0],"248":[0,0],"249":[0,0],"250":[0,0,0],"251":[0,0],"252":[0,0],"253":[0,0],"254":[0,0],"255":[0,0],"256":[0,0],"257":[0,0],"258":[0,0],"259":[0,0],"260":[0,0],"261":[0,0],"262":[0,0],"263":[0,0],"264":[0,0,0],"265":[0,0],"266":[0,0],"267":[0,0],"268":[0,0],"269":[0,0],"270":[0,0],"271":[0,0],"272":[0,0],"273":[0,0],"274":[0,0],"275":[0,0],"276":[0,0],"277":[0,0],"278":[0,0],"279":[0,0],"280":[0,0],"281":[0,0],"282":[0,0],"283":[0,0],"284":[0,0],"285":[0,0],"286":[0,0],"287":[0,0],"288":[0,0],"289":[0,0],"290":[0,0],"291":[0,0],"292":[0,0],"293":[0,0],"294":[0,0]}}}