{"/home/oliver/go/src/github.com/hyperledger/fabric-samples/securitization-chaincode/chaincodes/my_chaincodeTest/lib/securitizationContract.js":{"path":"/home/oliver/go/src/github.com/hyperledger/fabric-samples/securitization-chaincode/chaincodes/my_chaincodeTest/lib/securitizationContract.js","statementMap":{"0":{"start":{"line":3,"column":26},"end":{"line":3,"column":56}},"1":{"start":{"line":9,"column":8},"end":{"line":9,"column":16}},"2":{"start":{"line":13,"column":8},"end":{"line":13,"column":46}},"3":{"start":{"line":17,"column":8},"end":{"line":17,"column":59}},"4":{"start":{"line":21,"column":8},"end":{"line":21,"column":44}},"5":{"start":{"line":26,"column":8},"end":{"line":26,"column":74}},"6":{"start":{"line":31,"column":8},"end":{"line":31,"column":24}},"7":{"start":{"line":35,"column":8},"end":{"line":35,"column":38}},"8":{"start":{"line":39,"column":8},"end":{"line":39,"column":32}},"9":{"start":{"line":43,"column":8},"end":{"line":43,"column":67}},"10":{"start":{"line":52,"column":8},"end":{"line":52,"column":43}},"11":{"start":{"line":60,"column":8},"end":{"line":60,"column":43}},"12":{"start":{"line":68,"column":21},"end":{"line":68,"column":40}},"13":{"start":{"line":77,"column":8},"end":{"line":79,"column":9}},"14":{"start":{"line":78,"column":12},"end":{"line":78,"column":74}},"15":{"start":{"line":80,"column":16},"end":{"line":80,"column":57}},"16":{"start":{"line":81,"column":19},"end":{"line":81,"column":26}},"17":{"start":{"line":82,"column":20},"end":{"line":82,"column":30}},"18":{"start":{"line":85,"column":8},"end":{"line":89,"column":9}},"19":{"start":{"line":85,"column":19},"end":{"line":85,"column":20}},"20":{"start":{"line":86,"column":12},"end":{"line":88,"column":13}},"21":{"start":{"line":87,"column":16},"end":{"line":87,"column":73}},"22":{"start":{"line":107,"column":27},"end":{"line":107,"column":44}},"23":{"start":{"line":109,"column":18},"end":{"line":109,"column":19}},"24":{"start":{"line":110,"column":8},"end":{"line":118,"column":9}},"25":{"start":{"line":110,"column":18},"end":{"line":110,"column":19}},"26":{"start":{"line":111,"column":12},"end":{"line":114,"column":13}},"27":{"start":{"line":112,"column":16},"end":{"line":112,"column":24}},"28":{"start":{"line":113,"column":16},"end":{"line":113,"column":30}},"29":{"start":{"line":115,"column":12},"end":{"line":117,"column":13}},"30":{"start":{"line":116,"column":16},"end":{"line":116,"column":79}},"31":{"start":{"line":119,"column":8},"end":{"line":121,"column":9}},"32":{"start":{"line":120,"column":12},"end":{"line":120,"column":45}},"33":{"start":{"line":123,"column":8},"end":{"line":123,"column":34}},"34":{"start":{"line":124,"column":8},"end":{"line":126,"column":9}},"35":{"start":{"line":125,"column":12},"end":{"line":125,"column":64}},"36":{"start":{"line":127,"column":8},"end":{"line":127,"column":19}},"37":{"start":{"line":133,"column":24},"end":{"line":133,"column":48}},"38":{"start":{"line":135,"column":19},"end":{"line":135,"column":93}},"39":{"start":{"line":137,"column":8},"end":{"line":141,"column":9}},"40":{"start":{"line":140,"column":12},"end":{"line":140,"column":44}},"41":{"start":{"line":143,"column":19},"end":{"line":143,"column":23}},"42":{"start":{"line":144,"column":19},"end":{"line":153,"column":9}},"43":{"start":{"line":155,"column":8},"end":{"line":155,"column":72}},"44":{"start":{"line":156,"column":8},"end":{"line":156,"column":19}},"45":{"start":{"line":160,"column":21},"end":{"line":160,"column":53}},"46":{"start":{"line":161,"column":22},"end":{"line":161,"column":91}},"47":{"start":{"line":163,"column":23},"end":{"line":163,"column":25}},"48":{"start":{"line":164,"column":20},"end":{"line":164,"column":21}},"49":{"start":{"line":166,"column":8},"end":{"line":177,"column":9}},"50":{"start":{"line":167,"column":12},"end":{"line":167,"column":53}},"51":{"start":{"line":169,"column":12},"end":{"line":169,"column":32}},"52":{"start":{"line":170,"column":12},"end":{"line":173,"column":13}},"53":{"start":{"line":171,"column":16},"end":{"line":171,"column":42}},"54":{"start":{"line":172,"column":16},"end":{"line":172,"column":39}},"55":{"start":{"line":174,"column":12},"end":{"line":176,"column":13}},"56":{"start":{"line":175,"column":16},"end":{"line":175,"column":21}},"57":{"start":{"line":178,"column":8},"end":{"line":180,"column":9}},"58":{"start":{"line":179,"column":12},"end":{"line":179,"column":59}},"59":{"start":{"line":181,"column":16},"end":{"line":181,"column":74}},"60":{"start":{"line":182,"column":8},"end":{"line":182,"column":18}},"61":{"start":{"line":190,"column":18},"end":{"line":190,"column":79}},"62":{"start":{"line":191,"column":8},"end":{"line":193,"column":9}},"63":{"start":{"line":192,"column":12},"end":{"line":192,"column":49}},"64":{"start":{"line":194,"column":8},"end":{"line":194,"column":19}},"65":{"start":{"line":198,"column":19},"end":{"line":198,"column":21}},"66":{"start":{"line":199,"column":12},"end":{"line":199,"column":33}},"67":{"start":{"line":200,"column":2},"end":{"line":225,"column":3}},"68":{"start":{"line":201,"column":3},"end":{"line":223,"column":4}},"69":{"start":{"line":202,"column":18},"end":{"line":202,"column":20}},"70":{"start":{"line":204,"column":4},"end":{"line":221,"column":5}},"71":{"start":{"line":205,"column":5},"end":{"line":205,"column":36}},"72":{"start":{"line":206,"column":5},"end":{"line":206,"column":45}},"73":{"start":{"line":207,"column":5},"end":{"line":212,"column":6}},"74":{"start":{"line":208,"column":6},"end":{"line":208,"column":67}},"75":{"start":{"line":211,"column":6},"end":{"line":211,"column":55}},"76":{"start":{"line":214,"column":5},"end":{"line":214,"column":33}},"77":{"start":{"line":215,"column":5},"end":{"line":220,"column":6}},"78":{"start":{"line":216,"column":6},"end":{"line":216,"column":68}},"79":{"start":{"line":219,"column":6},"end":{"line":219,"column":56}},"80":{"start":{"line":222,"column":4},"end":{"line":222,"column":29}},"81":{"start":{"line":224,"column":3},"end":{"line":224,"column":31}},"82":{"start":{"line":226,"column":2},"end":{"line":226,"column":19}},"83":{"start":{"line":227,"column":2},"end":{"line":227,"column":20}},"84":{"start":{"line":232,"column":18},"end":{"line":232,"column":73}},"85":{"start":{"line":233,"column":30},"end":{"line":233,"column":66}},"86":{"start":{"line":234,"column":16},"end":{"line":234,"column":64}},"87":{"start":{"line":235,"column":2},"end":{"line":235,"column":17}},"88":{"start":{"line":244,"column":8},"end":{"line":244,"column":42}},"89":{"start":{"line":247,"column":24},"end":{"line":247,"column":48}},"90":{"start":{"line":248,"column":22},"end":{"line":248,"column":54}},"91":{"start":{"line":250,"column":18},"end":{"line":250,"column":92}},"92":{"start":{"line":253,"column":8},"end":{"line":253,"column":19}},"93":{"start":{"line":255,"column":34},"end":{"line":264,"column":9}},"94":{"start":{"line":265,"column":8},"end":{"line":265,"column":103}},"95":{"start":{"line":266,"column":8},"end":{"line":266,"column":34}},"96":{"start":{"line":271,"column":23},"end":{"line":271,"column":82}},"97":{"start":{"line":272,"column":20},"end":{"line":272,"column":21}},"98":{"start":{"line":275,"column":8},"end":{"line":278,"column":13}},"99":{"start":{"line":276,"column":12},"end":{"line":276,"column":52}},"100":{"start":{"line":277,"column":12},"end":{"line":277,"column":30}},"101":{"start":{"line":279,"column":8},"end":{"line":283,"column":9}},"102":{"start":{"line":280,"column":12},"end":{"line":280,"column":45}},"103":{"start":{"line":281,"column":14},"end":{"line":283,"column":9}},"104":{"start":{"line":282,"column":12},"end":{"line":282,"column":24}},"105":{"start":{"line":284,"column":8},"end":{"line":284,"column":23}},"106":{"start":{"line":289,"column":21},"end":{"line":289,"column":53}},"107":{"start":{"line":290,"column":24},"end":{"line":290,"column":93}},"108":{"start":{"line":291,"column":22},"end":{"line":291,"column":24}},"109":{"start":{"line":293,"column":8},"end":{"line":296,"column":9}},"110":{"start":{"line":294,"column":12},"end":{"line":294,"column":52}},"111":{"start":{"line":295,"column":12},"end":{"line":295,"column":32}},"112":{"start":{"line":297,"column":8},"end":{"line":297,"column":23}},"113":{"start":{"line":302,"column":21},"end":{"line":302,"column":53}},"114":{"start":{"line":303,"column":24},"end":{"line":303,"column":84}},"115":{"start":{"line":304,"column":22},"end":{"line":304,"column":24}},"116":{"start":{"line":306,"column":8},"end":{"line":309,"column":9}},"117":{"start":{"line":307,"column":12},"end":{"line":307,"column":52}},"118":{"start":{"line":308,"column":12},"end":{"line":308,"column":32}},"119":{"start":{"line":310,"column":8},"end":{"line":310,"column":23}},"120":{"start":{"line":319,"column":8},"end":{"line":319,"column":40}},"121":{"start":{"line":322,"column":8},"end":{"line":322,"column":43}},"122":{"start":{"line":325,"column":29},"end":{"line":325,"column":55}},"123":{"start":{"line":326,"column":8},"end":{"line":326,"column":34}},"124":{"start":{"line":327,"column":8},"end":{"line":327,"column":37}},"125":{"start":{"line":328,"column":22},"end":{"line":328,"column":55}},"126":{"start":{"line":329,"column":8},"end":{"line":329,"column":30}},"127":{"start":{"line":330,"column":8},"end":{"line":330,"column":40}},"128":{"start":{"line":332,"column":22},"end":{"line":332,"column":42}},"129":{"start":{"line":333,"column":8},"end":{"line":335,"column":9}},"130":{"start":{"line":334,"column":12},"end":{"line":334,"column":74}},"131":{"start":{"line":336,"column":21},"end":{"line":336,"column":40}},"132":{"start":{"line":338,"column":8},"end":{"line":340,"column":9}},"133":{"start":{"line":339,"column":12},"end":{"line":339,"column":74}},"134":{"start":{"line":341,"column":8},"end":{"line":341,"column":38}},"135":{"start":{"line":342,"column":16},"end":{"line":342,"column":57}},"136":{"start":{"line":343,"column":19},"end":{"line":343,"column":26}},"137":{"start":{"line":344,"column":20},"end":{"line":344,"column":30}},"138":{"start":{"line":346,"column":8},"end":{"line":350,"column":9}},"139":{"start":{"line":346,"column":19},"end":{"line":346,"column":20}},"140":{"start":{"line":347,"column":12},"end":{"line":349,"column":13}},"141":{"start":{"line":348,"column":16},"end":{"line":348,"column":73}},"142":{"start":{"line":351,"column":20},"end":{"line":351,"column":35}},"143":{"start":{"line":352,"column":8},"end":{"line":407,"column":9}},"144":{"start":{"line":354,"column":16},"end":{"line":358,"column":17}},"145":{"start":{"line":355,"column":20},"end":{"line":355,"column":82}},"146":{"start":{"line":357,"column":20},"end":{"line":357,"column":26}},"147":{"start":{"line":360,"column":16},"end":{"line":364,"column":17}},"148":{"start":{"line":361,"column":20},"end":{"line":361,"column":82}},"149":{"start":{"line":363,"column":20},"end":{"line":363,"column":26}},"150":{"start":{"line":366,"column":16},"end":{"line":370,"column":17}},"151":{"start":{"line":367,"column":20},"end":{"line":367,"column":82}},"152":{"start":{"line":369,"column":20},"end":{"line":369,"column":26}},"153":{"start":{"line":372,"column":16},"end":{"line":376,"column":17}},"154":{"start":{"line":373,"column":20},"end":{"line":373,"column":82}},"155":{"start":{"line":375,"column":20},"end":{"line":375,"column":26}},"156":{"start":{"line":378,"column":16},"end":{"line":382,"column":17}},"157":{"start":{"line":379,"column":20},"end":{"line":379,"column":82}},"158":{"start":{"line":381,"column":20},"end":{"line":381,"column":26}},"159":{"start":{"line":384,"column":16},"end":{"line":388,"column":17}},"160":{"start":{"line":385,"column":20},"end":{"line":385,"column":82}},"161":{"start":{"line":387,"column":20},"end":{"line":387,"column":26}},"162":{"start":{"line":390,"column":16},"end":{"line":394,"column":17}},"163":{"start":{"line":391,"column":20},"end":{"line":391,"column":82}},"164":{"start":{"line":393,"column":20},"end":{"line":393,"column":26}},"165":{"start":{"line":396,"column":16},"end":{"line":400,"column":17}},"166":{"start":{"line":397,"column":20},"end":{"line":397,"column":82}},"167":{"start":{"line":399,"column":20},"end":{"line":399,"column":26}},"168":{"start":{"line":402,"column":16},"end":{"line":406,"column":17}},"169":{"start":{"line":403,"column":20},"end":{"line":403,"column":82}},"170":{"start":{"line":405,"column":20},"end":{"line":405,"column":26}},"171":{"start":{"line":423,"column":8},"end":{"line":423,"column":29}},"172":{"start":{"line":424,"column":24},"end":{"line":424,"column":75}},"173":{"start":{"line":425,"column":8},"end":{"line":425,"column":31}},"174":{"start":{"line":426,"column":8},"end":{"line":426,"column":29}},"175":{"start":{"line":427,"column":20},"end":{"line":427,"column":22}},"176":{"start":{"line":428,"column":8},"end":{"line":430,"column":9}},"177":{"start":{"line":429,"column":12},"end":{"line":429,"column":34}},"178":{"start":{"line":431,"column":8},"end":{"line":431,"column":38}},"179":{"start":{"line":432,"column":8},"end":{"line":438,"column":9}},"180":{"start":{"line":433,"column":12},"end":{"line":433,"column":24}},"181":{"start":{"line":434,"column":14},"end":{"line":438,"column":9}},"182":{"start":{"line":435,"column":12},"end":{"line":435,"column":24}},"183":{"start":{"line":437,"column":12},"end":{"line":437,"column":47}},"184":{"start":{"line":448,"column":23},"end":{"line":448,"column":77}},"185":{"start":{"line":449,"column":20},"end":{"line":449,"column":22}},"186":{"start":{"line":450,"column":8},"end":{"line":452,"column":9}},"187":{"start":{"line":451,"column":12},"end":{"line":451,"column":33}},"188":{"start":{"line":453,"column":8},"end":{"line":457,"column":9}},"189":{"start":{"line":454,"column":12},"end":{"line":454,"column":23}},"190":{"start":{"line":456,"column":12},"end":{"line":456,"column":24}},"191":{"start":{"line":468,"column":24},"end":{"line":468,"column":78}},"192":{"start":{"line":469,"column":20},"end":{"line":469,"column":21}},"193":{"start":{"line":471,"column":8},"end":{"line":474,"column":13}},"194":{"start":{"line":472,"column":12},"end":{"line":472,"column":52}},"195":{"start":{"line":473,"column":12},"end":{"line":473,"column":30}},"196":{"start":{"line":475,"column":8},"end":{"line":479,"column":9}},"197":{"start":{"line":476,"column":12},"end":{"line":476,"column":67}},"198":{"start":{"line":477,"column":14},"end":{"line":479,"column":9}},"199":{"start":{"line":478,"column":12},"end":{"line":478,"column":25}},"200":{"start":{"line":480,"column":8},"end":{"line":480,"column":23}},"201":{"start":{"line":494,"column":24},"end":{"line":494,"column":84}},"202":{"start":{"line":495,"column":20},"end":{"line":495,"column":21}},"203":{"start":{"line":498,"column":8},"end":{"line":501,"column":9}},"204":{"start":{"line":499,"column":12},"end":{"line":499,"column":52}},"205":{"start":{"line":500,"column":12},"end":{"line":500,"column":30}},"206":{"start":{"line":502,"column":8},"end":{"line":506,"column":9}},"207":{"start":{"line":503,"column":12},"end":{"line":503,"column":67}},"208":{"start":{"line":504,"column":14},"end":{"line":506,"column":9}},"209":{"start":{"line":505,"column":12},"end":{"line":505,"column":24}},"210":{"start":{"line":507,"column":8},"end":{"line":507,"column":23}},"211":{"start":{"line":518,"column":17},"end":{"line":518,"column":74}},"212":{"start":{"line":519,"column":16},"end":{"line":519,"column":18}},"213":{"start":{"line":520,"column":8},"end":{"line":523,"column":9}},"214":{"start":{"line":521,"column":12},"end":{"line":521,"column":27}},"215":{"start":{"line":522,"column":12},"end":{"line":522,"column":22}},"216":{"start":{"line":524,"column":29},"end":{"line":524,"column":62}},"217":{"start":{"line":525,"column":8},"end":{"line":525,"column":32}},"218":{"start":{"line":526,"column":8},"end":{"line":526,"column":30}},"219":{"start":{"line":527,"column":8},"end":{"line":527,"column":18}},"220":{"start":{"line":539,"column":22},"end":{"line":539,"column":73}},"221":{"start":{"line":541,"column":8},"end":{"line":543,"column":9}},"222":{"start":{"line":542,"column":12},"end":{"line":542,"column":51}},"223":{"start":{"line":544,"column":8},"end":{"line":544,"column":35}},"224":{"start":{"line":552,"column":29},"end":{"line":552,"column":47}},"225":{"start":{"line":553,"column":29},"end":{"line":553,"column":49}},"226":{"start":{"line":554,"column":29},"end":{"line":554,"column":47}},"227":{"start":{"line":556,"column":29},"end":{"line":556,"column":75}},"228":{"start":{"line":558,"column":29},"end":{"line":558,"column":98}},"229":{"start":{"line":558,"column":56},"end":{"line":558,"column":97}},"230":{"start":{"line":559,"column":8},"end":{"line":559,"column":36}},"231":{"start":{"line":577,"column":25},"end":{"line":577,"column":57}},"232":{"start":{"line":578,"column":8},"end":{"line":580,"column":9}},"233":{"start":{"line":579,"column":12},"end":{"line":579,"column":77}},"234":{"start":{"line":581,"column":20},"end":{"line":581,"column":53}},"235":{"start":{"line":583,"column":22},"end":{"line":583,"column":41}},"236":{"start":{"line":586,"column":21},"end":{"line":586,"column":52}},"237":{"start":{"line":587,"column":24},"end":{"line":587,"column":48}},"238":{"start":{"line":589,"column":19},"end":{"line":589,"column":97}},"239":{"start":{"line":590,"column":19},"end":{"line":590,"column":95}},"240":{"start":{"line":592,"column":8},"end":{"line":592,"column":19}},"241":{"start":{"line":593,"column":20},"end":{"line":602,"column":9}},"242":{"start":{"line":603,"column":8},"end":{"line":603,"column":20}},"243":{"start":{"line":604,"column":20},"end":{"line":613,"column":9}},"244":{"start":{"line":615,"column":18},"end":{"line":615,"column":20}},"245":{"start":{"line":616,"column":8},"end":{"line":616,"column":45}},"246":{"start":{"line":617,"column":8},"end":{"line":617,"column":77}},"247":{"start":{"line":618,"column":8},"end":{"line":625,"column":9}},"248":{"start":{"line":619,"column":12},"end":{"line":619,"column":81}},"249":{"start":{"line":620,"column":12},"end":{"line":620,"column":31}},"250":{"start":{"line":621,"column":12},"end":{"line":621,"column":24}},"251":{"start":{"line":623,"column":12},"end":{"line":623,"column":25}},"252":{"start":{"line":624,"column":12},"end":{"line":624,"column":24}},"253":{"start":{"line":631,"column":25},"end":{"line":631,"column":57}},"254":{"start":{"line":632,"column":8},"end":{"line":634,"column":9}},"255":{"start":{"line":633,"column":12},"end":{"line":633,"column":77}},"256":{"start":{"line":635,"column":20},"end":{"line":635,"column":53}},"257":{"start":{"line":637,"column":22},"end":{"line":637,"column":41}},"258":{"start":{"line":642,"column":21},"end":{"line":642,"column":58}},"259":{"start":{"line":643,"column":24},"end":{"line":643,"column":48}},"260":{"start":{"line":645,"column":19},"end":{"line":645,"column":95}},"261":{"start":{"line":646,"column":19},"end":{"line":646,"column":97}},"262":{"start":{"line":648,"column":8},"end":{"line":648,"column":19}},"263":{"start":{"line":649,"column":20},"end":{"line":658,"column":9}},"264":{"start":{"line":660,"column":8},"end":{"line":660,"column":20}},"265":{"start":{"line":661,"column":20},"end":{"line":670,"column":9}},"266":{"start":{"line":672,"column":8},"end":{"line":672,"column":20}},"267":{"start":{"line":673,"column":20},"end":{"line":682,"column":9}},"268":{"start":{"line":685,"column":18},"end":{"line":685,"column":20}},"269":{"start":{"line":686,"column":8},"end":{"line":686,"column":45}},"270":{"start":{"line":687,"column":8},"end":{"line":687,"column":77}},"271":{"start":{"line":688,"column":8},"end":{"line":688,"column":77}},"272":{"start":{"line":689,"column":8},"end":{"line":696,"column":9}},"273":{"start":{"line":690,"column":12},"end":{"line":690,"column":81}},"274":{"start":{"line":691,"column":12},"end":{"line":691,"column":37}},"275":{"start":{"line":692,"column":12},"end":{"line":692,"column":24}},"276":{"start":{"line":694,"column":12},"end":{"line":694,"column":31}},"277":{"start":{"line":695,"column":12},"end":{"line":695,"column":24}},"278":{"start":{"line":705,"column":22},"end":{"line":705,"column":54}},"279":{"start":{"line":706,"column":19},"end":{"line":706,"column":56}},"280":{"start":{"line":707,"column":22},"end":{"line":707,"column":46}},"281":{"start":{"line":708,"column":15},"end":{"line":708,"column":81}},"282":{"start":{"line":709,"column":28},"end":{"line":709,"column":55}},"283":{"start":{"line":711,"column":8},"end":{"line":721,"column":9}},"284":{"start":{"line":712,"column":12},"end":{"line":718,"column":14}},"285":{"start":{"line":720,"column":12},"end":{"line":720,"column":66}},"286":{"start":{"line":723,"column":28},"end":{"line":723,"column":67}},"287":{"start":{"line":725,"column":8},"end":{"line":725,"column":47}},"288":{"start":{"line":726,"column":8},"end":{"line":726,"column":45}},"289":{"start":{"line":728,"column":8},"end":{"line":728,"column":59}},"290":{"start":{"line":729,"column":8},"end":{"line":729,"column":25}},"291":{"start":{"line":734,"column":22},"end":{"line":734,"column":77}},"292":{"start":{"line":735,"column":20},"end":{"line":735,"column":22}},"293":{"start":{"line":736,"column":8},"end":{"line":738,"column":9}},"294":{"start":{"line":737,"column":12},"end":{"line":737,"column":58}},"295":{"start":{"line":739,"column":8},"end":{"line":739,"column":22}},"296":{"start":{"line":749,"column":22},"end":{"line":749,"column":54}},"297":{"start":{"line":751,"column":26},"end":{"line":751,"column":117}},"298":{"start":{"line":752,"column":30},"end":{"line":752,"column":68}},"299":{"start":{"line":753,"column":8},"end":{"line":755,"column":9}},"300":{"start":{"line":754,"column":12},"end":{"line":754,"column":82}},"301":{"start":{"line":756,"column":23},"end":{"line":756,"column":63}},"302":{"start":{"line":757,"column":8},"end":{"line":759,"column":9}},"303":{"start":{"line":758,"column":12},"end":{"line":758,"column":67}},"304":{"start":{"line":760,"column":23},"end":{"line":760,"column":40}},"305":{"start":{"line":764,"column":24},"end":{"line":764,"column":48}},"306":{"start":{"line":767,"column":20},"end":{"line":767,"column":83}},"307":{"start":{"line":770,"column":34},"end":{"line":770,"column":70}},"308":{"start":{"line":771,"column":8},"end":{"line":773,"column":9}},"309":{"start":{"line":772,"column":12},"end":{"line":772,"column":90}},"310":{"start":{"line":777,"column":19},"end":{"line":777,"column":52}},"311":{"start":{"line":778,"column":18},"end":{"line":778,"column":19}},"312":{"start":{"line":779,"column":20},"end":{"line":779,"column":22}},"313":{"start":{"line":780,"column":20},"end":{"line":780,"column":24}},"314":{"start":{"line":782,"column":38},"end":{"line":782,"column":82}},"315":{"start":{"line":783,"column":29},"end":{"line":783,"column":51}},"316":{"start":{"line":785,"column":23},"end":{"line":785,"column":38}},"317":{"start":{"line":787,"column":28},"end":{"line":787,"column":62}},"318":{"start":{"line":790,"column":22},"end":{"line":790,"column":24}},"319":{"start":{"line":791,"column":20},"end":{"line":791,"column":22}},"320":{"start":{"line":792,"column":22},"end":{"line":792,"column":24}},"321":{"start":{"line":793,"column":29},"end":{"line":793,"column":31}},"322":{"start":{"line":795,"column":34},"end":{"line":795,"column":36}},"323":{"start":{"line":796,"column":25},"end":{"line":796,"column":27}},"324":{"start":{"line":797,"column":33},"end":{"line":797,"column":35}},"325":{"start":{"line":798,"column":33},"end":{"line":798,"column":35}},"326":{"start":{"line":800,"column":31},"end":{"line":800,"column":33}},"327":{"start":{"line":801,"column":59},"end":{"line":801,"column":61}},"328":{"start":{"line":802,"column":36},"end":{"line":802,"column":38}},"329":{"start":{"line":803,"column":36},"end":{"line":803,"column":38}},"330":{"start":{"line":804,"column":69},"end":{"line":804,"column":71}},"331":{"start":{"line":805,"column":48},"end":{"line":805,"column":50}},"332":{"start":{"line":806,"column":37},"end":{"line":806,"column":39}},"333":{"start":{"line":807,"column":30},"end":{"line":807,"column":32}},"334":{"start":{"line":808,"column":29},"end":{"line":808,"column":31}},"335":{"start":{"line":809,"column":33},"end":{"line":809,"column":35}},"336":{"start":{"line":810,"column":25},"end":{"line":810,"column":27}},"337":{"start":{"line":811,"column":33},"end":{"line":811,"column":36}},"338":{"start":{"line":814,"column":41},"end":{"line":814,"column":43}},"339":{"start":{"line":815,"column":45},"end":{"line":815,"column":47}},"340":{"start":{"line":816,"column":30},"end":{"line":816,"column":32}},"341":{"start":{"line":817,"column":35},"end":{"line":817,"column":37}},"342":{"start":{"line":818,"column":34},"end":{"line":818,"column":36}},"343":{"start":{"line":819,"column":39},"end":{"line":819,"column":41}},"344":{"start":{"line":820,"column":43},"end":{"line":820,"column":45}},"345":{"start":{"line":821,"column":33},"end":{"line":821,"column":35}},"346":{"start":{"line":822,"column":43},"end":{"line":822,"column":45}},"347":{"start":{"line":823,"column":44},"end":{"line":823,"column":46}},"348":{"start":{"line":824,"column":32},"end":{"line":824,"column":34}},"349":{"start":{"line":825,"column":42},"end":{"line":825,"column":44}},"350":{"start":{"line":826,"column":35},"end":{"line":826,"column":37}},"351":{"start":{"line":827,"column":33},"end":{"line":827,"column":35}},"352":{"start":{"line":828,"column":37},"end":{"line":828,"column":39}},"353":{"start":{"line":829,"column":34},"end":{"line":829,"column":36}},"354":{"start":{"line":830,"column":39},"end":{"line":830,"column":41}},"355":{"start":{"line":831,"column":51},"end":{"line":831,"column":53}},"356":{"start":{"line":832,"column":35},"end":{"line":832,"column":37}},"357":{"start":{"line":833,"column":36},"end":{"line":833,"column":38}},"358":{"start":{"line":834,"column":49},"end":{"line":834,"column":51}},"359":{"start":{"line":835,"column":44},"end":{"line":835,"column":46}},"360":{"start":{"line":836,"column":37},"end":{"line":836,"column":39}},"361":{"start":{"line":837,"column":38},"end":{"line":837,"column":40}},"362":{"start":{"line":838,"column":41},"end":{"line":838,"column":43}},"363":{"start":{"line":839,"column":51},"end":{"line":839,"column":53}},"364":{"start":{"line":840,"column":34},"end":{"line":840,"column":36}},"365":{"start":{"line":841,"column":30},"end":{"line":841,"column":32}},"366":{"start":{"line":842,"column":38},"end":{"line":842,"column":40}},"367":{"start":{"line":843,"column":42},"end":{"line":843,"column":44}},"368":{"start":{"line":844,"column":34},"end":{"line":844,"column":48}},"369":{"start":{"line":845,"column":38},"end":{"line":845,"column":40}},"370":{"start":{"line":846,"column":24},"end":{"line":846,"column":29}},"371":{"start":{"line":847,"column":33},"end":{"line":847,"column":35}},"372":{"start":{"line":848,"column":34},"end":{"line":848,"column":36}},"373":{"start":{"line":849,"column":36},"end":{"line":849,"column":38}},"374":{"start":{"line":850,"column":37},"end":{"line":850,"column":39}},"375":{"start":{"line":854,"column":18},"end":{"line":932,"column":9}},"376":{"start":{"line":897,"column":20},"end":{"line":899,"column":21}},"377":{"start":{"line":898,"column":24},"end":{"line":898,"column":32}},"378":{"start":{"line":900,"column":20},"end":{"line":900,"column":30}},"379":{"start":{"line":934,"column":28},"end":{"line":934,"column":60}},"380":{"start":{"line":937,"column":8},"end":{"line":937,"column":47}},"381":{"start":{"line":938,"column":8},"end":{"line":938,"column":46}},"382":{"start":{"line":941,"column":8},"end":{"line":941,"column":51}},"383":{"start":{"line":942,"column":8},"end":{"line":942,"column":49}},"384":{"start":{"line":943,"column":8},"end":{"line":943,"column":18}},"385":{"start":{"line":949,"column":22},"end":{"line":949,"column":54}},"386":{"start":{"line":950,"column":16},"end":{"line":950,"column":79}},"387":{"start":{"line":951,"column":8},"end":{"line":951,"column":18}},"388":{"start":{"line":959,"column":22},"end":{"line":959,"column":54}},"389":{"start":{"line":960,"column":8},"end":{"line":960,"column":27}},"390":{"start":{"line":961,"column":24},"end":{"line":961,"column":79}},"391":{"start":{"line":962,"column":8},"end":{"line":962,"column":30}},"392":{"start":{"line":963,"column":23},"end":{"line":963,"column":57}},"393":{"start":{"line":964,"column":8},"end":{"line":966,"column":9}},"394":{"start":{"line":965,"column":12},"end":{"line":965,"column":77}},"395":{"start":{"line":967,"column":18},"end":{"line":967,"column":49}},"396":{"start":{"line":972,"column":8},"end":{"line":974,"column":9}},"397":{"start":{"line":973,"column":12},"end":{"line":973,"column":74}},"398":{"start":{"line":977,"column":8},"end":{"line":979,"column":9}},"399":{"start":{"line":978,"column":12},"end":{"line":978,"column":64}},"400":{"start":{"line":982,"column":8},"end":{"line":982,"column":26}},"401":{"start":{"line":984,"column":17},"end":{"line":984,"column":50}},"402":{"start":{"line":987,"column":8},"end":{"line":987,"column":46}},"403":{"start":{"line":989,"column":28},"end":{"line":989,"column":60}},"404":{"start":{"line":992,"column":8},"end":{"line":992,"column":47}},"405":{"start":{"line":993,"column":8},"end":{"line":993,"column":45}},"406":{"start":{"line":994,"column":8},"end":{"line":994,"column":55}},"407":{"start":{"line":995,"column":8},"end":{"line":995,"column":18}},"408":{"start":{"line":1002,"column":24},"end":{"line":1002,"column":48}},"409":{"start":{"line":1003,"column":24},"end":{"line":1003,"column":83}},"410":{"start":{"line":1004,"column":23},"end":{"line":1004,"column":57}},"411":{"start":{"line":1005,"column":8},"end":{"line":1005,"column":31}},"412":{"start":{"line":1006,"column":8},"end":{"line":1006,"column":30}},"413":{"start":{"line":1007,"column":8},"end":{"line":1007,"column":26}},"414":{"start":{"line":1009,"column":8},"end":{"line":1011,"column":9}},"415":{"start":{"line":1010,"column":12},"end":{"line":1010,"column":75}},"416":{"start":{"line":1012,"column":18},"end":{"line":1012,"column":49}},"417":{"start":{"line":1013,"column":22},"end":{"line":1013,"column":54}},"418":{"start":{"line":1014,"column":8},"end":{"line":1016,"column":9}},"419":{"start":{"line":1015,"column":9},"end":{"line":1015,"column":89}},"420":{"start":{"line":1017,"column":8},"end":{"line":1019,"column":9}},"421":{"start":{"line":1018,"column":12},"end":{"line":1018,"column":60}},"422":{"start":{"line":1020,"column":8},"end":{"line":1022,"column":9}},"423":{"start":{"line":1021,"column":12},"end":{"line":1021,"column":67}},"424":{"start":{"line":1024,"column":8},"end":{"line":1024,"column":38}},"425":{"start":{"line":1028,"column":27},"end":{"line":1028,"column":67}},"426":{"start":{"line":1029,"column":17},"end":{"line":1029,"column":50}},"427":{"start":{"line":1031,"column":8},"end":{"line":1056,"column":9}},"428":{"start":{"line":1032,"column":12},"end":{"line":1032,"column":36}},"429":{"start":{"line":1033,"column":12},"end":{"line":1040,"column":13}},"430":{"start":{"line":1041,"column":12},"end":{"line":1041,"column":37}},"431":{"start":{"line":1042,"column":12},"end":{"line":1042,"column":40}},"432":{"start":{"line":1043,"column":12},"end":{"line":1043,"column":78}},"433":{"start":{"line":1045,"column":12},"end":{"line":1045,"column":83}},"434":{"start":{"line":1047,"column":12},"end":{"line":1047,"column":38}},"435":{"start":{"line":1048,"column":12},"end":{"line":1048,"column":75}},"436":{"start":{"line":1050,"column":12},"end":{"line":1050,"column":37}},"437":{"start":{"line":1051,"column":12},"end":{"line":1051,"column":40}},"438":{"start":{"line":1052,"column":12},"end":{"line":1052,"column":50}},"439":{"start":{"line":1053,"column":12},"end":{"line":1053,"column":52}},"440":{"start":{"line":1054,"column":12},"end":{"line":1054,"column":78}},"441":{"start":{"line":1055,"column":12},"end":{"line":1055,"column":83}},"442":{"start":{"line":1057,"column":24},"end":{"line":1057,"column":57}},"443":{"start":{"line":1058,"column":8},"end":{"line":1058,"column":47}},"444":{"start":{"line":1059,"column":8},"end":{"line":1059,"column":49}},"445":{"start":{"line":1060,"column":8},"end":{"line":1060,"column":19}},"446":{"start":{"line":1090,"column":30},"end":{"line":1100,"column":9}},"447":{"start":{"line":1102,"column":21},"end":{"line":1102,"column":53}},"448":{"start":{"line":1103,"column":24},"end":{"line":1103,"column":79}},"449":{"start":{"line":1104,"column":23},"end":{"line":1104,"column":57}},"450":{"start":{"line":1105,"column":8},"end":{"line":1107,"column":9}},"451":{"start":{"line":1106,"column":12},"end":{"line":1106,"column":71}},"452":{"start":{"line":1108,"column":18},"end":{"line":1108,"column":49}},"453":{"start":{"line":1110,"column":8},"end":{"line":1112,"column":9}},"454":{"start":{"line":1111,"column":12},"end":{"line":1111,"column":68}},"455":{"start":{"line":1115,"column":8},"end":{"line":1117,"column":9}},"456":{"start":{"line":1116,"column":12},"end":{"line":1116,"column":60}},"457":{"start":{"line":1119,"column":8},"end":{"line":1121,"column":9}},"458":{"start":{"line":1120,"column":12},"end":{"line":1120,"column":73}},"459":{"start":{"line":1122,"column":18},"end":{"line":1122,"column":51}},"460":{"start":{"line":1123,"column":23},"end":{"line":1123,"column":97}},"461":{"start":{"line":1123,"column":56},"end":{"line":1123,"column":95}},"462":{"start":{"line":1125,"column":8},"end":{"line":1132,"column":9}},"463":{"start":{"line":1126,"column":12},"end":{"line":1126,"column":86}},"464":{"start":{"line":1129,"column":12},"end":{"line":1129,"column":56}},"465":{"start":{"line":1130,"column":12},"end":{"line":1130,"column":56}},"466":{"start":{"line":1131,"column":12},"end":{"line":1131,"column":50}},"467":{"start":{"line":1134,"column":8},"end":{"line":1134,"column":46}},"468":{"start":{"line":1135,"column":8},"end":{"line":1135,"column":40}},"469":{"start":{"line":1136,"column":8},"end":{"line":1136,"column":42}},"470":{"start":{"line":1137,"column":28},"end":{"line":1137,"column":60}},"471":{"start":{"line":1138,"column":8},"end":{"line":1138,"column":55}},"472":{"start":{"line":1139,"column":8},"end":{"line":1139,"column":54}},"473":{"start":{"line":1140,"column":8},"end":{"line":1140,"column":47}},"474":{"start":{"line":1141,"column":8},"end":{"line":1141,"column":18}},"475":{"start":{"line":1191,"column":20},"end":{"line":1191,"column":52}},"476":{"start":{"line":1193,"column":24},"end":{"line":1193,"column":83}},"477":{"start":{"line":1194,"column":23},"end":{"line":1194,"column":57}},"478":{"start":{"line":1195,"column":8},"end":{"line":1197,"column":9}},"479":{"start":{"line":1196,"column":12},"end":{"line":1196,"column":72}},"480":{"start":{"line":1198,"column":16},"end":{"line":1198,"column":47}},"481":{"start":{"line":1200,"column":8},"end":{"line":1202,"column":9}},"482":{"start":{"line":1201,"column":12},"end":{"line":1201,"column":74}},"483":{"start":{"line":1203,"column":8},"end":{"line":1205,"column":9}},"484":{"start":{"line":1204,"column":12},"end":{"line":1204,"column":60}},"485":{"start":{"line":1207,"column":21},"end":{"line":1207,"column":50}},"486":{"start":{"line":1209,"column":17},"end":{"line":1209,"column":50}},"487":{"start":{"line":1210,"column":8},"end":{"line":1210,"column":46}},"488":{"start":{"line":1214,"column":8},"end":{"line":1216,"column":9}},"489":{"start":{"line":1215,"column":12},"end":{"line":1215,"column":37}},"490":{"start":{"line":1218,"column":8},"end":{"line":1222,"column":9}},"491":{"start":{"line":1219,"column":12},"end":{"line":1219,"column":33}},"492":{"start":{"line":1221,"column":12},"end":{"line":1221,"column":34}},"493":{"start":{"line":1224,"column":8},"end":{"line":1224,"column":43}},"494":{"start":{"line":1225,"column":8},"end":{"line":1225,"column":41}},"495":{"start":{"line":1226,"column":8},"end":{"line":1226,"column":43}},"496":{"start":{"line":1227,"column":8},"end":{"line":1227,"column":44}},"497":{"start":{"line":1228,"column":8},"end":{"line":1228,"column":33}},"498":{"start":{"line":1229,"column":8},"end":{"line":1229,"column":29}},"499":{"start":{"line":1230,"column":25},"end":{"line":1230,"column":57}},"500":{"start":{"line":1231,"column":8},"end":{"line":1231,"column":53}},"501":{"start":{"line":1232,"column":8},"end":{"line":1232,"column":47}},"502":{"start":{"line":1233,"column":8},"end":{"line":1233,"column":45}},"503":{"start":{"line":1234,"column":8},"end":{"line":1234,"column":18}},"504":{"start":{"line":1244,"column":22},"end":{"line":1244,"column":54}},"505":{"start":{"line":1245,"column":24},"end":{"line":1245,"column":79}},"506":{"start":{"line":1246,"column":27},"end":{"line":1246,"column":99}},"507":{"start":{"line":1247,"column":25},"end":{"line":1247,"column":69}},"508":{"start":{"line":1248,"column":8},"end":{"line":1250,"column":9}},"509":{"start":{"line":1249,"column":12},"end":{"line":1249,"column":82}},"510":{"start":{"line":1251,"column":20},"end":{"line":1251,"column":53}},"511":{"start":{"line":1253,"column":8},"end":{"line":1255,"column":9}},"512":{"start":{"line":1254,"column":12},"end":{"line":1254,"column":164}},"513":{"start":{"line":1258,"column":25},"end":{"line":1258,"column":59}},"514":{"start":{"line":1260,"column":8},"end":{"line":1262,"column":9}},"515":{"start":{"line":1261,"column":12},"end":{"line":1261,"column":67}},"516":{"start":{"line":1264,"column":19},"end":{"line":1264,"column":52}},"517":{"start":{"line":1267,"column":8},"end":{"line":1269,"column":9}},"518":{"start":{"line":1268,"column":12},"end":{"line":1268,"column":74}},"519":{"start":{"line":1270,"column":8},"end":{"line":1272,"column":9}},"520":{"start":{"line":1271,"column":12},"end":{"line":1271,"column":72}},"521":{"start":{"line":1274,"column":17},"end":{"line":1274,"column":50}},"522":{"start":{"line":1276,"column":26},"end":{"line":1276,"column":40}},"523":{"start":{"line":1277,"column":23},"end":{"line":1277,"column":47}},"524":{"start":{"line":1279,"column":35},"end":{"line":1279,"column":88}},"525":{"start":{"line":1281,"column":24},"end":{"line":1281,"column":83}},"526":{"start":{"line":1285,"column":24},"end":{"line":1285,"column":60}},"527":{"start":{"line":1286,"column":8},"end":{"line":1288,"column":9}},"528":{"start":{"line":1287,"column":12},"end":{"line":1287,"column":60}},"529":{"start":{"line":1292,"column":26},"end":{"line":1305,"column":9}},"530":{"start":{"line":1294,"column":29},"end":{"line":1294,"column":88}},"531":{"start":{"line":1296,"column":32},"end":{"line":1296,"column":51}},"532":{"start":{"line":1297,"column":16},"end":{"line":1297,"column":32}},"533":{"start":{"line":1300,"column":26},"end":{"line":1300,"column":88}},"534":{"start":{"line":1300,"column":72},"end":{"line":1300,"column":85}},"535":{"start":{"line":1301,"column":29},"end":{"line":1301,"column":137}},"536":{"start":{"line":1302,"column":32},"end":{"line":1302,"column":51}},"537":{"start":{"line":1303,"column":16},"end":{"line":1303,"column":32}},"538":{"start":{"line":1307,"column":8},"end":{"line":1309,"column":9}},"539":{"start":{"line":1308,"column":12},"end":{"line":1308,"column":63}},"540":{"start":{"line":1315,"column":8},"end":{"line":1320,"column":9}},"541":{"start":{"line":1316,"column":12},"end":{"line":1316,"column":118}},"542":{"start":{"line":1319,"column":12},"end":{"line":1319,"column":172}},"543":{"start":{"line":1322,"column":21},"end":{"line":1322,"column":36}},"544":{"start":{"line":1324,"column":22},"end":{"line":1324,"column":34}},"545":{"start":{"line":1325,"column":22},"end":{"line":1325,"column":52}},"546":{"start":{"line":1326,"column":8},"end":{"line":1328,"column":9}},"547":{"start":{"line":1327,"column":12},"end":{"line":1327,"column":111}},"548":{"start":{"line":1330,"column":8},"end":{"line":1330,"column":48}},"549":{"start":{"line":1331,"column":8},"end":{"line":1331,"column":46}},"550":{"start":{"line":1332,"column":8},"end":{"line":1332,"column":45}},"551":{"start":{"line":1333,"column":8},"end":{"line":1333,"column":44}},"552":{"start":{"line":1334,"column":8},"end":{"line":1334,"column":34}},"553":{"start":{"line":1340,"column":30},"end":{"line":1340,"column":70}},"554":{"start":{"line":1341,"column":8},"end":{"line":1344,"column":9}},"555":{"start":{"line":1343,"column":12},"end":{"line":1343,"column":31}},"556":{"start":{"line":1346,"column":26},"end":{"line":1346,"column":69}},"557":{"start":{"line":1356,"column":8},"end":{"line":1362,"column":9}},"558":{"start":{"line":1357,"column":12},"end":{"line":1357,"column":77}},"559":{"start":{"line":1361,"column":12},"end":{"line":1361,"column":111}},"560":{"start":{"line":1368,"column":8},"end":{"line":1368,"column":79}},"561":{"start":{"line":1369,"column":8},"end":{"line":1369,"column":18}},"562":{"start":{"line":1421,"column":8},"end":{"line":1421,"column":41}},"563":{"start":{"line":1425,"column":8},"end":{"line":1425,"column":43}},"564":{"start":{"line":1430,"column":24},"end":{"line":1430,"column":77}},"565":{"start":{"line":1431,"column":20},"end":{"line":1431,"column":21}},"566":{"start":{"line":1434,"column":8},"end":{"line":1437,"column":13}},"567":{"start":{"line":1435,"column":12},"end":{"line":1435,"column":52}},"568":{"start":{"line":1436,"column":12},"end":{"line":1436,"column":30}},"569":{"start":{"line":1438,"column":8},"end":{"line":1442,"column":9}},"570":{"start":{"line":1439,"column":12},"end":{"line":1439,"column":67}},"571":{"start":{"line":1440,"column":14},"end":{"line":1442,"column":9}},"572":{"start":{"line":1441,"column":12},"end":{"line":1441,"column":24}},"573":{"start":{"line":1443,"column":8},"end":{"line":1443,"column":23}},"574":{"start":{"line":1448,"column":23},"end":{"line":1448,"column":74}},"575":{"start":{"line":1449,"column":20},"end":{"line":1449,"column":22}},"576":{"start":{"line":1450,"column":8},"end":{"line":1453,"column":9}},"577":{"start":{"line":1452,"column":12},"end":{"line":1452,"column":34}},"578":{"start":{"line":1454,"column":8},"end":{"line":1460,"column":9}},"579":{"start":{"line":1455,"column":12},"end":{"line":1455,"column":24}},"580":{"start":{"line":1456,"column":14},"end":{"line":1460,"column":9}},"581":{"start":{"line":1457,"column":12},"end":{"line":1457,"column":24}},"582":{"start":{"line":1459,"column":12},"end":{"line":1459,"column":47}},"583":{"start":{"line":1465,"column":24},"end":{"line":1465,"column":78}},"584":{"start":{"line":1466,"column":20},"end":{"line":1466,"column":21}},"585":{"start":{"line":1469,"column":16},"end":{"line":1469,"column":18}},"586":{"start":{"line":1470,"column":8},"end":{"line":1473,"column":9}},"587":{"start":{"line":1471,"column":12},"end":{"line":1471,"column":52}},"588":{"start":{"line":1472,"column":12},"end":{"line":1472,"column":30}},"589":{"start":{"line":1474,"column":8},"end":{"line":1485,"column":9}},"590":{"start":{"line":1475,"column":12},"end":{"line":1475,"column":26}},"591":{"start":{"line":1476,"column":12},"end":{"line":1476,"column":32}},"592":{"start":{"line":1477,"column":12},"end":{"line":1477,"column":29}},"593":{"start":{"line":1478,"column":12},"end":{"line":1478,"column":23}},"594":{"start":{"line":1479,"column":14},"end":{"line":1485,"column":9}},"595":{"start":{"line":1480,"column":12},"end":{"line":1480,"column":28}},"596":{"start":{"line":1481,"column":12},"end":{"line":1481,"column":32}},"597":{"start":{"line":1482,"column":12},"end":{"line":1482,"column":23}},"598":{"start":{"line":1484,"column":12},"end":{"line":1484,"column":67}},"599":{"start":{"line":1491,"column":22},"end":{"line":1491,"column":36}},"600":{"start":{"line":1492,"column":8},"end":{"line":1494,"column":9}},"601":{"start":{"line":1493,"column":12},"end":{"line":1493,"column":100}},"602":{"start":{"line":1495,"column":21},"end":{"line":1495,"column":40}},"603":{"start":{"line":1496,"column":8},"end":{"line":1498,"column":9}},"604":{"start":{"line":1497,"column":12},"end":{"line":1497,"column":74}},"605":{"start":{"line":1499,"column":8},"end":{"line":1499,"column":38}},"606":{"start":{"line":1500,"column":16},"end":{"line":1500,"column":57}},"607":{"start":{"line":1501,"column":19},"end":{"line":1501,"column":26}},"608":{"start":{"line":1502,"column":19},"end":{"line":1502,"column":29}},"609":{"start":{"line":1503,"column":8},"end":{"line":1507,"column":9}},"610":{"start":{"line":1503,"column":19},"end":{"line":1503,"column":20}},"611":{"start":{"line":1504,"column":12},"end":{"line":1506,"column":13}},"612":{"start":{"line":1505,"column":16},"end":{"line":1505,"column":73}},"613":{"start":{"line":1508,"column":8},"end":{"line":1569,"column":9}},"614":{"start":{"line":1510,"column":16},"end":{"line":1514,"column":17}},"615":{"start":{"line":1511,"column":20},"end":{"line":1511,"column":108}},"616":{"start":{"line":1513,"column":20},"end":{"line":1513,"column":26}},"617":{"start":{"line":1516,"column":16},"end":{"line":1520,"column":17}},"618":{"start":{"line":1517,"column":20},"end":{"line":1517,"column":108}},"619":{"start":{"line":1519,"column":20},"end":{"line":1519,"column":26}},"620":{"start":{"line":1522,"column":16},"end":{"line":1526,"column":17}},"621":{"start":{"line":1523,"column":20},"end":{"line":1523,"column":108}},"622":{"start":{"line":1525,"column":20},"end":{"line":1525,"column":26}},"623":{"start":{"line":1528,"column":16},"end":{"line":1532,"column":17}},"624":{"start":{"line":1529,"column":20},"end":{"line":1529,"column":108}},"625":{"start":{"line":1531,"column":20},"end":{"line":1531,"column":26}},"626":{"start":{"line":1534,"column":16},"end":{"line":1538,"column":17}},"627":{"start":{"line":1535,"column":20},"end":{"line":1535,"column":108}},"628":{"start":{"line":1537,"column":20},"end":{"line":1537,"column":26}},"629":{"start":{"line":1540,"column":16},"end":{"line":1544,"column":17}},"630":{"start":{"line":1541,"column":20},"end":{"line":1541,"column":108}},"631":{"start":{"line":1543,"column":20},"end":{"line":1543,"column":26}},"632":{"start":{"line":1546,"column":16},"end":{"line":1550,"column":17}},"633":{"start":{"line":1547,"column":20},"end":{"line":1547,"column":108}},"634":{"start":{"line":1549,"column":20},"end":{"line":1549,"column":26}},"635":{"start":{"line":1552,"column":16},"end":{"line":1556,"column":17}},"636":{"start":{"line":1553,"column":20},"end":{"line":1553,"column":108}},"637":{"start":{"line":1555,"column":20},"end":{"line":1555,"column":26}},"638":{"start":{"line":1558,"column":16},"end":{"line":1562,"column":17}},"639":{"start":{"line":1559,"column":20},"end":{"line":1559,"column":108}},"640":{"start":{"line":1561,"column":20},"end":{"line":1561,"column":26}},"641":{"start":{"line":1564,"column":16},"end":{"line":1568,"column":17}},"642":{"start":{"line":1565,"column":20},"end":{"line":1565,"column":108}},"643":{"start":{"line":1567,"column":20},"end":{"line":1567,"column":26}},"644":{"start":{"line":1579,"column":17},"end":{"line":1579,"column":76}},"645":{"start":{"line":1580,"column":8},"end":{"line":1582,"column":9}},"646":{"start":{"line":1581,"column":12},"end":{"line":1581,"column":74}},"647":{"start":{"line":1583,"column":8},"end":{"line":1583,"column":22}},"648":{"start":{"line":1590,"column":21},"end":{"line":1590,"column":53}},"649":{"start":{"line":1592,"column":24},"end":{"line":1592,"column":48}},"650":{"start":{"line":1593,"column":24},"end":{"line":1593,"column":90}},"651":{"start":{"line":1595,"column":29},"end":{"line":1595,"column":81}},"652":{"start":{"line":1596,"column":24},"end":{"line":1596,"column":65}},"653":{"start":{"line":1597,"column":8},"end":{"line":1599,"column":9}},"654":{"start":{"line":1598,"column":12},"end":{"line":1598,"column":37}},"655":{"start":{"line":1600,"column":17},"end":{"line":1600,"column":51}},"656":{"start":{"line":1601,"column":18},"end":{"line":1610,"column":9}},"657":{"start":{"line":1612,"column":28},"end":{"line":1612,"column":62}},"658":{"start":{"line":1613,"column":8},"end":{"line":1613,"column":55}},"659":{"start":{"line":1614,"column":8},"end":{"line":1614,"column":51}},"660":{"start":{"line":1615,"column":8},"end":{"line":1615,"column":47}},"661":{"start":{"line":1616,"column":8},"end":{"line":1616,"column":20}},"662":{"start":{"line":1620,"column":22},"end":{"line":1620,"column":77}},"663":{"start":{"line":1622,"column":20},"end":{"line":1622,"column":22}},"664":{"start":{"line":1623,"column":8},"end":{"line":1625,"column":9}},"665":{"start":{"line":1624,"column":12},"end":{"line":1624,"column":58}},"666":{"start":{"line":1626,"column":8},"end":{"line":1626,"column":22}},"667":{"start":{"line":1633,"column":21},"end":{"line":1633,"column":53}},"668":{"start":{"line":1635,"column":24},"end":{"line":1635,"column":48}},"669":{"start":{"line":1636,"column":24},"end":{"line":1636,"column":91}},"670":{"start":{"line":1638,"column":29},"end":{"line":1638,"column":81}},"671":{"start":{"line":1639,"column":24},"end":{"line":1639,"column":65}},"672":{"start":{"line":1640,"column":8},"end":{"line":1642,"column":9}},"673":{"start":{"line":1641,"column":12},"end":{"line":1641,"column":37}},"674":{"start":{"line":1645,"column":18},"end":{"line":1653,"column":9}},"675":{"start":{"line":1654,"column":28},"end":{"line":1654,"column":62}},"676":{"start":{"line":1655,"column":8},"end":{"line":1655,"column":55}},"677":{"start":{"line":1656,"column":8},"end":{"line":1656,"column":52}},"678":{"start":{"line":1657,"column":8},"end":{"line":1657,"column":47}},"679":{"start":{"line":1658,"column":8},"end":{"line":1658,"column":20}},"680":{"start":{"line":1662,"column":22},"end":{"line":1662,"column":78}},"681":{"start":{"line":1664,"column":20},"end":{"line":1664,"column":22}},"682":{"start":{"line":1665,"column":8},"end":{"line":1667,"column":9}},"683":{"start":{"line":1666,"column":12},"end":{"line":1666,"column":58}},"684":{"start":{"line":1668,"column":8},"end":{"line":1668,"column":22}},"685":{"start":{"line":1674,"column":21},"end":{"line":1674,"column":53}},"686":{"start":{"line":1676,"column":29},"end":{"line":1676,"column":98}},"687":{"start":{"line":1677,"column":30},"end":{"line":1677,"column":68}},"688":{"start":{"line":1678,"column":8},"end":{"line":1680,"column":9}},"689":{"start":{"line":1679,"column":12},"end":{"line":1679,"column":86}},"690":{"start":{"line":1681,"column":25},"end":{"line":1681,"column":63}},"691":{"start":{"line":1683,"column":8},"end":{"line":1685,"column":9}},"692":{"start":{"line":1684,"column":12},"end":{"line":1684,"column":99}},"693":{"start":{"line":1693,"column":23},"end":{"line":1693,"column":95}},"694":{"start":{"line":1694,"column":25},"end":{"line":1694,"column":65}},"695":{"start":{"line":1695,"column":8},"end":{"line":1697,"column":9}},"696":{"start":{"line":1696,"column":12},"end":{"line":1696,"column":85}},"697":{"start":{"line":1698,"column":22},"end":{"line":1698,"column":55}},"698":{"start":{"line":1700,"column":8},"end":{"line":1702,"column":9}},"699":{"start":{"line":1701,"column":12},"end":{"line":1701,"column":63}},"700":{"start":{"line":1705,"column":8},"end":{"line":1707,"column":9}},"701":{"start":{"line":1706,"column":12},"end":{"line":1706,"column":103}},"702":{"start":{"line":1710,"column":8},"end":{"line":1710,"column":33}},"703":{"start":{"line":1713,"column":29},"end":{"line":1713,"column":110}},"704":{"start":{"line":1714,"column":31},"end":{"line":1714,"column":70}},"705":{"start":{"line":1715,"column":8},"end":{"line":1717,"column":9}},"706":{"start":{"line":1716,"column":12},"end":{"line":1716,"column":79}},"707":{"start":{"line":1718,"column":37},"end":{"line":1718,"column":102}},"708":{"start":{"line":1720,"column":24},"end":{"line":1720,"column":63}},"709":{"start":{"line":1721,"column":8},"end":{"line":1723,"column":9}},"710":{"start":{"line":1722,"column":12},"end":{"line":1722,"column":61}},"711":{"start":{"line":1725,"column":8},"end":{"line":1725,"column":45}},"712":{"start":{"line":1727,"column":17},"end":{"line":1727,"column":41}},"713":{"start":{"line":1728,"column":32},"end":{"line":1728,"column":83}},"714":{"start":{"line":1730,"column":22},"end":{"line":1735,"column":9}},"715":{"start":{"line":1736,"column":27},"end":{"line":1736,"column":63}},"716":{"start":{"line":1737,"column":8},"end":{"line":1737,"column":65}},"717":{"start":{"line":1738,"column":8},"end":{"line":1738,"column":51}},"718":{"start":{"line":1739,"column":8},"end":{"line":1739,"column":50}},"719":{"start":{"line":1740,"column":8},"end":{"line":1740,"column":50}},"720":{"start":{"line":1741,"column":8},"end":{"line":1741,"column":47}},"721":{"start":{"line":1742,"column":8},"end":{"line":1742,"column":34}},"722":{"start":{"line":1746,"column":22},"end":{"line":1746,"column":74}},"723":{"start":{"line":1748,"column":20},"end":{"line":1748,"column":22}},"724":{"start":{"line":1749,"column":8},"end":{"line":1751,"column":9}},"725":{"start":{"line":1750,"column":12},"end":{"line":1750,"column":58}},"726":{"start":{"line":1752,"column":8},"end":{"line":1752,"column":22}},"727":{"start":{"line":1757,"column":25},"end":{"line":1757,"column":57}},"728":{"start":{"line":1758,"column":8},"end":{"line":1760,"column":9}},"729":{"start":{"line":1759,"column":12},"end":{"line":1759,"column":93}},"730":{"start":{"line":1761,"column":20},"end":{"line":1761,"column":53}},"731":{"start":{"line":1763,"column":28},"end":{"line":1763,"column":63}},"732":{"start":{"line":1764,"column":8},"end":{"line":1766,"column":9}},"733":{"start":{"line":1765,"column":12},"end":{"line":1765,"column":95}},"734":{"start":{"line":1767,"column":23},"end":{"line":1767,"column":59}},"735":{"start":{"line":1769,"column":8},"end":{"line":1771,"column":9}},"736":{"start":{"line":1770,"column":12},"end":{"line":1770,"column":58}},"737":{"start":{"line":1773,"column":24},"end":{"line":1773,"column":48}},"738":{"start":{"line":1775,"column":19},"end":{"line":1775,"column":98}},"739":{"start":{"line":1776,"column":19},"end":{"line":1776,"column":103}},"740":{"start":{"line":1777,"column":27},"end":{"line":1777,"column":80}},"741":{"start":{"line":1780,"column":28},"end":{"line":1780,"column":57}},"742":{"start":{"line":1786,"column":8},"end":{"line":1786,"column":20}},"743":{"start":{"line":1787,"column":8},"end":{"line":1796,"column":10}},"744":{"start":{"line":1797,"column":8},"end":{"line":1797,"column":20}},"745":{"start":{"line":1798,"column":8},"end":{"line":1806,"column":10}},"746":{"start":{"line":1808,"column":8},"end":{"line":1808,"column":37}},"747":{"start":{"line":1809,"column":8},"end":{"line":1809,"column":37}},"748":{"start":{"line":1811,"column":8},"end":{"line":1811,"column":44}},"749":{"start":{"line":1812,"column":8},"end":{"line":1812,"column":47}},"750":{"start":{"line":1814,"column":8},"end":{"line":1814,"column":77}},"751":{"start":{"line":1815,"column":8},"end":{"line":1815,"column":87}},"752":{"start":{"line":1816,"column":8},"end":{"line":1818,"column":9}},"753":{"start":{"line":1817,"column":12},"end":{"line":1817,"column":81}},"754":{"start":{"line":1825,"column":22},"end":{"line":1825,"column":54}},"755":{"start":{"line":1826,"column":25},"end":{"line":1826,"column":85}},"756":{"start":{"line":1827,"column":25},"end":{"line":1827,"column":60}},"757":{"start":{"line":1828,"column":8},"end":{"line":1830,"column":9}},"758":{"start":{"line":1829,"column":12},"end":{"line":1829,"column":59}},"759":{"start":{"line":1831,"column":20},"end":{"line":1831,"column":53}},"760":{"start":{"line":1834,"column":23},"end":{"line":1834,"column":75}},"761":{"start":{"line":1835,"column":24},"end":{"line":1835,"column":56}},"762":{"start":{"line":1836,"column":8},"end":{"line":1838,"column":9}},"763":{"start":{"line":1837,"column":12},"end":{"line":1837,"column":94}},"764":{"start":{"line":1840,"column":8},"end":{"line":1842,"column":9}},"765":{"start":{"line":1841,"column":12},"end":{"line":1841,"column":73}},"766":{"start":{"line":1843,"column":19},"end":{"line":1843,"column":51}},"767":{"start":{"line":1844,"column":8},"end":{"line":1846,"column":9}},"768":{"start":{"line":1845,"column":12},"end":{"line":1845,"column":74}},"769":{"start":{"line":1847,"column":8},"end":{"line":1849,"column":9}},"770":{"start":{"line":1848,"column":12},"end":{"line":1848,"column":81}},"771":{"start":{"line":1851,"column":8},"end":{"line":1851,"column":40}},"772":{"start":{"line":1852,"column":8},"end":{"line":1854,"column":9}},"773":{"start":{"line":1853,"column":12},"end":{"line":1853,"column":75}},"774":{"start":{"line":1856,"column":8},"end":{"line":1856,"column":78}},"775":{"start":{"line":1857,"column":8},"end":{"line":1857,"column":50}},"776":{"start":{"line":1864,"column":22},"end":{"line":1864,"column":54}},"777":{"start":{"line":1865,"column":22},"end":{"line":1865,"column":74}},"778":{"start":{"line":1866,"column":24},"end":{"line":1866,"column":56}},"779":{"start":{"line":1867,"column":8},"end":{"line":1869,"column":9}},"780":{"start":{"line":1868,"column":12},"end":{"line":1868,"column":83}},"781":{"start":{"line":1870,"column":18},"end":{"line":1870,"column":70}},"782":{"start":{"line":1871,"column":20},"end":{"line":1877,"column":9}},"783":{"start":{"line":1878,"column":28},"end":{"line":1878,"column":62}},"784":{"start":{"line":1879,"column":8},"end":{"line":1879,"column":50}},"785":{"start":{"line":1880,"column":8},"end":{"line":1880,"column":20}},"786":{"start":{"line":1884,"column":24},"end":{"line":1884,"column":76}},"787":{"start":{"line":1885,"column":27},"end":{"line":1885,"column":61}},"788":{"start":{"line":1886,"column":8},"end":{"line":1888,"column":9}},"789":{"start":{"line":1887,"column":12},"end":{"line":1887,"column":70}},"790":{"start":{"line":1889,"column":20},"end":{"line":1889,"column":54}},"791":{"start":{"line":1890,"column":8},"end":{"line":1890,"column":20}},"792":{"start":{"line":1896,"column":22},"end":{"line":1896,"column":54}},"793":{"start":{"line":1898,"column":33},"end":{"line":1898,"column":87}},"794":{"start":{"line":1899,"column":27},"end":{"line":1899,"column":70}},"795":{"start":{"line":1900,"column":8},"end":{"line":1902,"column":9}},"796":{"start":{"line":1901,"column":12},"end":{"line":1901,"column":58}},"797":{"start":{"line":1903,"column":21},"end":{"line":1903,"column":55}},"798":{"start":{"line":1904,"column":21},"end":{"line":1904,"column":36}},"799":{"start":{"line":1905,"column":23},"end":{"line":1905,"column":38}},"800":{"start":{"line":1906,"column":31},"end":{"line":1906,"column":83}},"801":{"start":{"line":1907,"column":24},"end":{"line":1907,"column":65}},"802":{"start":{"line":1908,"column":8},"end":{"line":1908,"column":37}},"803":{"start":{"line":1909,"column":8},"end":{"line":1911,"column":9}},"804":{"start":{"line":1910,"column":12},"end":{"line":1910,"column":81}},"805":{"start":{"line":1912,"column":19},"end":{"line":1912,"column":51}},"806":{"start":{"line":1913,"column":8},"end":{"line":1915,"column":9}},"807":{"start":{"line":1914,"column":12},"end":{"line":1914,"column":67}},"808":{"start":{"line":1919,"column":24},"end":{"line":1919,"column":48}},"809":{"start":{"line":1920,"column":18},"end":{"line":1920,"column":83}},"810":{"start":{"line":1922,"column":23},"end":{"line":1928,"column":9}},"811":{"start":{"line":1930,"column":21},"end":{"line":1930,"column":25}},"812":{"start":{"line":1931,"column":21},"end":{"line":1931,"column":31}},"813":{"start":{"line":1933,"column":21},"end":{"line":1933,"column":54}},"814":{"start":{"line":1934,"column":21},"end":{"line":1934,"column":39}},"815":{"start":{"line":1940,"column":23},"end":{"line":1940,"column":29}},"816":{"start":{"line":1941,"column":22},"end":{"line":1941,"column":26}},"817":{"start":{"line":1942,"column":30},"end":{"line":1942,"column":32}},"818":{"start":{"line":1943,"column":28},"end":{"line":1943,"column":29}},"819":{"start":{"line":1944,"column":25},"end":{"line":1944,"column":27}},"820":{"start":{"line":1945,"column":24},"end":{"line":1945,"column":47}},"821":{"start":{"line":1948,"column":21},"end":{"line":1948,"column":43}},"822":{"start":{"line":1949,"column":22},"end":{"line":1949,"column":41}},"823":{"start":{"line":1953,"column":8},"end":{"line":1963,"column":9}},"824":{"start":{"line":1954,"column":12},"end":{"line":1954,"column":36}},"825":{"start":{"line":1955,"column":12},"end":{"line":1955,"column":25}},"826":{"start":{"line":1956,"column":12},"end":{"line":1956,"column":32}},"827":{"start":{"line":1957,"column":12},"end":{"line":1957,"column":72}},"828":{"start":{"line":1959,"column":12},"end":{"line":1959,"column":26}},"829":{"start":{"line":1960,"column":12},"end":{"line":1960,"column":25}},"830":{"start":{"line":1961,"column":12},"end":{"line":1961,"column":34}},"831":{"start":{"line":1962,"column":12},"end":{"line":1962,"column":72}},"832":{"start":{"line":1965,"column":21},"end":{"line":1965,"column":32}},"833":{"start":{"line":1966,"column":22},"end":{"line":1966,"column":34}},"834":{"start":{"line":1967,"column":21},"end":{"line":1967,"column":32}},"835":{"start":{"line":1970,"column":8},"end":{"line":1988,"column":9}},"836":{"start":{"line":1970,"column":19},"end":{"line":1970,"column":20}},"837":{"start":{"line":1971,"column":12},"end":{"line":1986,"column":13}},"838":{"start":{"line":1972,"column":16},"end":{"line":1977,"column":17}},"839":{"start":{"line":1973,"column":20},"end":{"line":1973,"column":32}},"840":{"start":{"line":1975,"column":20},"end":{"line":1975,"column":39}},"841":{"start":{"line":1976,"column":20},"end":{"line":1976,"column":42}},"842":{"start":{"line":1979,"column":16},"end":{"line":1979,"column":41}},"843":{"start":{"line":1980,"column":16},"end":{"line":1985,"column":17}},"844":{"start":{"line":1981,"column":20},"end":{"line":1981,"column":39}},"845":{"start":{"line":1982,"column":20},"end":{"line":1982,"column":39}},"846":{"start":{"line":1984,"column":20},"end":{"line":1984,"column":42}},"847":{"start":{"line":1987,"column":12},"end":{"line":1987,"column":65}},"848":{"start":{"line":1991,"column":26},"end":{"line":1991,"column":46}},"849":{"start":{"line":1992,"column":8},"end":{"line":1992,"column":32}},"850":{"start":{"line":1993,"column":24},"end":{"line":2012,"column":9}},"851":{"start":{"line":2013,"column":24},"end":{"line":2013,"column":62}},"852":{"start":{"line":2014,"column":8},"end":{"line":2014,"column":53}},"853":{"start":{"line":2015,"column":8},"end":{"line":2015,"column":52}},"854":{"start":{"line":2016,"column":8},"end":{"line":2016,"column":82}},"855":{"start":{"line":2017,"column":8},"end":{"line":2017,"column":48}},"856":{"start":{"line":2018,"column":8},"end":{"line":2018,"column":47}},"857":{"start":{"line":2019,"column":8},"end":{"line":2019,"column":24}},"858":{"start":{"line":2032,"column":8},"end":{"line":2032,"column":46}},"859":{"start":{"line":2036,"column":8},"end":{"line":2036,"column":43}},"860":{"start":{"line":2041,"column":22},"end":{"line":2041,"column":36}},"861":{"start":{"line":2045,"column":21},"end":{"line":2045,"column":40}},"862":{"start":{"line":2047,"column":8},"end":{"line":2049,"column":9}},"863":{"start":{"line":2048,"column":12},"end":{"line":2048,"column":74}},"864":{"start":{"line":2050,"column":8},"end":{"line":2050,"column":38}},"865":{"start":{"line":2051,"column":16},"end":{"line":2051,"column":51}},"866":{"start":{"line":2052,"column":19},"end":{"line":2052,"column":26}},"867":{"start":{"line":2053,"column":19},"end":{"line":2053,"column":29}},"868":{"start":{"line":2054,"column":8},"end":{"line":2058,"column":9}},"869":{"start":{"line":2054,"column":19},"end":{"line":2054,"column":20}},"870":{"start":{"line":2055,"column":12},"end":{"line":2057,"column":13}},"871":{"start":{"line":2056,"column":16},"end":{"line":2056,"column":92}},"872":{"start":{"line":2060,"column":8},"end":{"line":2105,"column":9}},"873":{"start":{"line":2062,"column":16},"end":{"line":2066,"column":17}},"874":{"start":{"line":2063,"column":20},"end":{"line":2063,"column":108}},"875":{"start":{"line":2065,"column":20},"end":{"line":2065,"column":26}},"876":{"start":{"line":2068,"column":16},"end":{"line":2072,"column":17}},"877":{"start":{"line":2069,"column":20},"end":{"line":2069,"column":108}},"878":{"start":{"line":2071,"column":20},"end":{"line":2071,"column":26}},"879":{"start":{"line":2074,"column":16},"end":{"line":2078,"column":17}},"880":{"start":{"line":2075,"column":20},"end":{"line":2075,"column":108}},"881":{"start":{"line":2077,"column":20},"end":{"line":2077,"column":26}},"882":{"start":{"line":2080,"column":16},"end":{"line":2084,"column":17}},"883":{"start":{"line":2081,"column":20},"end":{"line":2081,"column":108}},"884":{"start":{"line":2083,"column":20},"end":{"line":2083,"column":26}},"885":{"start":{"line":2086,"column":16},"end":{"line":2090,"column":17}},"886":{"start":{"line":2087,"column":20},"end":{"line":2087,"column":108}},"887":{"start":{"line":2089,"column":20},"end":{"line":2089,"column":26}},"888":{"start":{"line":2092,"column":16},"end":{"line":2096,"column":17}},"889":{"start":{"line":2093,"column":20},"end":{"line":2093,"column":108}},"890":{"start":{"line":2095,"column":20},"end":{"line":2095,"column":26}},"891":{"start":{"line":2098,"column":16},"end":{"line":2102,"column":17}},"892":{"start":{"line":2099,"column":20},"end":{"line":2099,"column":108}},"893":{"start":{"line":2101,"column":20},"end":{"line":2101,"column":26}},"894":{"start":{"line":2116,"column":24},"end":{"line":2116,"column":77}},"895":{"start":{"line":2117,"column":20},"end":{"line":2117,"column":21}},"896":{"start":{"line":2120,"column":8},"end":{"line":2123,"column":13}},"897":{"start":{"line":2121,"column":12},"end":{"line":2121,"column":52}},"898":{"start":{"line":2122,"column":12},"end":{"line":2122,"column":30}},"899":{"start":{"line":2124,"column":8},"end":{"line":2128,"column":9}},"900":{"start":{"line":2125,"column":12},"end":{"line":2125,"column":89}},"901":{"start":{"line":2126,"column":14},"end":{"line":2128,"column":9}},"902":{"start":{"line":2127,"column":12},"end":{"line":2127,"column":24}},"903":{"start":{"line":2129,"column":8},"end":{"line":2129,"column":23}},"904":{"start":{"line":2134,"column":24},"end":{"line":2134,"column":48}},"905":{"start":{"line":2136,"column":19},"end":{"line":2136,"column":84}},"906":{"start":{"line":2139,"column":29},"end":{"line":2139,"column":64}},"907":{"start":{"line":2141,"column":8},"end":{"line":2143,"column":9}},"908":{"start":{"line":2142,"column":12},"end":{"line":2142,"column":36}},"909":{"start":{"line":2144,"column":25},"end":{"line":2144,"column":64}},"910":{"start":{"line":2146,"column":8},"end":{"line":2148,"column":9}},"911":{"start":{"line":2147,"column":12},"end":{"line":2147,"column":44}},"912":{"start":{"line":2150,"column":19},"end":{"line":2150,"column":23}},"913":{"start":{"line":2151,"column":24},"end":{"line":2170,"column":9}},"914":{"start":{"line":2172,"column":30},"end":{"line":2172,"column":68}},"915":{"start":{"line":2173,"column":8},"end":{"line":2173,"column":54}},"916":{"start":{"line":2174,"column":8},"end":{"line":2174,"column":24}},"917":{"start":{"line":2179,"column":22},"end":{"line":2179,"column":54}},"918":{"start":{"line":2180,"column":24},"end":{"line":2180,"column":84}},"919":{"start":{"line":2182,"column":23},"end":{"line":2182,"column":25}},"920":{"start":{"line":2183,"column":20},"end":{"line":2183,"column":21}},"921":{"start":{"line":2186,"column":8},"end":{"line":2196,"column":9}},"922":{"start":{"line":2187,"column":12},"end":{"line":2187,"column":53}},"923":{"start":{"line":2188,"column":12},"end":{"line":2188,"column":32}},"924":{"start":{"line":2189,"column":12},"end":{"line":2192,"column":13}},"925":{"start":{"line":2190,"column":16},"end":{"line":2190,"column":42}},"926":{"start":{"line":2191,"column":16},"end":{"line":2191,"column":39}},"927":{"start":{"line":2193,"column":12},"end":{"line":2195,"column":13}},"928":{"start":{"line":2194,"column":16},"end":{"line":2194,"column":21}},"929":{"start":{"line":2198,"column":8},"end":{"line":2201,"column":9}},"930":{"start":{"line":2199,"column":12},"end":{"line":2199,"column":59}},"931":{"start":{"line":2202,"column":16},"end":{"line":2202,"column":73}},"932":{"start":{"line":2203,"column":8},"end":{"line":2203,"column":18}},"933":{"start":{"line":2221,"column":27},"end":{"line":2221,"column":44}},"934":{"start":{"line":2223,"column":18},"end":{"line":2223,"column":19}},"935":{"start":{"line":2224,"column":8},"end":{"line":2232,"column":9}},"936":{"start":{"line":2224,"column":18},"end":{"line":2224,"column":19}},"937":{"start":{"line":2225,"column":12},"end":{"line":2228,"column":13}},"938":{"start":{"line":2226,"column":16},"end":{"line":2226,"column":24}},"939":{"start":{"line":2227,"column":16},"end":{"line":2227,"column":30}},"940":{"start":{"line":2229,"column":12},"end":{"line":2231,"column":13}},"941":{"start":{"line":2230,"column":16},"end":{"line":2230,"column":79}},"942":{"start":{"line":2234,"column":8},"end":{"line":2236,"column":9}},"943":{"start":{"line":2235,"column":12},"end":{"line":2235,"column":45}},"944":{"start":{"line":2238,"column":8},"end":{"line":2238,"column":34}},"945":{"start":{"line":2239,"column":8},"end":{"line":2241,"column":9}},"946":{"start":{"line":2240,"column":12},"end":{"line":2240,"column":64}},"947":{"start":{"line":2243,"column":8},"end":{"line":2243,"column":19}},"948":{"start":{"line":2250,"column":22},"end":{"line":2250,"column":54}},"949":{"start":{"line":2251,"column":25},"end":{"line":2251,"column":57}},"950":{"start":{"line":2252,"column":8},"end":{"line":2254,"column":9}},"951":{"start":{"line":2253,"column":12},"end":{"line":2253,"column":93}},"952":{"start":{"line":2255,"column":20},"end":{"line":2255,"column":53}},"953":{"start":{"line":2257,"column":8},"end":{"line":2259,"column":9}},"954":{"start":{"line":2258,"column":12},"end":{"line":2258,"column":99}},"955":{"start":{"line":2261,"column":8},"end":{"line":2263,"column":9}},"956":{"start":{"line":2262,"column":12},"end":{"line":2262,"column":71}},"957":{"start":{"line":2265,"column":22},"end":{"line":2265,"column":41}},"958":{"start":{"line":2267,"column":24},"end":{"line":2267,"column":48}},"959":{"start":{"line":2268,"column":19},"end":{"line":2268,"column":93}},"960":{"start":{"line":2269,"column":19},"end":{"line":2269,"column":93}},"961":{"start":{"line":2272,"column":8},"end":{"line":2272,"column":19}},"962":{"start":{"line":2273,"column":20},"end":{"line":2281,"column":9}},"963":{"start":{"line":2282,"column":8},"end":{"line":2282,"column":20}},"964":{"start":{"line":2283,"column":20},"end":{"line":2291,"column":9}},"965":{"start":{"line":2293,"column":8},"end":{"line":2293,"column":45}},"966":{"start":{"line":2294,"column":8},"end":{"line":2294,"column":77}},"967":{"start":{"line":2295,"column":8},"end":{"line":2297,"column":9}},"968":{"start":{"line":2296,"column":12},"end":{"line":2296,"column":81}},"969":{"start":{"line":2298,"column":8},"end":{"line":2298,"column":23}},"970":{"start":{"line":2303,"column":22},"end":{"line":2303,"column":54}},"971":{"start":{"line":2304,"column":24},"end":{"line":2304,"column":55}},"972":{"start":{"line":2305,"column":8},"end":{"line":2307,"column":9}},"973":{"start":{"line":2306,"column":12},"end":{"line":2306,"column":91}},"974":{"start":{"line":2308,"column":19},"end":{"line":2308,"column":57}},"975":{"start":{"line":2310,"column":8},"end":{"line":2312,"column":9}},"976":{"start":{"line":2311,"column":12},"end":{"line":2311,"column":104}},"977":{"start":{"line":2313,"column":8},"end":{"line":2315,"column":9}},"978":{"start":{"line":2314,"column":12},"end":{"line":2314,"column":80}},"979":{"start":{"line":2317,"column":22},"end":{"line":2317,"column":40}},"980":{"start":{"line":2319,"column":24},"end":{"line":2319,"column":42}},"981":{"start":{"line":2320,"column":19},"end":{"line":2320,"column":88}},"982":{"start":{"line":2322,"column":8},"end":{"line":2322,"column":19}},"983":{"start":{"line":2323,"column":8},"end":{"line":2323,"column":27}},"984":{"start":{"line":2325,"column":20},"end":{"line":2344,"column":9}},"985":{"start":{"line":2346,"column":8},"end":{"line":2376,"column":9}},"986":{"start":{"line":2347,"column":23},"end":{"line":2347,"column":88}},"987":{"start":{"line":2348,"column":12},"end":{"line":2348,"column":24}},"988":{"start":{"line":2349,"column":12},"end":{"line":2349,"column":31}},"989":{"start":{"line":2350,"column":24},"end":{"line":2369,"column":13}},"990":{"start":{"line":2370,"column":12},"end":{"line":2370,"column":48}},"991":{"start":{"line":2371,"column":12},"end":{"line":2371,"column":81}},"992":{"start":{"line":2372,"column":12},"end":{"line":2372,"column":81}},"993":{"start":{"line":2374,"column":12},"end":{"line":2374,"column":48}},"994":{"start":{"line":2375,"column":12},"end":{"line":2375,"column":81}},"995":{"start":{"line":2377,"column":8},"end":{"line":2377,"column":23}},"996":{"start":{"line":2383,"column":8},"end":{"line":2383,"column":47}},"997":{"start":{"line":2390,"column":8},"end":{"line":2390,"column":120}},"998":{"start":{"line":2390,"column":39},"end":{"line":2390,"column":118}},"999":{"start":{"line":2393,"column":8},"end":{"line":2393,"column":35}},"1000":{"start":{"line":2400,"column":8},"end":{"line":2400,"column":47}},"1001":{"start":{"line":2406,"column":8},"end":{"line":2406,"column":120}},"1002":{"start":{"line":2406,"column":39},"end":{"line":2406,"column":118}},"1003":{"start":{"line":2408,"column":8},"end":{"line":2408,"column":25}},"1004":{"start":{"line":2420,"column":27},"end":{"line":2420,"column":68}},"1005":{"start":{"line":2421,"column":8},"end":{"line":2423,"column":9}},"1006":{"start":{"line":2422,"column":12},"end":{"line":2422,"column":56}},"1007":{"start":{"line":2425,"column":22},"end":{"line":2425,"column":59}},"1008":{"start":{"line":2427,"column":21},"end":{"line":2427,"column":23}},"1009":{"start":{"line":2428,"column":23},"end":{"line":2428,"column":25}},"1010":{"start":{"line":2429,"column":24},"end":{"line":2429,"column":26}},"1011":{"start":{"line":2430,"column":33},"end":{"line":2430,"column":35}},"1012":{"start":{"line":2431,"column":33},"end":{"line":2431,"column":35}},"1013":{"start":{"line":2432,"column":33},"end":{"line":2432,"column":35}},"1014":{"start":{"line":2433,"column":18},"end":{"line":2433,"column":19}},"1015":{"start":{"line":2434,"column":28},"end":{"line":2434,"column":30}},"1016":{"start":{"line":2435,"column":19},"end":{"line":2435,"column":20}},"1017":{"start":{"line":2439,"column":26},"end":{"line":2439,"column":50}},"1018":{"start":{"line":2441,"column":28},"end":{"line":2460,"column":9}},"1019":{"start":{"line":2462,"column":17},"end":{"line":2462,"column":29}},"1020":{"start":{"line":2463,"column":17},"end":{"line":2463,"column":29}},"1021":{"start":{"line":2466,"column":8},"end":{"line":2466,"column":63}},"1022":{"start":{"line":2467,"column":8},"end":{"line":2467,"column":30}},"1023":{"start":{"line":2468,"column":8},"end":{"line":2468,"column":63}},"1024":{"start":{"line":2469,"column":8},"end":{"line":2469,"column":62}},"1025":{"start":{"line":2470,"column":8},"end":{"line":2470,"column":29}},"1026":{"start":{"line":2471,"column":8},"end":{"line":2471,"column":63}},"1027":{"start":{"line":2477,"column":27},"end":{"line":2477,"column":29}},"1028":{"start":{"line":2480,"column":8},"end":{"line":2484,"column":9}},"1029":{"start":{"line":2481,"column":12},"end":{"line":2481,"column":46}},"1030":{"start":{"line":2483,"column":12},"end":{"line":2483,"column":45}},"1031":{"start":{"line":2486,"column":8},"end":{"line":2595,"column":9}},"1032":{"start":{"line":2486,"column":19},"end":{"line":2486,"column":20}},"1033":{"start":{"line":2487,"column":12},"end":{"line":2489,"column":13}},"1034":{"start":{"line":2488,"column":16},"end":{"line":2488,"column":50}},"1035":{"start":{"line":2490,"column":24},"end":{"line":2490,"column":25}},"1036":{"start":{"line":2491,"column":12},"end":{"line":2491,"column":48}},"1037":{"start":{"line":2492,"column":12},"end":{"line":2492,"column":38}},"1038":{"start":{"line":2493,"column":28},"end":{"line":2493,"column":48}},"1039":{"start":{"line":2495,"column":35},"end":{"line":2495,"column":61}},"1040":{"start":{"line":2496,"column":12},"end":{"line":2496,"column":44}},"1041":{"start":{"line":2497,"column":12},"end":{"line":2500,"column":13}},"1042":{"start":{"line":2499,"column":16},"end":{"line":2499,"column":57}},"1043":{"start":{"line":2502,"column":12},"end":{"line":2502,"column":68}},"1044":{"start":{"line":2503,"column":12},"end":{"line":2507,"column":13}},"1045":{"start":{"line":2504,"column":16},"end":{"line":2504,"column":60}},"1046":{"start":{"line":2506,"column":16},"end":{"line":2506,"column":60}},"1047":{"start":{"line":2511,"column":27},"end":{"line":2511,"column":63}},"1048":{"start":{"line":2512,"column":12},"end":{"line":2514,"column":13}},"1049":{"start":{"line":2513,"column":16},"end":{"line":2513,"column":71}},"1050":{"start":{"line":2518,"column":12},"end":{"line":2518,"column":52}},"1051":{"start":{"line":2520,"column":31},"end":{"line":2520,"column":42}},"1052":{"start":{"line":2532,"column":12},"end":{"line":2551,"column":13}},"1053":{"start":{"line":2533,"column":16},"end":{"line":2533,"column":51}},"1054":{"start":{"line":2534,"column":16},"end":{"line":2534,"column":47}},"1055":{"start":{"line":2536,"column":16},"end":{"line":2536,"column":53}},"1056":{"start":{"line":2538,"column":16},"end":{"line":2538,"column":56}},"1057":{"start":{"line":2540,"column":16},"end":{"line":2540,"column":62}},"1058":{"start":{"line":2544,"column":16},"end":{"line":2544,"column":53}},"1059":{"start":{"line":2547,"column":16},"end":{"line":2547,"column":84}},"1060":{"start":{"line":2548,"column":16},"end":{"line":2548,"column":87}},"1061":{"start":{"line":2550,"column":16},"end":{"line":2550,"column":93}},"1062":{"start":{"line":2553,"column":12},"end":{"line":2553,"column":61}},"1063":{"start":{"line":2556,"column":12},"end":{"line":2556,"column":30}},"1064":{"start":{"line":2557,"column":12},"end":{"line":2557,"column":30}},"1065":{"start":{"line":2559,"column":12},"end":{"line":2559,"column":36}},"1066":{"start":{"line":2560,"column":12},"end":{"line":2560,"column":47}},"1067":{"start":{"line":2561,"column":12},"end":{"line":2561,"column":39}},"1068":{"start":{"line":2562,"column":12},"end":{"line":2562,"column":50}},"1069":{"start":{"line":2563,"column":28},"end":{"line":2563,"column":36}},"1070":{"start":{"line":2564,"column":12},"end":{"line":2590,"column":13}},"1071":{"start":{"line":2565,"column":16},"end":{"line":2565,"column":39}},"1072":{"start":{"line":2566,"column":16},"end":{"line":2566,"column":52}},"1073":{"start":{"line":2567,"column":26},"end":{"line":2567,"column":77}},"1074":{"start":{"line":2567,"column":51},"end":{"line":2567,"column":76}},"1075":{"start":{"line":2568,"column":16},"end":{"line":2568,"column":55}},"1076":{"start":{"line":2570,"column":16},"end":{"line":2570,"column":39}},"1077":{"start":{"line":2571,"column":26},"end":{"line":2571,"column":77}},"1078":{"start":{"line":2571,"column":51},"end":{"line":2571,"column":76}},"1079":{"start":{"line":2576,"column":16},"end":{"line":2576,"column":37}},"1080":{"start":{"line":2577,"column":16},"end":{"line":2577,"column":33}},"1081":{"start":{"line":2578,"column":16},"end":{"line":2578,"column":67}},"1082":{"start":{"line":2579,"column":16},"end":{"line":2579,"column":35}},"1083":{"start":{"line":2580,"column":16},"end":{"line":2580,"column":74}},"1084":{"start":{"line":2581,"column":16},"end":{"line":2581,"column":44}},"1085":{"start":{"line":2586,"column":16},"end":{"line":2586,"column":32}},"1086":{"start":{"line":2587,"column":16},"end":{"line":2587,"column":53}},"1087":{"start":{"line":2588,"column":16},"end":{"line":2588,"column":54}},"1088":{"start":{"line":2592,"column":12},"end":{"line":2592,"column":39}},"1089":{"start":{"line":2596,"column":8},"end":{"line":2596,"column":36}},"1090":{"start":{"line":2600,"column":27},"end":{"line":2600,"column":28}},"1091":{"start":{"line":2602,"column":8},"end":{"line":2617,"column":9}},"1092":{"start":{"line":2602,"column":19},"end":{"line":2602,"column":20}},"1093":{"start":{"line":2607,"column":12},"end":{"line":2607,"column":119}},"1094":{"start":{"line":2608,"column":12},"end":{"line":2608,"co
[...]
:{"start":{"line":3839,"column":12},"end":{"line":3839,"column":58}},"type":"binary-expr","locations":[{"start":{"line":3839,"column":12},"end":{"line":3839,"column":27}},{"start":{"line":3839,"column":31},"end":{"line":3839,"column":58}}],"line":3839}},"s":{"0":1,"1":352,"2":226,"3":164,"4":83,"5":220,"6":185,"7":32,"8":32,"9":1,"10":28,"11":1,"12":10,"13":10,"14":2,"15":8,"16":8,"17":8,"18":8,"19":8,"20":3,"21":1,"22":7,"23":7,"24":7,"25":7,"26":42,"27":6,"28":6,"29":42,"30":1,"31":6,"32":1,"33":5,"34":5,"35":3,"36":2,"37":1,"38":1,"39":1,"40":2,"41":1,"42":1,"43":1,"44":1,"45":5,"46":5,"47":5,"48":5,"49":5,"50":0,"51":0,"52":0,"53":0,"54":0,"55":0,"56":0,"57":0,"58":0,"59":0,"60":0,"61":2,"62":2,"63":1,"64":1,"65":0,"66":0,"67":0,"68":0,"69":0,"70":0,"71":0,"72":0,"73":0,"74":0,"75":0,"76":0,"77":0,"78":0,"79":0,"80":0,"81":0,"82":0,"83":0,"84":0,"85":0,"86":0,"87":0,"88":2,"89":1,"90":1,"91":1,"92":1,"93":1,"94":1,"95":1,"96":3,"97":3,"98":3,"99":3,"100":3,"101":3,"102":1,"103":2,"104":1,"105":1,"106":3,"107":3,"108":3,"109":3,"110":0,"111":0,"112":0,"113":3,"114":3,"115":3,"116":3,"117":0,"118":0,"119":0,"120":119,"121":1,"122":83,"123":83,"124":83,"125":83,"126":83,"127":83,"128":83,"129":83,"130":9,"131":74,"132":74,"133":9,"134":65,"135":65,"136":65,"137":65,"138":65,"139":65,"140":133,"141":7,"142":58,"143":58,"144":5,"145":1,"146":4,"147":5,"148":1,"149":4,"150":7,"151":1,"152":6,"153":7,"154":1,"155":6,"156":8,"157":1,"158":7,"159":18,"160":1,"161":17,"162":2,"163":1,"164":1,"165":3,"166":1,"167":2,"168":3,"169":1,"170":2,"171":3,"172":3,"173":3,"174":3,"175":3,"176":3,"177":0,"178":0,"179":0,"180":0,"181":0,"182":0,"183":0,"184":2,"185":2,"186":2,"187":0,"188":0,"189":0,"190":0,"191":6,"192":6,"193":6,"194":0,"195":0,"196":0,"197":0,"198":0,"199":0,"200":0,"201":3,"202":3,"203":3,"204":0,"205":0,"206":0,"207":0,"208":0,"209":0,"210":0,"211":3,"212":0,"213":0,"214":0,"215":0,"216":0,"217":0,"218":0,"219":0,"220":1,"221":1,"222":0,"223":0,"224":6,"225":6,"226":6,"227":6,"228":6,"229":18,"230":6,"231":3,"232":3,"233":1,"234":2,"235":2,"236":2,"237":2,"238":2,"239":2,"240":2,"241":2,"242":2,"243":2,"244":2,"245":2,"246":2,"247":2,"248":1,"249":1,"250":1,"251":1,"252":1,"253":3,"254":3,"255":1,"256":2,"257":2,"258":2,"259":2,"260":2,"261":2,"262":2,"263":2,"264":2,"265":2,"266":2,"267":2,"268":2,"269":2,"270":2,"271":2,"272":2,"273":1,"274":1,"275":1,"276":1,"277":1,"278":2,"279":2,"280":2,"281":2,"282":2,"283":2,"284":1,"285":1,"286":1,"287":1,"288":1,"289":1,"290":1,"291":2,"292":2,"293":2,"294":0,"295":0,"296":4,"297":4,"298":4,"299":4,"300":1,"301":3,"302":3,"303":1,"304":2,"305":2,"306":2,"307":2,"308":2,"309":1,"310":1,"311":1,"312":1,"313":1,"314":1,"315":1,"316":1,"317":1,"318":1,"319":1,"320":1,"321":1,"322":1,"323":1,"324":1,"325":1,"326":1,"327":1,"328":1,"329":1,"330":1,"331":1,"332":1,"333":1,"334":1,"335":1,"336":1,"337":1,"338":1,"339":1,"340":1,"341":1,"342":1,"343":1,"344":1,"345":1,"346":1,"347":1,"348":1,"349":1,"350":1,"351":1,"352":1,"353":1,"354":1,"355":1,"356":1,"357":1,"358":1,"359":1,"360":1,"361":1,"362":1,"363":1,"364":1,"365":1,"366":1,"367":1,"368":1,"369":1,"370":1,"371":1,"372":1,"373":1,"374":1,"375":1,"376":0,"377":0,"378":0,"379":1,"380":1,"381":1,"382":1,"383":1,"384":1,"385":1,"386":1,"387":1,"388":4,"389":4,"390":4,"391":4,"392":4,"393":4,"394":1,"395":3,"396":3,"397":1,"398":2,"399":1,"400":1,"401":1,"402":1,"403":1,"404":1,"405":1,"406":1,"407":1,"408":6,"409":6,"410":6,"411":6,"412":6,"413":6,"414":6,"415":1,"416":5,"417":5,"418":5,"419":1,"420":4,"421":1,"422":3,"423":1,"424":2,"425":2,"426":2,"427":2,"428":1,"429":1,"430":1,"431":1,"432":1,"433":1,"434":1,"435":1,"436":1,"437":1,"438":1,"439":1,"440":1,"441":1,"442":2,"443":2,"444":2,"445":2,"446":6,"447":6,"448":6,"449":6,"450":6,"451":1,"452":5,"453":5,"454":1,"455":4,"456":1,"457":3,"458":1,"459":2,"460":2,"461":4,"462":2,"463":1,"464":1,"465":1,"466":1,"467":1,"468":1,"469":1,"470":1,"471":1,"472":1,"473":1,"474":1,"475":7,"476":7,"477":7,"478":7,"479":1,"480":6,"481":6,"482":1,"483":5,"484":1,"485":4,"486":4,"487":4,"488":4,"489":1,"490":4,"491":1,"492":3,"493":4,"494":4,"495":4,"496":4,"497":4,"498":4,"499":4,"500":4,"501":4,"502":4,"503":4,"504":17,"505":17,"506":17,"507":17,"508":17,"509":1,"510":16,"511":16,"512":1,"513":15,"514":15,"515":1,"516":14,"517":14,"518":1,"519":13,"520":1,"521":12,"522":12,"523":12,"524":12,"525":12,"526":12,"527":12,"528":1,"529":11,"530":4,"531":4,"532":4,"533":5,"534":5,"535":5,"536":5,"537":5,"538":11,"539":2,"540":9,"541":4,"542":5,"543":9,"544":9,"545":9,"546":9,"547":4,"548":5,"549":5,"550":5,"551":5,"552":5,"553":5,"554":5,"555":2,"556":5,"557":5,"558":3,"559":2,"560":5,"561":5,"562":86,"563":2,"564":3,"565":3,"566":3,"567":0,"568":0,"569":0,"570":0,"571":0,"572":0,"573":0,"574":3,"575":3,"576":3,"577":0,"578":0,"579":0,"580":0,"581":0,"582":0,"583":4,"584":4,"585":4,"586":4,"587":0,"588":0,"589":0,"590":0,"591":0,"592":0,"593":0,"594":0,"595":0,"596":0,"597":0,"598":0,"599":69,"600":69,"601":8,"602":61,"603":61,"604":8,"605":53,"606":53,"607":53,"608":53,"609":53,"610":53,"611":161,"612":7,"613":46,"614":3,"615":1,"616":2,"617":3,"618":1,"619":2,"620":8,"621":1,"622":7,"623":9,"624":1,"625":8,"626":3,"627":1,"628":2,"629":7,"630":1,"631":6,"632":3,"633":1,"634":2,"635":3,"636":1,"637":2,"638":3,"639":1,"640":2,"641":4,"642":1,"643":3,"644":2,"645":1,"646":1,"647":0,"648":2,"649":2,"650":2,"651":2,"652":2,"653":2,"654":1,"655":1,"656":1,"657":1,"658":1,"659":1,"660":1,"661":1,"662":2,"663":2,"664":2,"665":0,"666":0,"667":2,"668":2,"669":2,"670":2,"671":2,"672":2,"673":1,"674":1,"675":1,"676":1,"677":1,"678":1,"679":1,"680":2,"681":2,"682":2,"683":0,"684":0,"685":8,"686":8,"687":8,"688":8,"689":1,"690":7,"691":7,"692":1,"693":6,"694":6,"695":6,"696":1,"697":5,"698":5,"699":1,"700":4,"701":1,"702":3,"703":3,"704":3,"705":3,"706":1,"707":2,"708":2,"709":2,"710":1,"711":1,"712":1,"713":1,"714":1,"715":1,"716":1,"717":1,"718":1,"719":1,"720":1,"721":1,"722":3,"723":3,"724":3,"725":0,"726":0,"727":5,"728":5,"729":1,"730":4,"731":4,"732":4,"733":1,"734":3,"735":3,"736":1,"737":2,"738":2,"739":2,"740":2,"741":2,"742":2,"743":2,"744":2,"745":2,"746":2,"747":2,"748":2,"749":2,"750":2,"751":2,"752":2,"753":1,"754":7,"755":7,"756":7,"757":7,"758":1,"759":6,"760":6,"761":6,"762":6,"763":1,"764":5,"765":1,"766":4,"767":4,"768":1,"769":3,"770":1,"771":2,"772":2,"773":1,"774":1,"775":1,"776":2,"777":2,"778":2,"779":2,"780":1,"781":1,"782":1,"783":1,"784":1,"785":1,"786":0,"787":0,"788":0,"789":0,"790":0,"791":0,"792":6,"793":6,"794":6,"795":6,"796":1,"797":5,"798":5,"799":5,"800":5,"801":5,"802":5,"803":5,"804":1,"805":4,"806":4,"807":1,"808":3,"809":3,"810":3,"811":3,"812":3,"813":3,"814":3,"815":3,"816":3,"817":3,"818":3,"819":3,"820":3,"821":3,"822":3,"823":3,"824":2,"825":2,"826":2,"827":2,"828":1,"829":1,"830":1,"831":1,"832":3,"833":3,"834":3,"835":3,"836":3,"837":90,"838":60,"839":30,"840":30,"841":30,"842":30,"843":30,"844":15,"845":15,"846":15,"847":90,"848":3,"849":3,"850":3,"851":3,"852":3,"853":3,"854":3,"855":3,"856":3,"857":3,"858":109,"859":1,"860":73,"861":73,"862":73,"863":7,"864":66,"865":66,"866":66,"867":66,"868":66,"869":66,"870":193,"871":5,"872":61,"873":13,"874":1,"875":12,"876":10,"877":1,"878":9,"879":12,"880":1,"881":11,"882":9,"883":1,"884":8,"885":6,"886":1,"887":5,"888":8,"889":1,"890":7,"891":3,"892":2,"893":1,"894":3,"895":3,"896":3,"897":0,"898":0,"899":0,"900":0,"901":0,"902":0,"903":0,"904":1,"905":1,"906":1,"907":1,"908":0,"909":1,"910":1,"911":2,"912":1,"913":1,"914":1,"915":1,"916":1,"917":5,"918":5,"919":5,"920":5,"921":5,"922":0,"923":0,"924":0,"925":0,"926":0,"927":0,"928":0,"929":0,"930":0,"931":0,"932":0,"933":6,"934":6,"935":6,"936":6,"937":35,"938":4,"939":4,"940":35,"941":2,"942":4,"943":1,"944":3,"945":3,"946":2,"947":1,"948":5,"949":5,"950":5,"951":1,"952":4,"953":4,"954":1,"955":3,"956":1,"957":2,"958":2,"959":2,"960":2,"961":2,"962":2,"963":2,"964":2,"965":2,"966":2,"967":2,"968":1,"969":2,"970":5,"971":5,"972":5,"973":1,"974":4,"975":4,"976":1,"977":3,"978":1,"979":2,"980":2,"981":2,"982":2,"983":2,"984":2,"985":2,"986":1,"987":1,"988":1,"989":1,"990":1,"991":1,"992":1,"993":1,"994":1,"995":2,"996":6,"997":6,"998":9651,"999":6,"1000":4,"1001":4,"1002":68,"1003":4,"1004":14,"1005":14,"1006":1,"1007":13,"1008":13,"1009":13,"1010":13,"1011":13,"1012":13,"1013":13,"1014":13,"1015":13,"1016":13,"1017":13,"1018":13,"1019":13,"1020":13,"1021":13,"1022":13,"1023":13,"1024":13,"1025":13,"1026":13,"1027":13,"1028":13,"1029":4,"1030":9,"1031":13,"1032":13,"1033":158,"1034":134,"1035":158,"1036":158,"1037":158,"1038":158,"1039":158,"1040":158,"1041":158,"1042":1,"1043":157,"1044":157,"1045":150,"1046":7,"1047":157,"1048":157,"1049":1,"1050":156,"1051":156,"1052":156,"1053":25,"1054":25,"1055":25,"1056":25,"1057":25,"1058":131,"1059":131,"1060":131,"1061":131,"1062":156,"1063":156,"1064":156,"1065":156,"1066":156,"1067":156,"1068":156,"1069":156,"1070":156,"1071":149,"1072":149,"1073":149,"1074":10810,"1075":149,"1076":7,"1077":7,"1078":578,"1079":7,"1080":7,"1081":7,"1082":7,"1083":7,"1084":7,"1085":7,"1086":7,"1087":7,"1088":156,"1089":11,"1090":11,"1091":11,"1092":11,"1093":23,"1094":23,"1095":23,"1096":23,"1097":23,"1098":23,"1099":23,"1100":23,"1101":23,"1102":23,"1103":11,"1104":11,"1105":11,"1106":11,"1107":11,"1108":11,"1109":11,"1110":11,"1111":11,"1112":11,"1113":11,"1114":7,"1115":7,"1116":7,"1117":7,"1118":7,"1119":7,"1120":7,"1121":7,"1122":7,"1123":7,"1124":7,"1125":7,"1126":7,"1127":7,"1128":7,"1129":578,"1130":7,"1131":7,"1132":7,"1133":7,"1134":7,"1135":7,"1136":4,"1137":4,"1138":4,"1139":4,"1140":11,"1141":11,"1142":11,"1143":2,"1144":2,"1145":2,"1146":2,"1147":2,"1148":2,"1149":2,"1150":202,"1151":2,"1152":2,"1153":2,"1154":2,"1155":2,"1156":2,"1157":2,"1158":2,"1159":2,"1160":9,"1161":5,"1162":505,"1163":5,"1164":4,"1165":11,"1166":7,"1167":7,"1168":7,"1169":7,"1170":7,"1171":1,"1172":6,"1173":6,"1174":6,"1175":6,"1176":6,"1177":1,"1178":5,"1179":1,"1180":4,"1181":4,"1182":4,"1183":4,"1184":4,"1185":4,"1186":0,"1187":0,"1188":0,"1189":0,"1190":0,"1191":0,"1192":0,"1193":0,"1194":0,"1195":0,"1196":0,"1197":0,"1198":0,"1199":0,"1200":0,"1201":0,"1202":0,"1203":0,"1204":0,"1205":0,"1206":0,"1207":0,"1208":0,"1209":0,"1210":0,"1211":0,"1212":0,"1213":0,"1214":0,"1215":0,"1216":0,"1217":0,"1218":0,"1219":0,"1220":0,"1221":0,"1222":0,"1223":0,"1224":0,"1225":0,"1226":0,"1227":0,"1228":0,"1229":0,"1230":0,"1231":0,"1232":0,"1233":0,"1234":0,"1235":0,"1236":13,"1237":13,"1238":13,"1239":13,"1240":13,"1241":13,"1242":13,"1243":13,"1244":13,"1245":1,"1246":12,"1247":12,"1248":12,"1249":12,"1250":12,"1251":12,"1252":12,"1253":12,"1254":12,"1255":12,"1256":12,"1257":12,"1258":12,"1259":12,"1260":12,"1261":12,"1262":12,"1263":12,"1264":12,"1265":4,"1266":8,"1267":12,"1268":12,"1269":12,"1270":135,"1271":110,"1272":135,"1273":135,"1274":135,"1275":135,"1276":1,"1277":134,"1278":134,"1279":134,"1280":134,"1281":0,"1282":134,"1283":134,"1284":128,"1285":6,"1286":134,"1287":134,"1288":134,"1289":134,"1290":134,"1291":134,"1292":134,"1293":50,"1294":50,"1295":50,"1296":50,"1297":84,"1298":84,"1299":84,"1300":134,"1301":134,"1302":134,"1303":134,"1304":134,"1305":128,"1306":128,"1307":9837,"1308":128,"1309":6,"1310":528,"1311":6,"1312":6,"1313":6,"1314":6,"1315":6,"1316":6,"1317":6,"1318":6,"1319":6,"1320":134,"1321":134,"1322":134,"1323":11,"1324":11,"1325":11,"1326":11,"1327":49,"1328":49,"1329":49,"1330":49,"1331":49,"1332":49,"1333":49,"1334":49,"1335":11,"1336":11,"1337":11,"1338":11,"1339":11,"1340":11,"1341":11,"1342":11,"1343":11,"1344":6,"1345":6,"1346":6,"1347":6,"1348":6,"1349":6,"1350":6,"1351":6,"1352":6,"1353":6,"1354":6,"1355":6,"1356":528,"1357":6,"1358":6,"1359":6,"1360":6,"1361":6,"1362":6,"1363":5,"1364":5,"1365":5,"1366":5,"1367":11,"1368":11,"1369":11,"1370":11,"1371":2,"1372":2,"1373":2,"1374":2,"1375":2,"1376":2,"1377":2,"1378":202,"1379":2,"1380":2,"1381":2,"1382":2,"1383":2,"1384":2,"1385":2,"1386":2,"1387":2,"1388":9,"1389":5,"1390":505,"1391":5,"1392":4,"1393":11,"1394":11,"1395":11,"1396":11,"1397":11,"1398":11,"1399":8,"1400":8,"1401":8,"1402":8,"1403":8,"1404":3,"1405":5,"1406":8,"1407":8,"1408":8,"1409":8,"1410":8,"1411":1,"1412":7,"1413":7,"1414":1,"1415":6,"1416":6,"1417":6,"1418":6,"1419":6,"1420":6,"1421":6,"1422":6,"1423":6,"1424":2,"1425":2,"1426":2,"1427":2,"1428":2,"1429":2,"1430":2,"1431":2,"1432":4,"1433":4,"1434":4,"1435":4,"1436":4,"1437":4,"1438":4,"1439":4,"1440":4,"1441":4,"1442":4,"1443":4,"1444":301,"1445":301,"1446":301,"1447":59,"1448":59,"1449":59,"1450":59,"1451":59,"1452":59,"1453":58,"1454":58,"1455":58,"1456":58,"1457":58,"1458":58,"1459":58,"1460":58,"1461":1,"1462":1,"1463":1,"1464":1,"1465":1,"1466":1,"1467":1,"1468":1,"1469":242,"1470":4,"1471":4,"1472":4,"1473":4,"1474":4,"1475":2,"1476":2,"1477":2,"1478":2,"1479":2,"1480":2,"1481":1,"1482":1,"1483":1,"1484":1,"1485":1,"1486":1,"1487":1,"1488":1,"1489":1,"1490":1,"1491":1,"1492":4,"1493":4,"1494":4,"1495":4,"1496":4,"1497":4,"1498":3,"1499":3,"1500":1,"1501":1,"1502":1,"1503":4,"1504":4,"1505":4,"1506":4,"1507":4,"1508":11,"1509":9,"1510":9,"1511":9,"1512":9,"1513":9,"1514":9,"1515":9,"1516":9,"1517":9,"1518":9,"1519":9,"1520":9,"1521":1,"1522":8,"1523":8,"1524":1,"1525":7,"1526":1,"1527":6,"1528":6,"1529":1,"1530":5,"1531":6,"1532":6,"1533":6,"1534":6,"1535":6,"1536":6,"1537":6,"1538":2,"1539":2,"1540":2,"1541":2,"1542":2,"1543":2,"1544":2,"1545":4,"1546":4,"1547":4,"1548":4,"1549":4,"1550":4,"1551":4,"1552":4,"1553":4,"1554":301,"1555":29,"1556":29,"1557":29,"1558":28,"1559":28,"1560":28,"1561":28,"1562":28,"1563":28,"1564":28,"1565":28,"1566":1,"1567":1,"1568":1,"1569":1,"1570":1,"1571":1,"1572":1,"1573":1,"1574":272,"1575":4,"1576":4,"1577":2,"1578":2,"1579":2,"1580":2,"1581":2,"1582":1,"1583":1,"1584":1,"1585":1,"1586":1,"1587":1,"1588":1,"1589":1,"1590":4,"1591":4,"1592":3,"1593":3,"1594":3,"1595":1,"1596":1,"1597":1,"1598":4,"1599":4,"1600":4,"1601":4,"1602":9,"1603":9,"1604":1,"1605":8,"1606":8,"1607":8,"1608":8,"1609":8,"1610":1,"1611":7,"1612":7,"1613":1,"1614":6,"1615":1,"1616":5,"1617":5,"1618":1,"1619":4,"1620":4,"1621":4,"1622":4,"1623":4,"1624":4,"1625":4,"1626":4,"1627":1,"1628":3,"1629":3,"1630":3,"1631":3,"1632":3,"1633":3,"1634":3,"1635":3,"1636":3,"1637":300,"1638":5,"1639":5,"1640":5,"1641":2,"1642":2,"1643":2,"1644":2,"1645":2,"1646":2,"1647":2,"1648":2,"1649":3,"1650":3,"1651":3,"1652":3,"1653":3,"1654":3,"1655":3,"1656":3,"1657":295,"1658":3,"1659":3,"1660":3,"1661":3,"1662":3,"1663":3,"1664":3,"1665":3,"1666":3,"1667":3,"1668":3,"1669":3,"1670":3,"1671":3,"1672":3,"1673":3,"1674":8,"1675":8,"1676":1,"1677":7,"1678":7,"1679":7,"1680":7,"1681":7,"1682":1,"1683":6,"1684":6,"1685":1,"1686":5,"1687":5,"1688":1,"1689":4,"1690":4,"1691":4,"1692":4,"1693":4,"1694":4,"1695":4,"1696":4,"1697":1,"1698":3,"1699":3,"1700":3,"1701":3,"1702":3,"1703":3,"1704":3,"1705":3,"1706":3,"1707":3,"1708":210,"1709":13,"1710":13,"1711":13,"1712":11,"1713":11,"1714":11,"1715":11,"1716":11,"1717":2,"1718":2,"1719":2,"1720":2,"1721":2,"1722":197,"1723":3,"1724":3,"1725":3,"1726":3,"1727":3,"1728":3,"1729":3,"1730":3,"1731":3,"1732":3,"1733":3,"1734":3,"1735":3,"1736":3,"1737":3,"1738":3,"1739":3,"1740":3,"1741":3,"1742":3,"1743":3,"1744":3,"1745":3,"1746":3,"1747":3,"1748":3,"1749":3,"1750":2,"1751":2,"1752":1,"1753":1,"1754":1,"1755":1,"1756":1,"1757":1,"1758":1,"1759":1},"f":{"0":352,"1":226,"2":164,"3":83,"4":220,"5":185,"6":32,"7":32,"8":1,"9":28,"10":1,"11":10,"12":7,"13":1,"14":5,"15":2,"16":0,"17":0,"18":2,"19":3,"20":3,"21":3,"22":119,"23":1,"24":83,"25":3,"26":2,"27":6,"28":3,"29":3,"30":1,"31":6,"32":18,"33":3,"34":3,"35":2,"36":2,"37":4,"38":0,"39":1,"40":4,"41":6,"42":6,"43":4,"44":7,"45":17,"46":4,"47":5,"48":5,"49":86,"50":2,"51":3,"52":3,"53":4,"54":69,"55":2,"56":2,"57":2,"58":2,"59":2,"60":8,"61":3,"62":5,"63":7,"64":2,"65":0,"66":6,"67":109,"68":1,"69":73,"70":3,"71":1,"72":5,"73":6,"74":5,"75":5,"76":6,"77":9651,"78":4,"79":68,"80":14,"81":10810,"82":578,"83":578,"84":202,"85":505,"86":7,"87":13,"88":9837,"89":528,"90":528,"91":202,"92":505,"93":11,"94":11,"95":9,"96":8,"97":2},"b":{"0":[2,8],"1":[1,2],"2":[6,36],"3":[1,41],"4":[1,5],"5":[6,5],"6":[3,2],"7":[0,0],"8":[0,0],"9":[0,0],"10":[0,0],"11":[0,0],"12":[1,1],"13":[0,0],"14":[0,0],"15":[0,0],"16":[0,0],"17":[1,2],"18":[1,1],"19":[9,74],"20":[83,52],"21":[9,65],"22":[7,126],"23":[5,5,7,7,8,18,2,3,3],"24":[1,4],"25":[1,4],"26":[1,6],"27":[1,6],"28":[1,7],"29":[1,17],"30":[1,1],"31":[1,2],"32":[1,2],"33":[0,0],"34":[0,0],"35":[0,0],"36":[0,0],"37":[0,0],"38":[0,0],"39":[0,0],"40":[0,0],"41":[0,0],"42":[18,15],"43":[1,2],"44":[3,2],"45":[1,1],"46":[1,2],"47":[3,2],"48":[1,1],"49":[1,1],"50":[2,1],"51":[1,3],"52":[4,3],"53":[1,2],"54":[1,1],"55":[0,0],"56":[1,3],"57":[4,3],"58":[1,2],"59":[1,1],"60":[1,5],"61":[6,5],"62":[1,4],"63":[1,3],"64":[1,2],"65":[1,1],"66":[1,5],"67":[6,5],"68":[1,4],"69":[1,3],"70":[1,2],"71":[1,1],"72":[1,6],"73":[7,6],"74":[1,5],"75":[1,4],"76":[1,3],"77":[1,3],"78":[1,16],"79":[17,16],"80":[1,15],"81":[1,14],"82":[15,14],"83":[1,13],"84":[1,12],"85":[1,11],"86":[2,9],"87":[4,5],"88":[4,5],"89":[2,3],"90":[5,3],"91":[3,2],"92":[0,0],"93":[0,0],"94":[0,0],"95":[0,0],"96":[0,0],"97":[0,0],"98":[8,61],"99":[69,45,12],"100":[8,53],"101":[7,154],"102":[3,3,8,9,3,7,3,3,3,4],"103":[1,2],"104":[1,2],"105":[1,7],"106":[1,8],"107":[1,2],"108":[1,6],"109":[1,2],"110":[1,2],"111":[1,2],"112":[1,3],"113":[1,0],"114":[1,1],"115":[1,1],"116":[2,1],"117":[1,1],"118":[2,1],"119":[1,7],"120":[8,7],"121":[1,6],"122":[1,5],"123":[6,5],"124":[1,4],"125":[1,3],"126":[1,2],"127":[3,2],"128":[1,1],"129":[2,1,1],"130":[1,4],"131":[5,4],"132":[1,3],"133":[4,3],"134":[1,2],"135":[1,1],"136":[1,6],"137":[7,6],"138":[1,5],"139":[6,5],"140":[1,4],"141":[1,3],"142":[1,2],"143":[1,1],"144":[2,1,1],"145":[1,1],"146":[2,1],"147":[0,0],"148":[0,0],"149":[1,5],"150":[6,5],"151":[1,4],"152":[5,4],"153":[1,3],"154":[2,1],"155":[60,30],"156":[30,30],"157":[15,15],"158":[7,66],"159":[5,188],"160":[13,10,12,9,6,8,3],"161":[1,12],"162":[13,1],"163":[1,9],"164":[10,1],"165":[1,11],"166":[12,1],"167":[1,8],"168":[9,1],"169":[1,5],"170":[6,1],"171":[1,7],"172":[8,1],"173":[2,1],"174":[3,2],"175":[0,0],"176":[0,0],"177":[0,1],"178":[1,1],"179":[0,0],"180":[0,0],"181":[0,0],"182":[0,0],"183":[4,31],"184":[2,33],"185":[1,3],"186":[4,3],"187":[2,1],"188":[1,4],"189":[5,4],"190":[1,3],"191":[1,2],"192":[1,1],"193":[1,4],"194":[5,4],"195":[1,3],"196":[1,2],"197":[1,1],"198":[4699,4952],"199":[4039,913],"200":[474,439],"201":[22,46],"202":[23,23],"203":[8,15],"204":[1,13],"205":[14,13],"206":[4,9],"207":[134,24],"208":[1,157],"209":[150,7],"210":[1,156],"211":[157,156],"212":[25,131],"213":[149,7],"214":[7,4],"215":[2,9],"216":[11,2],"217":[5,4],"218":[9,9],"219":[1,6],"220":[7,6],"221":[1,5],"222":[1,4],"223":[0,0],"224":[0,0],"225":[0,0],"226":[0,0],"227":[0,0],"228":[1,12],"229":[13,12],"230":[4,8],"231":[110,25],"232":[1,134],"233":[0,134],"234":[134,134],"235":[128,6],"236":[50,84],"237":[128,6],"238":[6,5],"239":[2,9],"240":[11,3],"241":[5,4],"242":[9,8],"243":[3,5],"244":[8,5],"245":[1,7],"246":[8,7],"247":[1,6],"248":[2,4],"249":[59,242],"250":[301,59,59],"251":[58,1],"252":[2,2],"253":[1,1],"254":[2,2],"255":[3,1],"256":[1,8],"257":[9,8],"258":[1,7],"259":[1,6],"260":[1,5],"261":[6,5],"262":[2,4],"263":[29,272],"264":[301,29,29],"265":[28,1],"266":[2,2],"267":[1,1],"268":[2,2],"269":[3,1],"270":[1,8],"271":[1,7],"272":[8,7],"273":[1,6],"274":[1,5],"275":[1,4],"276":[5,4],"277":[1,3],"278":[5,295],"279":[300,300],"280":[2,3],"281":[3,0],"282":[1,7],"283":[1,6],"284":[7,6],"285":[1,5],"286":[1,4],"287":[5,4],"288":[1,3],"289":[13,197],"290":[210,210],"291":[11,2],"292":[3,0],"293":[1,1],"294":[2,1]},"_coverageSchema":"43e27e138ebf9cfc5966b082cf9a028302ed4184","hash":"3d49d60f924aaf51bfa69115741cdc9d806d0348","contentHash":"36e97b281ee9c7efd7f216a4b55ca3f9ae23e9ce3334eef755157fcb8b30a24c"}}